Unity Editor version:    2021.3.14f1 (eee1884e7226)
Branch:                  2021.3/staging
Build type:              Release
Batch mode:              YES
System name:             Linux
Distro version:          #32~22.04.1-Ubuntu SMP PREEMPT_DYNAMIC Fri Aug 18 10:40:13 UTC 2
Kernel version:          6.2.0-32-generic
Architecture:            x86_64
Available memory:        15643 MB
Using pre-set license
Pro License: YES

(Unity:7599): Gdk-CRITICAL **: 13:34:00.980: gdk_window_get_cursor: assertion 'GDK_IS_WINDOW (window)' failed
Desktop is 1920 x 1080 @ 60 Hz
Initialize udev device monitor.

COMMAND LINE ARGUMENTS:
Unity
-adb2
-batchMode
-noUpm
-name
AssetImportWorker1
-projectPath
/home/carei/Unity/!GitHub/Ultimate-Viking-Chess/Ultimate Viking Chess
-logFile
Logs/AssetImportWorker1.log
-srvPort
45975
Successfully changed project path to: /home/carei/Unity/!GitHub/Ultimate-Viking-Chess/Ultimate Viking Chess
/home/carei/Unity/!GitHub/Ultimate-Viking-Chess/Ultimate Viking Chess
[UnityMemory] Configuration Parameters - Can be set up in boot.config
    "memorysetup-bucket-allocator-granularity=16"
    "memorysetup-bucket-allocator-bucket-count=8"
    "memorysetup-bucket-allocator-block-size=33554432"
    "memorysetup-bucket-allocator-block-count=8"
    "memorysetup-main-allocator-block-size=16777216"
    "memorysetup-thread-allocator-block-size=16777216"
    "memorysetup-gfx-main-allocator-block-size=16777216"
    "memorysetup-gfx-thread-allocator-block-size=16777216"
    "memorysetup-cache-allocator-block-size=4194304"
    "memorysetup-typetree-allocator-block-size=2097152"
    "memorysetup-profiler-bucket-allocator-granularity=16"
    "memorysetup-profiler-bucket-allocator-bucket-count=8"
    "memorysetup-profiler-bucket-allocator-block-size=33554432"
    "memorysetup-profiler-bucket-allocator-block-count=8"
    "memorysetup-profiler-allocator-block-size=16777216"
    "memorysetup-profiler-editor-allocator-block-size=1048576"
    "memorysetup-temp-allocator-size-main=16777216"
    "memorysetup-job-temp-allocator-block-size=2097152"
    "memorysetup-job-temp-allocator-block-size-background=1048576"
    "memorysetup-job-temp-allocator-reduction-small-platforms=262144"
    "memorysetup-temp-allocator-size-background-worker=32768"
    "memorysetup-temp-allocator-size-job-worker=262144"
    "memorysetup-temp-allocator-size-preload-manager=33554432"
    "memorysetup-temp-allocator-size-nav-mesh-worker=65536"
    "memorysetup-temp-allocator-size-audio-worker=65536"
    "memorysetup-temp-allocator-size-cloud-worker=32768"
    "memorysetup-temp-allocator-size-gi-baking-worker=262144"
    "memorysetup-temp-allocator-size-gfx=262144"
Refreshing native plugins compatible for Editor in 124.27 ms, found 0 plugins.
Preloading 0 native plugins for Editor in 0.00 ms.
Initialize engine version: 2021.3.14f1 (eee1884e7226)
[Subsystems] Discovering subsystems at path /home/carei/Unity/Hub/Editor/2021.3.14f1/Editor/Data/Resources/UnitySubsystems
[Subsystems] Discovering subsystems at path /home/carei/Unity/!GitHub/Ultimate-Viking-Chess/Ultimate Viking Chess/Assets
GLX Extensions: GLX_ARB_context_flush_control GLX_ARB_create_context GLX_ARB_create_context_no_error GLX_ARB_create_context_profile GLX_ARB_create_context_robustness GLX_ARB_fbconfig_float GLX_ARB_framebuffer_sRGB GLX_ARB_get_proc_address GLX_ARB_multisample GLX_EXT_buffer_age GLX_EXT_create_context_es2_profile GLX_EXT_create_context_es_profile GLX_EXT_fbconfig_packed_float GLX_EXT_framebuffer_sRGB GLX_EXT_no_config_context GLX_EXT_swap_control GLX_EXT_swap_control_tear GLX_EXT_texture_from_pixmap GLX_EXT_visual_info GLX_EXT_visual_rating GLX_MESA_copy_sub_buffer GLX_MESA_query_renderer GLX_MESA_swap_control GLX_OML_swap_method GLX_OML_sync_control GLX_SGIS_multisample GLX_SGIX_fbconfig GLX_SGIX_pbuffer GLX_SGIX_visual_select_group GLX_SGI_make_current_read GLX_SGI_video_sync 
Renderer: Mesa Intel(R) UHD Graphics (CML GT2)
Vendor:   Intel
Version:  4.6 (Core Profile) Mesa 23.0.4-0ubuntu1~22.04.1
GLES:     0
 GL_3DFX_texture_compression_FXT1 GL_AMD_conservative_depth GL_AMD_depth_clamp_separate GL_AMD_draw_buffers_blend GL_AMD_gpu_shader_int64 GL_AMD_multi_draw_indirect GL_AMD_performance_monitor GL_AMD_pinned_memory GL_AMD_query_buffer_object GL_AMD_seamless_cubemap_per_texture GL_AMD_shader_stencil_export GL_AMD_shader_trinary_minmax GL_AMD_texture_texture4 GL_AMD_vertex_shader_layer GL_AMD_vertex_shader_viewport_index GL_ANGLE_texture_compression_dxt3 GL_ANGLE_texture_compression_dxt5 GL_ARB_ES2_compatibility GL_ARB_ES3_1_compatibility GL_ARB_ES3_2_compatibility GL_ARB_ES3_compatibility GL_ARB_arrays_of_arrays GL_ARB_base_instance GL_ARB_blend_func_extended GL_ARB_buffer_storage GL_ARB_clear_buffer_object GL_ARB_clear_texture GL_ARB_clip_control GL_ARB_compressed_texture_pixel_storage GL_ARB_compute_shader GL_ARB_compute_variable_group_size GL_ARB_conditional_render_inverted GL_ARB_conservative_depth GL_ARB_copy_buffer GL_ARB_copy_image GL_ARB_cull_distance GL_ARB_debug_output GL_ARB_depth_buffer_float GL_ARB
_depth_clamp GL_ARB_derivative_control GL_ARB_direct_state_access GL_ARB_draw_buffers GL_ARB_draw_buffers_blend GL_ARB_draw_elements_base_vertex GL_ARB_draw_indirect GL_ARB_draw_instanced GL_ARB_enhanced_layouts GL_ARB_explicit_attrib_location GL_ARB_explicit_uniform_location GL_ARB_fragment_coord_conventions GL_ARB_fragment_layer_viewport GL_ARB_fragment_shader GL_ARB_fragment_shader_interlock GL_ARB_framebuffer_no_attachments GL_ARB_framebuffer_object GL_ARB_framebuffer_sRGB GL_ARB_get_program_binary GL_ARB_get_texture_sub_image GL_ARB_gl_spirv GL_ARB_gpu_shader5 GL_ARB_gpu_shader_fp64 GL_ARB_gpu_shader_int64 GL_ARB_half_float_pixel GL_ARB_half_float_vertex GL_ARB_indirect_parameters GL_ARB_instanced_arrays GL_ARB_internalformat_query GL_ARB_internalformat_query2 GL_ARB_invalidate_subdata GL_ARB_map_buffer_alignment GL_ARB_map_buffer_range GL_ARB_multi_bind GL_ARB_multi_draw_indirect GL_ARB_occlusion_query2 GL_ARB_parallel_shader_compile GL_ARB_pipeline_statistics_query GL_ARB_pixel_buffer_object GL_ARB_po
int_sprite GL_ARB_polygon_offset_clamp GL_ARB_post_depth_coverage GL_ARB_program_interface_query GL_ARB_provoking_vertex GL_ARB_query_buffer_object GL_ARB_robust_buffer_access_behavior GL_ARB_robustness GL_ARB_sample_shading GL_ARB_sampler_objects GL_ARB_seamless_cube_map GL_ARB_seamless_cubemap_per_texture GL_ARB_separate_shader_objects GL_ARB_shader_atomic_counter_ops GL_ARB_shader_atomic_counters GL_ARB_shader_ballot GL_ARB_shader_bit_encoding GL_ARB_shader_clock GL_ARB_shader_draw_parameters GL_ARB_shader_group_vote GL_ARB_shader_image_load_store GL_ARB_shader_image_size GL_ARB_shader_objects GL_ARB_shader_precision GL_ARB_shader_stencil_export GL_ARB_shader_storage_buffer_object GL_ARB_shader_subroutine GL_ARB_shader_texture_image_samples GL_ARB_shader_texture_lod GL_ARB_shader_viewport_layer_array GL_ARB_shading_language_420pack GL_ARB_shading_language_include GL_ARB_shading_language_packing GL_ARB_spirv_extensions GL_ARB_stencil_texturing GL_ARB_sync GL_ARB_tessellation_shader GL_ARB_texture_barrier G
L_ARB_texture_buffer_object GL_ARB_texture_buffer_object_rgb32 GL_ARB_texture_buffer_range GL_ARB_texture_compression_bptc GL_ARB_texture_compression_rgtc GL_ARB_texture_cube_map_array GL_ARB_texture_filter_anisotropic GL_ARB_texture_float GL_ARB_texture_gather GL_ARB_texture_mirror_clamp_to_edge GL_ARB_texture_multisample GL_ARB_texture_non_power_of_two GL_ARB_texture_query_levels GL_ARB_texture_query_lod GL_ARB_texture_rectangle GL_ARB_texture_rg GL_ARB_texture_rgb10_a2ui GL_ARB_texture_stencil8 GL_ARB_texture_storage GL_ARB_texture_storage_multisample GL_ARB_texture_swizzle GL_ARB_texture_view GL_ARB_timer_query GL_ARB_transform_feedback2 GL_ARB_transform_feedback3 GL_ARB_transform_feedback_instanced GL_ARB_transform_feedback_overflow_query GL_ARB_uniform_buffer_object GL_ARB_vertex_array_bgra GL_ARB_vertex_array_object GL_ARB_vertex_attrib_64bit GL_ARB_vertex_attrib_binding GL_ARB_vertex_buffer_object GL_ARB_vertex_shader GL_ARB_vertex_type_10f_11f_11f_rev GL_ARB_vertex_type_2_10_10_10_rev GL_ARB_viewpor
t_array GL_ATI_blend_equation_separate GL_ATI_texture_float GL_EXT_EGL_image_storage GL_EXT_EGL_sync GL_EXT_abgr GL_EXT_blend_equation_separate GL_EXT_debug_label GL_EXT_demote_to_helper_invocation GL_EXT_draw_buffers2 GL_EXT_draw_instanced GL_EXT_framebuffer_blit GL_EXT_framebuffer_multisample GL_EXT_framebuffer_multisample_blit_scaled GL_EXT_framebuffer_object GL_EXT_framebuffer_sRGB GL_EXT_memory_object GL_EXT_memory_object_fd GL_EXT_packed_depth_stencil GL_EXT_packed_float GL_EXT_pixel_buffer_object GL_EXT_polygon_offset_clamp GL_EXT_provoking_vertex GL_EXT_semaphore GL_EXT_semaphore_fd GL_EXT_shader_framebuffer_fetch GL_EXT_shader_framebuffer_fetch_non_coherent GL_EXT_shader_integer_mix GL_EXT_shader_samples_identical GL_EXT_texture_array GL_EXT_texture_compression_dxt1 GL_EXT_texture_compression_rgtc GL_EXT_texture_compression_s3tc GL_EXT_texture_filter_anisotropic GL_EXT_texture_integer GL_EXT_texture_sRGB GL_EXT_texture_sRGB_R8 GL_EXT_texture_sRGB_decode GL_EXT_texture_shadow_lod GL_EXT_texture_share
d_exponent GL_EXT_texture_snorm GL_EXT_texture_swizzle GL_EXT_timer_query GL_EXT_transform_feedback GL_EXT_vertex_array_bgra GL_EXT_vertex_attrib_64bit GL_IBM_multimode_draw_arrays GL_INTEL_blackhole_render GL_INTEL_conservative_rasterization GL_INTEL_performance_query GL_INTEL_shader_atomic_float_minmax GL_INTEL_shader_integer_functions2 GL_KHR_blend_equation_advanced GL_KHR_blend_equation_advanced_coherent GL_KHR_context_flush_control GL_KHR_debug GL_KHR_no_error GL_KHR_parallel_shader_compile GL_KHR_robust_buffer_access_behavior GL_KHR_robustness GL_KHR_texture_compression_astc_ldr GL_KHR_texture_compression_astc_sliced_3d GL_MESA_framebuffer_flip_y GL_MESA_pack_invert GL_MESA_shader_integer_functions GL_MESA_texture_signed_rgba GL_NV_alpha_to_coverage_dither_control GL_NV_compute_shader_derivatives GL_NV_conditional_render GL_NV_copy_image GL_NV_depth_clamp GL_NV_fragment_shader_interlock GL_NV_packed_depth_stencil GL_NV_texture_barrier GL_OES_EGL_image GL_S3_s3tc
OPENGL LOG: Creating OpenGL 4.6 graphics device ; Context level  <OpenGL 4.5> ; Context handle -259677504
Initialize mono
Mono path[0] = '/home/carei/Unity/Hub/Editor/2021.3.14f1/Editor/Data/Managed'
Mono path[1] = '/home/carei/Unity/Hub/Editor/2021.3.14f1/Editor/Data/MonoBleedingEdge/lib/mono/unityjit-linux'
Mono config path = '/home/carei/Unity/Hub/Editor/2021.3.14f1/Editor/Data/MonoBleedingEdge/etc'
Using monoOptions --debugger-agent=transport=dt_socket,embedding=1,server=y,suspend=n,address=127.0.0.1:56599
Begin MonoManager ReloadAssembly
Registering precompiled unity dll's ...
Register platform support module: /home/carei/Unity/Hub/Editor/2021.3.14f1/Editor/Data/PlaybackEngines/WebGLSupport/UnityEditor.WebGL.Extensions.dll
Register platform support module: /home/carei/Unity/Hub/Editor/2021.3.14f1/Editor/Data/PlaybackEngines/MacStandaloneSupport/UnityEditor.OSXStandalone.Extensions.dll
Register platform support module: /home/carei/Unity/Hub/Editor/2021.3.14f1/Editor/Data/PlaybackEngines/AndroidPlayer/UnityEditor.Android.Extensions.dll
Register platform support module: /home/carei/Unity/Hub/Editor/2021.3.14f1/Editor/Data/PlaybackEngines/WindowsStandaloneSupport/UnityEditor.WindowsStandalone.Extensions.dll
Register platform support module: /home/carei/Unity/Hub/Editor/2021.3.14f1/Editor/Data/PlaybackEngines/LinuxStandaloneSupport/UnityEditor.LinuxStandalone.Extensions.dll
Registered in 0.007509 seconds.
Native extension for LinuxStandalone target not found
Native extension for WindowsStandalone target not found
Native extension for Android target not found
Native extension for OSXStandalone target not found
Native extension for WebGL target not found
Refreshing native plugins compatible for Editor in 116.08 ms, found 0 plugins.
Preloading 0 native plugins for Editor in 0.00 ms.
Mono: successfully reloaded assembly
- Completed reload, in  0.757 seconds
Domain Reload Profiling:
	ReloadAssembly (758ms)
		BeginReloadAssembly (56ms)
			ExecutionOrderSort (0ms)
			DisableScriptedObjects (0ms)
			BackupInstance (0ms)
			ReleaseScriptingObjects (0ms)
			CreateAndSetChildDomain (1ms)
		EndReloadAssembly (575ms)
			LoadAssemblies (56ms)
			RebuildTransferFunctionScriptingTraits (0ms)
			SetupTypeCache (127ms)
			ReleaseScriptCaches (0ms)
			RebuildScriptCaches (37ms)
			SetupLoadedEditorAssemblies (351ms)
				LogAssemblyErrors (0ms)
				InitializePlatformSupportModulesInManaged (70ms)
				SetLoadedEditorAssemblies (0ms)
				RefreshPlugins (116ms)
				BeforeProcessingInitializeOnLoad (1ms)
				ProcessInitializeOnLoadAttributes (111ms)
				ProcessInitializeOnLoadMethodAttributes (52ms)
				AfterProcessingInitializeOnLoad (0ms)
				EditorAssembliesLoaded (0ms)
			ExecutionOrderSort2 (0ms)
			AwakeInstancesAfterBackupRestoration (0ms)
Platform modules already initialized, skipping
Registering precompiled user dll's ...
Registered in 0.003895 seconds.
Begin MonoManager ReloadAssembly
Symbol file LoadedFromMemory doesn't match image /home/carei/Unity/!GitHub/Ultimate-Viking-Chess/Ultimate Viking Chess/Library/PackageCache/com.unity.visualscripting@1.7.8/Editor/VisualScripting.Core/Dependencies/YamlDotNet/Unity.VisualScripting.YamlDotNet.dll
Symbol file LoadedFromMemory doesn't match image /home/carei/Unity/!GitHub/Ultimate-Viking-Chess/Ultimate Viking Chess/Library/PackageCache/com.unity.visualscripting@1.7.8/Editor/VisualScripting.Core/Dependencies/DotNetZip/Unity.VisualScripting.IonicZip.dll
Native extension for LinuxStandalone target not found
Native extension for WindowsStandalone target not found
Native extension for Android target not found
Native extension for OSXStandalone target not found
Native extension for WebGL target not found
Refreshing native plugins compatible for Editor in 0.85 ms, found 0 plugins.
Preloading 0 native plugins for Editor in 0.00 ms.
Mono: successfully reloaded assembly
- Completed reload, in  1.271 seconds
Domain Reload Profiling:
	ReloadAssembly (1272ms)
		BeginReloadAssembly (217ms)
			ExecutionOrderSort (0ms)
			DisableScriptedObjects (7ms)
			BackupInstance (0ms)
			ReleaseScriptingObjects (0ms)
			CreateAndSetChildDomain (136ms)
		EndReloadAssembly (926ms)
			LoadAssemblies (65ms)
			RebuildTransferFunctionScriptingTraits (0ms)
			SetupTypeCache (310ms)
			ReleaseScriptCaches (2ms)
			RebuildScriptCaches (63ms)
			SetupLoadedEditorAssemblies (424ms)
				LogAssemblyErrors (0ms)
				InitializePlatformSupportModulesInManaged (28ms)
				SetLoadedEditorAssemblies (1ms)
				RefreshPlugins (1ms)
				BeforeProcessingInitializeOnLoad (96ms)
				ProcessInitializeOnLoadAttributes (264ms)
				ProcessInitializeOnLoadMethodAttributes (27ms)
				AfterProcessingInitializeOnLoad (7ms)
				EditorAssembliesLoaded (0ms)
			ExecutionOrderSort2 (0ms)
			AwakeInstancesAfterBackupRestoration (4ms)
Platform modules already initialized, skipping
========================================================================
Worker process is ready to serve import requests
Launched and connected shader compiler UnityShaderCompiler after 0.02 seconds
Refreshing native plugins compatible for Editor in 0.78 ms, found 0 plugins.
Preloading 0 native plugins for Editor in 0.00 ms.
Unloading 3459 Unused Serialized files (Serialized files now loaded: 0)
Unloading 27 unused Assets / (75.4 KB). Loaded Objects now: 3921.
Memory consumption went from 118.4 MB to 118.4 MB.
Total: 4.380409 ms (FindLiveObjects: 0.318862 ms CreateObjectMapping: 0.298798 ms MarkObjects: 3.535025 ms  DeleteObjects: 0.226581 ms)

AssetImportParameters requested are different than current active one (requested -> active):
  custom:video-decoder-ogg-theora: a1e56fd34408186e4bbccfd4996cb3dc -> 
  custom:container-muxer-webm: aa71ff27fc2769a1b78a27578f13a17b -> 
  custom:container-demuxer-webm: 4f35f7cbe854078d1ac9338744f61a02 -> 
  custom:video-encoder-webm-vp8: eb34c28f22e8b96e1ab97ce403110664 -> 
  custom:audio-encoder-webm-vorbis: bf7c407c2cedff20999df2af8eb42d56 -> 
  custom:container-demuxer-ogg: 62fdf1f143b41e24485cea50d1cbac27 -> 
  custom:video-decoder-webm-vp8: 9c59270c3fd7afecdb556c50c9e8de78 -> 
  custom:audio-decoder-ogg-vorbis: bf7c407c2cedff20999df2af8eb42d56 -> 
========================================================================
Received Import Request.
  Time since last request: 9174.730004 seconds.
  path: Assets/1Downloads/PolygonVikings/Models/ImportedModels/SM_Wep_Shield_06.fbx
  artifactKey: Guid(09d888cd1d121ed4196e12548db69cf0) Importer(815301076,1909f56bfc062723c751e8b465ee728b)
Start importing Assets/1Downloads/PolygonVikings/Models/ImportedModels/SM_Wep_Shield_06.fbx using Guid(09d888cd1d121ed4196e12548db69cf0) Importer(815301076,1909f56bfc062723c751e8b465ee728b)  -> (artifact id: '1464310c59928d79bcf4179b46443f07') in 0.169955 seconds 
========================================================================
Received Import Request.
  Time since last request: 0.000028 seconds.
  path: Assets/1Downloads/PolygonVikings/Models/Collisions/SM_Wep_Shield_06_Convex.asset
  artifactKey: Guid(40158c0c1dfcb574ba28d69baef62f19) Importer(815301076,1909f56bfc062723c751e8b465ee728b)
Start importing Assets/1Downloads/PolygonVikings/Models/Collisions/SM_Wep_Shield_06_Convex.asset using Guid(40158c0c1dfcb574ba28d69baef62f19) Importer(815301076,1909f56bfc062723c751e8b465ee728b)  -> (artifact id: '00d0a03d9ee8b8353f2881624a87eb03') in 0.013333 seconds 
========================================================================
Received Import Request.
  Time since last request: 0.000024 seconds.
  path: Assets/1Downloads/PolygonVikings/Models/Collisions/SM_Prop_Shield_Decor_01_Convex.asset
  artifactKey: Guid(6ded7caf7319a66439d5bed34fda98d6) Importer(815301076,1909f56bfc062723c751e8b465ee728b)
Start importing Assets/1Downloads/PolygonVikings/Models/Collisions/SM_Prop_Shield_Decor_01_Convex.asset using Guid(6ded7caf7319a66439d5bed34fda98d6) Importer(815301076,1909f56bfc062723c751e8b465ee728b)  -> (artifact id: '61e77cc0a820a66eb92c4a0987f11f49') in 0.016194 seconds 
========================================================================
Received Import Request.
  Time since last request: 0.000033 seconds.
  path: Assets/1Downloads/PolygonVikings/Models/ImportedModels/SM_Wep_Shield_04.fbx
  artifactKey: Guid(45747d75604d6e0439314111b46982c8) Importer(815301076,1909f56bfc062723c751e8b465ee728b)
Start importing Assets/1Downloads/PolygonVikings/Models/ImportedModels/SM_Wep_Shield_04.fbx using Guid(45747d75604d6e0439314111b46982c8) Importer(815301076,1909f56bfc062723c751e8b465ee728b)  -> (artifact id: '5c6282c203195ac9bf98511629cc805c') in 0.023559 seconds 
========================================================================
Received Import Request.
  Time since last request: 0.000063 seconds.
  path: Assets/1Downloads/PolygonVikings/Prefabs/Snow_Variant/SM_Prop_Shield_Decor_01_Snow.prefab
  artifactKey: Guid(837bce8248795a748839021d959b8da6) Importer(815301076,1909f56bfc062723c751e8b465ee728b)
Start importing Assets/1Downloads/PolygonVikings/Prefabs/Snow_Variant/SM_Prop_Shield_Decor_01_Snow.prefab using Guid(837bce8248795a748839021d959b8da6) Importer(815301076,1909f56bfc062723c751e8b465ee728b)  -> (artifact id: 'd33dea0afd12048259374bcd6a214351') in 0.019159 seconds 
========================================================================
Received Import Request.
  Time since last request: 0.000036 seconds.
  path: Assets/TextMesh Pro/Examples & Extras/Resources/Fonts & Materials/Anton SDF - Outline.mat
  artifactKey: Guid(a00013af81304728b2be1f4309ee2433) Importer(815301076,1909f56bfc062723c751e8b465ee728b)
Start importing Assets/TextMesh Pro/Examples & Extras/Resources/Fonts & Materials/Anton SDF - Outline.mat using Guid(a00013af81304728b2be1f4309ee2433) Importer(815301076,1909f56bfc062723c751e8b465ee728b)  -> (artifact id: '16870b4f3c74b95401208d8601349db6') in 0.105601 seconds 
========================================================================
Received Import Request.
  Time since last request: 0.000021 seconds.
  path: Assets/1Downloads/PolygonVikings/Models/ImportedModels/SM_Wep_Shield_03.fbx
  artifactKey: Guid(3d2c3e62cf6235b46addb96a9aa0e5dc) Importer(815301076,1909f56bfc062723c751e8b465ee728b)
Start importing Assets/1Downloads/PolygonVikings/Models/ImportedModels/SM_Wep_Shield_03.fbx using Guid(3d2c3e62cf6235b46addb96a9aa0e5dc) Importer(815301076,1909f56bfc062723c751e8b465ee728b)  -> (artifact id: '6d052dbb09b5cf7f4986f28c170451e3') in 0.027197 seconds 
========================================================================
Received Import Request.
  Time since last request: 0.000022 seconds.
  path: Assets/1Downloads/PolygonVikings/Models/Collisions/SM_Wep_Shield_03_Convex.asset
  artifactKey: Guid(523a0b52a7d500a46a3925aff3621a14) Importer(815301076,1909f56bfc062723c751e8b465ee728b)
Start importing Assets/1Downloads/PolygonVikings/Models/Collisions/SM_Wep_Shield_03_Convex.asset using Guid(523a0b52a7d500a46a3925aff3621a14) Importer(815301076,1909f56bfc062723c751e8b465ee728b)  -> (artifact id: '65223e18b64794f8b3e53533589a55b1') in 0.014612 seconds 
========================================================================
Received Import Request.
  Time since last request: 0.000031 seconds.
  path: Assets/1Downloads/PolygonVikings/Models/ImportedModels/SM_Wep_Shield_08.fbx
  artifactKey: Guid(115c14f52bbec6d44a43edf2829d8002) Importer(815301076,1909f56bfc062723c751e8b465ee728b)
Start importing Assets/1Downloads/PolygonVikings/Models/ImportedModels/SM_Wep_Shield_08.fbx using Guid(115c14f52bbec6d44a43edf2829d8002) Importer(815301076,1909f56bfc062723c751e8b465ee728b)  -> (artifact id: 'ac4124231a8ce977a1a6d7deed4b652b') in 0.023001 seconds 
========================================================================
Received Import Request.
  Time since last request: 0.000020 seconds.
  path: Assets/1Downloads/PolygonVikings/Prefabs/Characters/Character_Shieldmadien_White.prefab
  artifactKey: Guid(f1935b8868aef41499f30ff190ab7e82) Importer(815301076,1909f56bfc062723c751e8b465ee728b)
Start importing Assets/1Downloads/PolygonVikings/Prefabs/Characters/Character_Shieldmadien_White.prefab using Guid(f1935b8868aef41499f30ff190ab7e82) Importer(815301076,1909f56bfc062723c751e8b465ee728b)  -> (artifact id: '0da4aef17eddd7bcfb0953584f69e0bd') in 0.024979 seconds 
========================================================================
Received Import Request.
  Time since last request: 0.000024 seconds.
  path: Assets/1Downloads/PolygonVikings/Models/Collisions/SM_Prop_Shield_Decor_02_Convex.asset
  artifactKey: Guid(b99ce61ea4ec2a94ca4aa7515847abe0) Importer(815301076,1909f56bfc062723c751e8b465ee728b)
Start importing Assets/1Downloads/PolygonVikings/Models/Collisions/SM_Prop_Shield_Decor_02_Convex.asset using Guid(b99ce61ea4ec2a94ca4aa7515847abe0) Importer(815301076,1909f56bfc062723c751e8b465ee728b)  -> (artifact id: 'a19506c36d688d078128258f9d1ebf0f') in 0.016208 seconds 
========================================================================
Received Import Request.
  Time since last request: 0.000026 seconds.
  path: Assets/1Downloads/PolygonVikings/Models/Collisions/SM_Prop_Shield_Decor_01_Snow_Convex.asset
  artifactKey: Guid(3d7f06a0b2ac2a046bc29f7f361b0594) Importer(815301076,1909f56bfc062723c751e8b465ee728b)
Start importing Assets/1Downloads/PolygonVikings/Models/Collisions/SM_Prop_Shield_Decor_01_Snow_Convex.asset using Guid(3d7f06a0b2ac2a046bc29f7f361b0594) Importer(815301076,1909f56bfc062723c751e8b465ee728b)  -> (artifact id: '61fcaa0348b42d44c57a88160f41401a') in 0.007024 seconds 
========================================================================
Received Import Request.
  Time since last request: 0.000022 seconds.
  path: Assets/1Downloads/PolygonVikings/Prefabs/Weapons/SM_Wep_Shield_02.prefab
  artifactKey: Guid(36fb21e4ed11af6469e9e22ea2193af2) Importer(815301076,1909f56bfc062723c751e8b465ee728b)
Start importing Assets/1Downloads/PolygonVikings/Prefabs/Weapons/SM_Wep_Shield_02.prefab using Guid(36fb21e4ed11af6469e9e22ea2193af2) Importer(815301076,1909f56bfc062723c751e8b465ee728b)  -> (artifact id: '8e17dce28cda09a97f5cf23e82632e0e') in 0.013829 seconds 
========================================================================
Received Import Request.
  Time since last request: 0.000035 seconds.
  path: Assets/1Downloads/PolygonVikings/Models/Collisions/SM_Wep_Shield_07_Convex.asset
  artifactKey: Guid(ce344eca3faa95a4bbaed40caf25fe69) Importer(815301076,1909f56bfc062723c751e8b465ee728b)
Start importing Assets/1Downloads/PolygonVikings/Models/Collisions/SM_Wep_Shield_07_Convex.asset using Guid(ce344eca3faa95a4bbaed40caf25fe69) Importer(815301076,1909f56bfc062723c751e8b465ee728b)  -> (artifact id: '11fe644d905e2ac1823a4dae9cbab175') in 0.006125 seconds 
========================================================================
Received Import Request.
  Time since last request: 0.000028 seconds.
  path: Assets/1Downloads/PolygonVikings/Models/Collisions/SM_Wep_Shield_05_Convex.asset
  artifactKey: Guid(75cd5338635b8534486abe873c1a6285) Importer(815301076,1909f56bfc062723c751e8b465ee728b)
Start importing Assets/1Downloads/PolygonVikings/Models/Collisions/SM_Wep_Shield_05_Convex.asset using Guid(75cd5338635b8534486abe873c1a6285) Importer(815301076,1909f56bfc062723c751e8b465ee728b)  -> (artifact id: 'a75000c43e686a7760f13503c0ea3d17') in 0.011887 seconds 
========================================================================
Received Import Request.
  Time since last request: 0.000030 seconds.
  path: Assets/Pier_house 2/Mat/BackColor.mat
  artifactKey: Guid(10793ec12095d1547a5e07af4cb3767f) Importer(815301076,1909f56bfc062723c751e8b465ee728b)
Start importing Assets/Pier_house 2/Mat/BackColor.mat using Guid(10793ec12095d1547a5e07af4cb3767f) Importer(815301076,1909f56bfc062723c751e8b465ee728b)  -> (artifact id: 'ea44b741b083938051ae260da3801afb') in 0.013483 seconds 
========================================================================
Received Import Request.
  Time since last request: 0.000059 seconds.
  path: Assets/1Downloads/PolygonVikings/Prefabs/Weapons/SM_Wep_Shield_07.prefab
  artifactKey: Guid(e849b6965096ee748bacfa92f3c374f2) Importer(815301076,1909f56bfc062723c751e8b465ee728b)
Start importing Assets/1Downloads/PolygonVikings/Prefabs/Weapons/SM_Wep_Shield_07.prefab using Guid(e849b6965096ee748bacfa92f3c374f2) Importer(815301076,1909f56bfc062723c751e8b465ee728b)  -> (artifact id: '2fbf18069780801c9c1ebafa6e3647a0') in 0.014389 seconds 
========================================================================
Received Import Request.
  Time since last request: 0.000033 seconds.
  path: Assets/TextMesh Pro/Examples & Extras/Resources/Fonts & Materials/Bangers SDF - Outline.mat
  artifactKey: Guid(f629c6e43dba4bf38cb74d8860150664) Importer(815301076,1909f56bfc062723c751e8b465ee728b)
Start importing Assets/TextMesh Pro/Examples & Extras/Resources/Fonts & Materials/Bangers SDF - Outline.mat using Guid(f629c6e43dba4bf38cb74d8860150664) Importer(815301076,1909f56bfc062723c751e8b465ee728b)  -> (artifact id: 'f30f15cc42de6b33951720ee4c4f1d6a') in 0.017837 seconds 
========================================================================
Received Import Request.
  Time since last request: 0.000051 seconds.
  path: Assets/1Downloads/PolygonVikings/Prefabs/Weapons/SM_Wep_Shield_04.prefab
  artifactKey: Guid(2a318da422f040e49a0ee0b81b91a925) Importer(815301076,1909f56bfc062723c751e8b465ee728b)
Start importing Assets/1Downloads/PolygonVikings/Prefabs/Weapons/SM_Wep_Shield_04.prefab using Guid(2a318da422f040e49a0ee0b81b91a925) Importer(815301076,1909f56bfc062723c751e8b465ee728b)  -> (artifact id: 'f491ca39a61c6ec227a6569a6a94bb80') in 0.017963 seconds 
========================================================================
Received Import Request.
  Time since last request: 0.000031 seconds.
  path: Assets/1Downloads/PolygonVikings/Prefabs/Weapons/SM_Wep_Shield_01.prefab
  artifactKey: Guid(ef9650b0e51f5554499bef84286e0064) Importer(815301076,1909f56bfc062723c751e8b465ee728b)
Start importing Assets/1Downloads/PolygonVikings/Prefabs/Weapons/SM_Wep_Shield_01.prefab using Guid(ef9650b0e51f5554499bef84286e0064) Importer(815301076,1909f56bfc062723c751e8b465ee728b)  -> (artifact id: '6435ccb6fa1d6ef15995bdfb11d7f042') in 0.012014 seconds 
========================================================================
Received Import Request.
  Time since last request: 0.000042 seconds.
  path: Assets/1Downloads/PolygonVikings/Models/ImportedModels/SM_Prop_Shield_Decor_03.fbx
  artifactKey: Guid(31ed5e26545bdf14b8a3220a19e5d1a5) Importer(815301076,1909f56bfc062723c751e8b465ee728b)
Start importing Assets/1Downloads/PolygonVikings/Models/ImportedModels/SM_Prop_Shield_Decor_03.fbx using Guid(31ed5e26545bdf14b8a3220a19e5d1a5) Importer(815301076,1909f56bfc062723c751e8b465ee728b)  -> (artifact id: '7c876cd5a4fd2329631c3211aefb366b') in 0.016310 seconds 
========================================================================
Received Import Request.
  Time since last request: 0.000025 seconds.
  path: Assets/TextMesh Pro/Examples & Extras/Resources/Fonts & Materials/Bangers SDF - Drop Shadow.mat
  artifactKey: Guid(f2dcf029949142e28b974630369c8b4e) Importer(815301076,1909f56bfc062723c751e8b465ee728b)
Start importing Assets/TextMesh Pro/Examples & Extras/Resources/Fonts & Materials/Bangers SDF - Drop Shadow.mat using Guid(f2dcf029949142e28b974630369c8b4e) Importer(815301076,1909f56bfc062723c751e8b465ee728b)  -> (artifact id: 'b853aa5dc856562487c9fc27bbeca81b') in 0.014532 seconds 
========================================================================
Received Import Request.
  Time since last request: 0.000035 seconds.
  path: Assets/1Downloads/PolygonVikings/Models/ImportedModels/SM_Prop_Shield_Decor_02.fbx
  artifactKey: Guid(ea1ff52912c8eae4c9f5cfe109cac519) Importer(815301076,1909f56bfc062723c751e8b465ee728b)
Start importing Assets/1Downloads/PolygonVikings/Models/ImportedModels/SM_Prop_Shield_Decor_02.fbx using Guid(ea1ff52912c8eae4c9f5cfe109cac519) Importer(815301076,1909f56bfc062723c751e8b465ee728b)  -> (artifact id: '960f97518851d08f57cffa6af1c457d0') in 0.022087 seconds 
========================================================================
Received Import Request.
  Time since last request: 0.000020 seconds.
  path: Assets/1Downloads/PolygonVikings/Models/ImportedModels/SM_Wep_Shield_01.fbx
  artifactKey: Guid(5b9a7b9b981d46f4098909de38fa14c9) Importer(815301076,1909f56bfc062723c751e8b465ee728b)
Start importing Assets/1Downloads/PolygonVikings/Models/ImportedModels/SM_Wep_Shield_01.fbx using Guid(5b9a7b9b981d46f4098909de38fa14c9) Importer(815301076,1909f56bfc062723c751e8b465ee728b)  -> (artifact id: '9d27ae01e879381e1888b0b778bc4d39') in 0.024097 seconds 
========================================================================
Received Import Request.
  Time since last request: 0.000016 seconds.
  path: Assets/1Downloads/PolygonVikings/Models/Collisions/SM_Prop_Shield_Decor_04_Convex.asset
  artifactKey: Guid(efbb1c68fc13e5a44a06c4e2ddf39868) Importer(815301076,1909f56bfc062723c751e8b465ee728b)
Start importing Assets/1Downloads/PolygonVikings/Models/Collisions/SM_Prop_Shield_Decor_04_Convex.asset using Guid(efbb1c68fc13e5a44a06c4e2ddf39868) Importer(815301076,1909f56bfc062723c751e8b465ee728b)  -> (artifact id: '718fe4d8f8a1b45de24f955aea0caff7') in 0.006057 seconds 
========================================================================
Received Import Request.
  Time since last request: 0.000017 seconds.
  path: Assets/1Downloads/PolygonVikings/Prefabs/Weapons/SM_Wep_Shield_03.prefab
  artifactKey: Guid(1481a4c534cf46c49880a8b627e0f6b0) Importer(815301076,1909f56bfc062723c751e8b465ee728b)
Start importing Assets/1Downloads/PolygonVikings/Prefabs/Weapons/SM_Wep_Shield_03.prefab using Guid(1481a4c534cf46c49880a8b627e0f6b0) Importer(815301076,1909f56bfc062723c751e8b465ee728b)  -> (artifact id: '6020d88fb68b3af9ea5dbb8de1fb1f49') in 0.018543 seconds 
========================================================================
Received Import Request.
  Time since last request: 0.000027 seconds.
  path: Assets/1Downloads/PolygonVikings/Prefabs/Weapons/SM_Wep_Shield_08.prefab
  artifactKey: Guid(43551f67c7fb26540b58de3f336c2908) Importer(815301076,1909f56bfc062723c751e8b465ee728b)
Start importing Assets/1Downloads/PolygonVikings/Prefabs/Weapons/SM_Wep_Shield_08.prefab using Guid(43551f67c7fb26540b58de3f336c2908) Importer(815301076,1909f56bfc062723c751e8b465ee728b)  -> (artifact id: 'a3cdd1b384c1f6584ffaac171362bed9') in 0.015465 seconds 
========================================================================
Received Import Request.
  Time since last request: 0.000049 seconds.
  path: Assets/1Downloads/PolygonVikings/Prefabs/Characters/Character_Shieldmadien_Black.prefab
  artifactKey: Guid(2729a1c5ff6386c49850ac51fba60386) Importer(815301076,1909f56bfc062723c751e8b465ee728b)
Start importing Assets/1Downloads/PolygonVikings/Prefabs/Characters/Character_Shieldmadien_Black.prefab using Guid(2729a1c5ff6386c49850ac51fba60386) Importer(815301076,1909f56bfc062723c751e8b465ee728b)  -> (artifact id: 'e6bc53b84c49126ab31de19ccc4ebba5') in 0.018185 seconds 
========================================================================
Received Import Request.
  Time since last request: 0.000023 seconds.
  path: Assets/1Downloads/PolygonVikings/Models/ImportedModels/Snow/SM_Prop_Shield_Decor_01_Snow.fbx
  artifactKey: Guid(5a821c543023ca648852edc5675da476) Importer(815301076,1909f56bfc062723c751e8b465ee728b)
Start importing Assets/1Downloads/PolygonVikings/Models/ImportedModels/Snow/SM_Prop_Shield_Decor_01_Snow.fbx using Guid(5a821c543023ca648852edc5675da476) Importer(815301076,1909f56bfc062723c751e8b465ee728b)  -> (artifact id: '7cdec4f2a1d0e0d9bfcdd1d0e8e9ccf9') in 0.015165 seconds 
========================================================================
Received Import Request.
  Time since last request: 0.000022 seconds.
  path: Assets/TextMesh Pro/Examples & Extras/Resources/Fonts & Materials/Bangers SDF Logo.mat
  artifactKey: Guid(f4e195ac1e204eff960149d1cb34e18c) Importer(815301076,1909f56bfc062723c751e8b465ee728b)
Start importing Assets/TextMesh Pro/Examples & Extras/Resources/Fonts & Materials/Bangers SDF Logo.mat using Guid(f4e195ac1e204eff960149d1cb34e18c) Importer(815301076,1909f56bfc062723c751e8b465ee728b)  -> (artifact id: 'bfcf95b68b059a9f8a0e3269fbb4b943') in 0.558613 seconds 
========================================================================
Received Import Request.
  Time since last request: 93.073894 seconds.
  path: Assets/1Downloads/PolygonVikings/Models/ImportedModels/SM_Wep_Axe_01.fbx
  artifactKey: Guid(4825db49637987d45a1517871eb05c7e) Importer(815301076,1909f56bfc062723c751e8b465ee728b)
Start importing Assets/1Downloads/PolygonVikings/Models/ImportedModels/SM_Wep_Axe_01.fbx using Guid(4825db49637987d45a1517871eb05c7e) Importer(815301076,1909f56bfc062723c751e8b465ee728b)  -> (artifact id: 'f51dd5ed9073d6c4bfd67f32828b73d7') in 0.032197 seconds 
========================================================================
Received Import Request.
  Time since last request: 0.000041 seconds.
  path: Assets/1Downloads/PolygonVikings/Models/Collisions/SM_Wep_Axe_02_Convex.asset
  artifactKey: Guid(38c4d9fc0e1f68f4c8d7b32248ab1cd5) Importer(815301076,1909f56bfc062723c751e8b465ee728b)
Start importing Assets/1Downloads/PolygonVikings/Models/Collisions/SM_Wep_Axe_02_Convex.asset using Guid(38c4d9fc0e1f68f4c8d7b32248ab1cd5) Importer(815301076,1909f56bfc062723c751e8b465ee728b)  -> (artifact id: 'd034b3ab6a76577ec16e10959cbf1c3d') in 0.012452 seconds 
========================================================================
Received Import Request.
  Time since last request: 0.000027 seconds.
  path: Assets/1Downloads/PolygonVikings/Models/ImportedModels/SM_Wep_Axe_02.fbx
  artifactKey: Guid(52bc45a87f6706a4880e8151329e600e) Importer(815301076,1909f56bfc062723c751e8b465ee728b)
Start importing Assets/1Downloads/PolygonVikings/Models/ImportedModels/SM_Wep_Axe_02.fbx using Guid(52bc45a87f6706a4880e8151329e600e) Importer(815301076,1909f56bfc062723c751e8b465ee728b)  -> (artifact id: '4e8442af0d6f3e39fd187bc4fab164d3') in 0.024618 seconds 
========================================================================
Received Import Request.
  Time since last request: 0.000029 seconds.
  path: Assets/1Downloads/PolygonVikings/Models/Collisions/SM_Wep_Axe_01_Convex 1.asset
  artifactKey: Guid(15cd5e2697bc59e4090fff982ebf2a8e) Importer(815301076,1909f56bfc062723c751e8b465ee728b)
Start importing Assets/1Downloads/PolygonVikings/Models/Collisions/SM_Wep_Axe_01_Convex 1.asset using Guid(15cd5e2697bc59e4090fff982ebf2a8e) Importer(815301076,1909f56bfc062723c751e8b465ee728b)  -> (artifact id: '91fdf94e5277076494ab59b4eee2dcf9') in 0.020509 seconds 
========================================================================
Received Import Request.
  Time since last request: 0.000027 seconds.
  path: Assets/1Downloads/PolygonVikings/Prefabs/Weapons/SM_Wep_LargeAxe_01.prefab
  artifactKey: Guid(0a12d018fbdf2144f8b2d255ad102fa4) Importer(815301076,1909f56bfc062723c751e8b465ee728b)
Start importing Assets/1Downloads/PolygonVikings/Prefabs/Weapons/SM_Wep_LargeAxe_01.prefab using Guid(0a12d018fbdf2144f8b2d255ad102fa4) Importer(815301076,1909f56bfc062723c751e8b465ee728b)  -> (artifact id: 'e25659c5a36a737ec5191e29e49ae7dc') in 0.011945 seconds 
========================================================================
Received Import Request.
  Time since last request: 0.000039 seconds.
  path: Assets/1Downloads/PolygonVikings/Prefabs/Weapons/SM_Wep_Pickaxe_01.prefab
  artifactKey: Guid(42d7ee5c11e09824fb98a4babce5d1a5) Importer(815301076,1909f56bfc062723c751e8b465ee728b)
Start importing Assets/1Downloads/PolygonVikings/Prefabs/Weapons/SM_Wep_Pickaxe_01.prefab using Guid(42d7ee5c11e09824fb98a4babce5d1a5) Importer(815301076,1909f56bfc062723c751e8b465ee728b)  -> (artifact id: '9f5d4cf7f14f8b4e35b0f28c3e2e491e') in 0.014236 seconds 
========================================================================
Received Import Request.
  Time since last request: 0.000047 seconds.
  path: Assets/1Downloads/PolygonVikings/Models/Collisions/SM_Wep_LargeAxe_01_Convex.asset
  artifactKey: Guid(e1361ce647996654fa376b91e58b3117) Importer(815301076,1909f56bfc062723c751e8b465ee728b)
Start importing Assets/1Downloads/PolygonVikings/Models/Collisions/SM_Wep_LargeAxe_01_Convex.asset using Guid(e1361ce647996654fa376b91e58b3117) Importer(815301076,1909f56bfc062723c751e8b465ee728b)  -> (artifact id: 'ec665b6a21132809b7ab644e9192ebd0') in 0.012363 seconds 
========================================================================
Received Prepare
Registering precompiled user dll's ...
Registered in 0.003589 seconds.
Begin MonoManager ReloadAssembly
Symbol file LoadedFromMemory doesn't match image /home/carei/Unity/!GitHub/Ultimate-Viking-Chess/Ultimate Viking Chess/Library/PackageCache/com.unity.visualscripting@1.7.8/Editor/VisualScripting.Core/Dependencies/YamlDotNet/Unity.VisualScripting.YamlDotNet.dll
Symbol file LoadedFromMemory doesn't match image /home/carei/Unity/!GitHub/Ultimate-Viking-Chess/Ultimate Viking Chess/Library/PackageCache/com.unity.visualscripting@1.7.8/Editor/VisualScripting.Core/Dependencies/DotNetZip/Unity.VisualScripting.IonicZip.dll
Native extension for LinuxStandalone target not found
Native extension for WindowsStandalone target not found
Native extension for Android target not found
Native extension for OSXStandalone target not found
Native extension for WebGL target not found
Refreshing native plugins compatible for Editor in 0.96 ms, found 0 plugins.
Preloading 0 native plugins for Editor in 0.00 ms.
Mono: successfully reloaded assembly
- Completed reload, in  1.422 seconds
Domain Reload Profiling:
	ReloadAssembly (1423ms)
		BeginReloadAssembly (137ms)
			ExecutionOrderSort (0ms)
			DisableScriptedObjects (7ms)
			BackupInstance (0ms)
			ReleaseScriptingObjects (0ms)
			CreateAndSetChildDomain (54ms)
		EndReloadAssembly (1173ms)
			LoadAssemblies (63ms)
			RebuildTransferFunctionScriptingTraits (0ms)
			SetupTypeCache (401ms)
			ReleaseScriptCaches (2ms)
			RebuildScriptCaches (90ms)
			SetupLoadedEditorAssemblies (504ms)
				LogAssemblyErrors (0ms)
				InitializePlatformSupportModulesInManaged (49ms)
				SetLoadedEditorAssemblies (1ms)
				RefreshPlugins (1ms)
				BeforeProcessingInitializeOnLoad (89ms)
				ProcessInitializeOnLoadAttributes (320ms)
				ProcessInitializeOnLoadMethodAttributes (35ms)
				AfterProcessingInitializeOnLoad (9ms)
				EditorAssembliesLoaded (0ms)
			ExecutionOrderSort2 (0ms)
			AwakeInstancesAfterBackupRestoration (5ms)
Platform modules already initialized, skipping
Refreshing native plugins compatible for Editor in 1.95 ms, found 0 plugins.
Preloading 0 native plugins for Editor in 0.00 ms.
Unloading 3441 Unused Serialized files (Serialized files now loaded: 0)
Unloading 20 unused Assets / (58.4 KB). Loaded Objects now: 3969.
Memory consumption went from 119.6 MB to 119.5 MB.
Total: 4.593137 ms (FindLiveObjects: 0.326002 ms CreateObjectMapping: 0.198989 ms MarkObjects: 3.953109 ms  DeleteObjects: 0.112632 ms)

AssetImportParameters requested are different than current active one (requested -> active):
  custom:video-decoder-ogg-theora: a1e56fd34408186e4bbccfd4996cb3dc -> 
  custom:container-muxer-webm: aa71ff27fc2769a1b78a27578f13a17b -> 
  custom:container-demuxer-webm: 4f35f7cbe854078d1ac9338744f61a02 -> 
  custom:video-encoder-webm-vp8: eb34c28f22e8b96e1ab97ce403110664 -> 
  custom:audio-encoder-webm-vorbis: bf7c407c2cedff20999df2af8eb42d56 -> 
  custom:container-demuxer-ogg: 62fdf1f143b41e24485cea50d1cbac27 -> 
  custom:video-decoder-webm-vp8: 9c59270c3fd7afecdb556c50c9e8de78 -> 
  custom:audio-decoder-ogg-vorbis: bf7c407c2cedff20999df2af8eb42d56 -> 
========================================================================
Received Prepare
Registering precompiled user dll's ...
Registered in 0.003674 seconds.
Begin MonoManager ReloadAssembly
Symbol file LoadedFromMemory doesn't match image /home/carei/Unity/!GitHub/Ultimate-Viking-Chess/Ultimate Viking Chess/Library/PackageCache/com.unity.visualscripting@1.7.8/Editor/VisualScripting.Core/Dependencies/YamlDotNet/Unity.VisualScripting.YamlDotNet.dll
Symbol file LoadedFromMemory doesn't match image /home/carei/Unity/!GitHub/Ultimate-Viking-Chess/Ultimate Viking Chess/Library/PackageCache/com.unity.visualscripting@1.7.8/Editor/VisualScripting.Core/Dependencies/DotNetZip/Unity.VisualScripting.IonicZip.dll
Native extension for LinuxStandalone target not found
Native extension for WindowsStandalone target not found
Native extension for Android target not found
Native extension for OSXStandalone target not found
Native extension for WebGL target not found
Refreshing native plugins compatible for Editor in 0.81 ms, found 0 plugins.
Preloading 0 native plugins for Editor in 0.00 ms.
Mono: successfully reloaded assembly
- Completed reload, in  1.438 seconds
Domain Reload Profiling:
	ReloadAssembly (1439ms)
		BeginReloadAssembly (131ms)
			ExecutionOrderSort (0ms)
			DisableScriptedObjects (6ms)
			BackupInstance (0ms)
			ReleaseScriptingObjects (0ms)
			CreateAndSetChildDomain (46ms)
		EndReloadAssembly (1196ms)
			LoadAssemblies (58ms)
			RebuildTransferFunctionScriptingTraits (0ms)
			SetupTypeCache (376ms)
			ReleaseScriptCaches (1ms)
			RebuildScriptCaches (67ms)
			SetupLoadedEditorAssemblies (564ms)
				LogAssemblyErrors (0ms)
				InitializePlatformSupportModulesInManaged (46ms)
				SetLoadedEditorAssemblies (1ms)
				RefreshPlugins (1ms)
				BeforeProcessingInitializeOnLoad (86ms)
				ProcessInitializeOnLoadAttributes (371ms)
				ProcessInitializeOnLoadMethodAttributes (48ms)
				AfterProcessingInitializeOnLoad (10ms)
				EditorAssembliesLoaded (0ms)
			ExecutionOrderSort2 (0ms)
			AwakeInstancesAfterBackupRestoration (9ms)
Platform modules already initialized, skipping
Refreshing native plugins compatible for Editor in 2.12 ms, found 0 plugins.
Preloading 0 native plugins for Editor in 0.00 ms.
Unloading 3441 Unused Serialized files (Serialized files now loaded: 0)
Unloading 20 unused Assets / (58.5 KB). Loaded Objects now: 3972.
Memory consumption went from 119.6 MB to 119.5 MB.
Total: 6.697742 ms (FindLiveObjects: 0.296470 ms CreateObjectMapping: 0.652279 ms MarkObjects: 5.624019 ms  DeleteObjects: 0.122077 ms)

AssetImportParameters requested are different than current active one (requested -> active):
  custom:video-decoder-ogg-theora: a1e56fd34408186e4bbccfd4996cb3dc -> 
  custom:container-muxer-webm: aa71ff27fc2769a1b78a27578f13a17b -> 
  custom:container-demuxer-webm: 4f35f7cbe854078d1ac9338744f61a02 -> 
  custom:video-encoder-webm-vp8: eb34c28f22e8b96e1ab97ce403110664 -> 
  custom:audio-encoder-webm-vorbis: bf7c407c2cedff20999df2af8eb42d56 -> 
  custom:container-demuxer-ogg: 62fdf1f143b41e24485cea50d1cbac27 -> 
  custom:video-decoder-webm-vp8: 9c59270c3fd7afecdb556c50c9e8de78 -> 
  custom:audio-decoder-ogg-vorbis: bf7c407c2cedff20999df2af8eb42d56 -> 
========================================================================
Received Prepare
Registering precompiled user dll's ...
Registered in 0.003576 seconds.
Begin MonoManager ReloadAssembly
Symbol file LoadedFromMemory doesn't match image /home/carei/Unity/!GitHub/Ultimate-Viking-Chess/Ultimate Viking Chess/Library/PackageCache/com.unity.visualscripting@1.7.8/Editor/VisualScripting.Core/Dependencies/YamlDotNet/Unity.VisualScripting.YamlDotNet.dll
Symbol file LoadedFromMemory doesn't match image /home/carei/Unity/!GitHub/Ultimate-Viking-Chess/Ultimate Viking Chess/Library/PackageCache/com.unity.visualscripting@1.7.8/Editor/VisualScripting.Core/Dependencies/DotNetZip/Unity.VisualScripting.IonicZip.dll
Native extension for LinuxStandalone target not found
Native extension for WindowsStandalone target not found
Native extension for Android target not found
Native extension for OSXStandalone target not found
Native extension for WebGL target not found
Refreshing native plugins compatible for Editor in 1.61 ms, found 0 plugins.
Preloading 0 native plugins for Editor in 0.00 ms.
Mono: successfully reloaded assembly
- Completed reload, in  1.502 seconds
Domain Reload Profiling:
	ReloadAssembly (1503ms)
		BeginReloadAssembly (132ms)
			ExecutionOrderSort (0ms)
			DisableScriptedObjects (6ms)
			BackupInstance (0ms)
			ReleaseScriptingObjects (0ms)
			CreateAndSetChildDomain (42ms)
		EndReloadAssembly (1211ms)
			LoadAssemblies (72ms)
			RebuildTransferFunctionScriptingTraits (0ms)
			SetupTypeCache (417ms)
			ReleaseScriptCaches (1ms)
			RebuildScriptCaches (67ms)
			SetupLoadedEditorAssemblies (559ms)
				LogAssemblyErrors (0ms)
				InitializePlatformSupportModulesInManaged (56ms)
				SetLoadedEditorAssemblies (1ms)
				RefreshPlugins (2ms)
				BeforeProcessingInitializeOnLoad (103ms)
				ProcessInitializeOnLoadAttributes (356ms)
				ProcessInitializeOnLoadMethodAttributes (35ms)
				AfterProcessingInitializeOnLoad (7ms)
				EditorAssembliesLoaded (0ms)
			ExecutionOrderSort2 (0ms)
			AwakeInstancesAfterBackupRestoration (7ms)
Platform modules already initialized, skipping
Refreshing native plugins compatible for Editor in 2.25 ms, found 0 plugins.
Preloading 0 native plugins for Editor in 0.00 ms.
Unloading 3441 Unused Serialized files (Serialized files now loaded: 0)
Unloading 20 unused Assets / (58.5 KB). Loaded Objects now: 3975.
Memory consumption went from 119.6 MB to 119.6 MB.
Total: 5.282540 ms (FindLiveObjects: 0.441255 ms CreateObjectMapping: 0.336778 ms MarkObjects: 4.401777 ms  DeleteObjects: 0.100773 ms)

AssetImportParameters requested are different than current active one (requested -> active):
  custom:video-decoder-ogg-theora: a1e56fd34408186e4bbccfd4996cb3dc -> 
  custom:container-muxer-webm: aa71ff27fc2769a1b78a27578f13a17b -> 
  custom:container-demuxer-webm: 4f35f7cbe854078d1ac9338744f61a02 -> 
  custom:video-encoder-webm-vp8: eb34c28f22e8b96e1ab97ce403110664 -> 
  custom:audio-encoder-webm-vorbis: bf7c407c2cedff20999df2af8eb42d56 -> 
  custom:container-demuxer-ogg: 62fdf1f143b41e24485cea50d1cbac27 -> 
  custom:video-decoder-webm-vp8: 9c59270c3fd7afecdb556c50c9e8de78 -> 
  custom:audio-decoder-ogg-vorbis: bf7c407c2cedff20999df2af8eb42d56 -> 
========================================================================
Received Import Request.
  Time since last request: 1025.588299 seconds.
  path: Assets/1Downloads/PolygonVikings/Prefabs/Vehicles/SM_Veh_FishingBoat_01.prefab
  artifactKey: Guid(b143f01723bee1c409ca3134abb4088d) Importer(815301076,1909f56bfc062723c751e8b465ee728b)
Start importing Assets/1Downloads/PolygonVikings/Prefabs/Vehicles/SM_Veh_FishingBoat_01.prefab using Guid(b143f01723bee1c409ca3134abb4088d) Importer(815301076,1909f56bfc062723c751e8b465ee728b)  -> (artifact id: '41d4ecb35128df17d41ee83675109694') in 0.088912 seconds 
========================================================================
Received Import Request.
  Time since last request: 0.000047 seconds.
  path: Assets/1Downloads/PolygonVikings/Prefabs/Vehicles/SM_Veh_FuneralBoat_01.prefab
  artifactKey: Guid(e7dc2a8e06d0bb848984daf0c74eda3e) Importer(815301076,1909f56bfc062723c751e8b465ee728b)
Start importing Assets/1Downloads/PolygonVikings/Prefabs/Vehicles/SM_Veh_FuneralBoat_01.prefab using Guid(e7dc2a8e06d0bb848984daf0c74eda3e) Importer(815301076,1909f56bfc062723c751e8b465ee728b)  -> (artifact id: '3830fe1191f3603a73f6356a7a7d11af') in 0.018401 seconds 
========================================================================
Received Import Request.
  Time since last request: 0.652315 seconds.
  path: Assets/1Downloads/PolygonVikings/Prefabs/Snow_Variant/SM_Bld_Base_02_Snow.prefab
  artifactKey: Guid(740423a1115f05141b18b292afdc8211) Importer(815301076,1909f56bfc062723c751e8b465ee728b)
Start importing Assets/1Downloads/PolygonVikings/Prefabs/Snow_Variant/SM_Bld_Base_02_Snow.prefab using Guid(740423a1115f05141b18b292afdc8211) Importer(815301076,1909f56bfc062723c751e8b465ee728b)  -> (artifact id: 'f133ada97a5927e9910ddd189ee31596') in 0.017560 seconds 
========================================================================
Received Import Request.
  Time since last request: 0.000024 seconds.
  path: Assets/1Downloads/PolygonVikings/Prefabs/Snow_Variant/SM_Bld_Base_Door_01_Snow.prefab
  artifactKey: Guid(0256e15017e583743a23c01986dcef04) Importer(815301076,1909f56bfc062723c751e8b465ee728b)
Start importing Assets/1Downloads/PolygonVikings/Prefabs/Snow_Variant/SM_Bld_Base_Door_01_Snow.prefab using Guid(0256e15017e583743a23c01986dcef04) Importer(815301076,1909f56bfc062723c751e8b465ee728b)  -> (artifact id: 'ef3375b7eab56c91f5fec4f7f08c4ed1') in 0.008769 seconds 
========================================================================
Received Import Request.
  Time since last request: 0.000019 seconds.
  path: Assets/1Downloads/PolygonVikings/Prefabs/Snow_Variant/SM_Env_Grass_Large_02_Snow.prefab
  artifactKey: Guid(ce22ce230562e1d4e9d583fdabbf68cb) Importer(815301076,1909f56bfc062723c751e8b465ee728b)
Start importing Assets/1Downloads/PolygonVikings/Prefabs/Snow_Variant/SM_Env_Grass_Large_02_Snow.prefab using Guid(ce22ce230562e1d4e9d583fdabbf68cb) Importer(815301076,1909f56bfc062723c751e8b465ee728b)  -> (artifact id: '0c0deb6722f8142b2dec2c733d353bf5') in 0.008374 seconds 
========================================================================
Received Import Request.
  Time since last request: 0.000021 seconds.
  path: Assets/1Downloads/PolygonVikings/Prefabs/Snow_Variant/SM_Env_Trench_01_Snow.prefab
  artifactKey: Guid(c65baec200c7fb346b2362b83f0c151e) Importer(815301076,1909f56bfc062723c751e8b465ee728b)
Start importing Assets/1Downloads/PolygonVikings/Prefabs/Snow_Variant/SM_Env_Trench_01_Snow.prefab using Guid(c65baec200c7fb346b2362b83f0c151e) Importer(815301076,1909f56bfc062723c751e8b465ee728b)  -> (artifact id: 'ea30f70faebbefe982dc50ab9d07bffd') in 0.014145 seconds 
========================================================================
Received Import Request.
  Time since last request: 0.000071 seconds.
  path: Assets/1Downloads/PolygonVikings/Prefabs/Snow_Variant/SM_Prop_Barrel_Half_01_Snow.prefab
  artifactKey: Guid(b2c17946abbfa74438665d416ccc234a) Importer(815301076,1909f56bfc062723c751e8b465ee728b)
Start importing Assets/1Downloads/PolygonVikings/Prefabs/Snow_Variant/SM_Prop_Barrel_Half_01_Snow.prefab using Guid(b2c17946abbfa74438665d416ccc234a) Importer(815301076,1909f56bfc062723c751e8b465ee728b)  -> (artifact id: 'cfb1b3bc4167cf82ed5e03b539cf6a69') in 0.024830 seconds 
========================================================================
Received Import Request.
  Time since last request: 0.000024 seconds.
  path: Assets/1Downloads/PolygonVikings/Prefabs/Snow_Variant/SM_Env_Grass_Large_01_Snow.prefab
  artifactKey: Guid(706f228787b4cf5458cc0eccc5a8933c) Importer(815301076,1909f56bfc062723c751e8b465ee728b)
Start importing Assets/1Downloads/PolygonVikings/Prefabs/Snow_Variant/SM_Env_Grass_Large_01_Snow.prefab using Guid(706f228787b4cf5458cc0eccc5a8933c) Importer(815301076,1909f56bfc062723c751e8b465ee728b)  -> (artifact id: '238d33a3cefc2a7020b77aa86c0a6f3c') in 0.009616 seconds 
========================================================================
Received Import Request.
  Time since last request: 0.000032 seconds.
  path: Assets/1Downloads/PolygonVikings/Prefabs/Snow_Variant/SM_Env_Path_Rocks_Side_01_Snow.prefab
  artifactKey: Guid(244cf031e21ad8b4db284576c4707a29) Importer(815301076,1909f56bfc062723c751e8b465ee728b)
Start importing Assets/1Downloads/PolygonVikings/Prefabs/Snow_Variant/SM_Env_Path_Rocks_Side_01_Snow.prefab using Guid(244cf031e21ad8b4db284576c4707a29) Importer(815301076,1909f56bfc062723c751e8b465ee728b)  -> (artifact id: '102d56df7635153b001738fa82849bcc') in 0.011933 seconds 
========================================================================
Received Import Request.
  Time since last request: 0.000026 seconds.
  path: Assets/1Downloads/PolygonVikings/Prefabs/Snow_Variant/SM_Env_Beach_Long_01_Snow.prefab
  artifactKey: Guid(e44052e511b3f1e48b412cfca1febb5a) Importer(815301076,1909f56bfc062723c751e8b465ee728b)
Start importing Assets/1Downloads/PolygonVikings/Prefabs/Snow_Variant/SM_Env_Beach_Long_01_Snow.prefab using Guid(e44052e511b3f1e48b412cfca1febb5a) Importer(815301076,1909f56bfc062723c751e8b465ee728b)  -> (artifact id: 'adf65878bea31f6b90c438c389ef6d9e') in 0.009016 seconds 
========================================================================
Received Import Request.
  Time since last request: 0.000040 seconds.
  path: Assets/1Downloads/PolygonVikings/Prefabs/Snow_Variant/SM_Env_Rock_02_Snow.prefab
  artifactKey: Guid(7880b77d6c347824c9f4ec0f5cac284a) Importer(815301076,1909f56bfc062723c751e8b465ee728b)
Start importing Assets/1Downloads/PolygonVikings/Prefabs/Snow_Variant/SM_Env_Rock_02_Snow.prefab using Guid(7880b77d6c347824c9f4ec0f5cac284a) Importer(815301076,1909f56bfc062723c751e8b465ee728b)  -> (artifact id: 'e566ed3972eb37eb1ca319d554613464') in 0.014736 seconds 
========================================================================
Received Import Request.
  Time since last request: 0.000030 seconds.
  path: Assets/1Downloads/PolygonVikings/Prefabs/Snow_Variant/SM_Env_Trench_Bridge_01_Snow.prefab
  artifactKey: Guid(7ac9e8559a8643c47a414d1943bfb228) Importer(815301076,1909f56bfc062723c751e8b465ee728b)
Start importing Assets/1Downloads/PolygonVikings/Prefabs/Snow_Variant/SM_Env_Trench_Bridge_01_Snow.prefab using Guid(7ac9e8559a8643c47a414d1943bfb228) Importer(815301076,1909f56bfc062723c751e8b465ee728b)  -> (artifact id: '7dc0d889d040430c2421422a90c0d45d') in 0.010496 seconds 
========================================================================
Received Import Request.
  Time since last request: 0.000024 seconds.
  path: Assets/1Downloads/PolygonVikings/Prefabs/Snow_Variant/SM_Env_Rock_04_Snow.prefab
  artifactKey: Guid(f50dcb201f31ac2498a00e247a723706) Importer(815301076,1909f56bfc062723c751e8b465ee728b)
Start importing Assets/1Downloads/PolygonVikings/Prefabs/Snow_Variant/SM_Env_Rock_04_Snow.prefab using Guid(f50dcb201f31ac2498a00e247a723706) Importer(815301076,1909f56bfc062723c751e8b465ee728b)  -> (artifact id: '39d5de7bd5937c5882b3d8ccf302af84') in 0.014166 seconds 
========================================================================
Received Import Request.
  Time since last request: 0.000022 seconds.
  path: Assets/1Downloads/PolygonVikings/Prefabs/Snow_Variant/SM_Env_Path_Wood_Plank_03_Snow.prefab
  artifactKey: Guid(c833ff19def20724286f68afb69a9b90) Importer(815301076,1909f56bfc062723c751e8b465ee728b)
Start importing Assets/1Downloads/PolygonVikings/Prefabs/Snow_Variant/SM_Env_Path_Wood_Plank_03_Snow.prefab using Guid(c833ff19def20724286f68afb69a9b90) Importer(815301076,1909f56bfc062723c751e8b465ee728b)  -> (artifact id: '436350157841436111e6a3947bfbcc40') in 0.008075 seconds 
========================================================================
Received Import Request.
  Time since last request: 0.000025 seconds.
  path: Assets/1Downloads/PolygonVikings/Prefabs/Snow_Variant/SM_Env_House_Rocks_Small_01_Snow.prefab
  artifactKey: Guid(5ec5d0bdef903ec4fb5b50f477cedff1) Importer(815301076,1909f56bfc062723c751e8b465ee728b)
Start importing Assets/1Downloads/PolygonVikings/Prefabs/Snow_Variant/SM_Env_House_Rocks_Small_01_Snow.prefab using Guid(5ec5d0bdef903ec4fb5b50f477cedff1) Importer(815301076,1909f56bfc062723c751e8b465ee728b)  -> (artifact id: '40014c61d27a36208a4f080d659e80e2') in 0.017902 seconds 
========================================================================
Received Import Request.
  Time since last request: 0.000022 seconds.
  path: Assets/1Downloads/PolygonVikings/Prefabs/Snow_Variant/SM_Env_GrassPatch_03_Snow.prefab
  artifactKey: Guid(ee7f95e5a5208284abcf579d4e871cf5) Importer(815301076,1909f56bfc062723c751e8b465ee728b)
Start importing Assets/1Downloads/PolygonVikings/Prefabs/Snow_Variant/SM_Env_GrassPatch_03_Snow.prefab using Guid(ee7f95e5a5208284abcf579d4e871cf5) Importer(815301076,1909f56bfc062723c751e8b465ee728b)  -> (artifact id: 'f188e61df3fd784387bacadf79bbba6b') in 0.018056 seconds 
========================================================================
Received Import Request.
  Time since last request: 0.000022 seconds.
  path: Assets/1Downloads/PolygonVikings/Prefabs/Snow_Variant/SM_Env_Dirt_Mound_01_Snow.prefab
  artifactKey: Guid(5bec654fc6a493143bffb5d63eceb6d8) Importer(815301076,1909f56bfc062723c751e8b465ee728b)
Start importing Assets/1Downloads/PolygonVikings/Prefabs/Snow_Variant/SM_Env_Dirt_Mound_01_Snow.prefab using Guid(5bec654fc6a493143bffb5d63eceb6d8) Importer(815301076,1909f56bfc062723c751e8b465ee728b)  -> (artifact id: 'ccf263339750c060dfe6d82c59217d40') in 0.014075 seconds 
========================================================================
Received Import Request.
  Time since last request: 0.000027 seconds.
  path: Assets/1Downloads/PolygonVikings/Prefabs/Snow_Variant/SM_Env_Path_Wood_01_Snow.prefab
  artifactKey: Guid(b7122bc32c69f8b429b34adc7e925898) Importer(815301076,1909f56bfc062723c751e8b465ee728b)
Start importing Assets/1Downloads/PolygonVikings/Prefabs/Snow_Variant/SM_Env_Path_Wood_01_Snow.prefab using Guid(b7122bc32c69f8b429b34adc7e925898) Importer(815301076,1909f56bfc062723c751e8b465ee728b)  -> (artifact id: '8a47f61fc60b4db694b480bd742b7870') in 0.009529 seconds 
========================================================================
Received Import Request.
  Time since last request: 0.000051 seconds.
  path: Assets/1Downloads/PolygonVikings/Prefabs/Snow_Variant/SM_Env_Rock_07_Snow.prefab
  artifactKey: Guid(70e834876464ded4a99b5ddffbad72de) Importer(815301076,1909f56bfc062723c751e8b465ee728b)
Start importing Assets/1Downloads/PolygonVikings/Prefabs/Snow_Variant/SM_Env_Rock_07_Snow.prefab using Guid(70e834876464ded4a99b5ddffbad72de) Importer(815301076,1909f56bfc062723c751e8b465ee728b)  -> (artifact id: '85d9d71f7f1c0dba953b2aaa1319d133') in 0.013246 seconds 
========================================================================
Received Import Request.
  Time since last request: 0.000046 seconds.
  path: Assets/1Downloads/PolygonVikings/Prefabs/Snow_Variant/SM_Bld_Roof_Window_01_Snow.prefab
  artifactKey: Guid(db5121449ca36d64587c18835802d1cb) Importer(815301076,1909f56bfc062723c751e8b465ee728b)
Start importing Assets/1Downloads/PolygonVikings/Prefabs/Snow_Variant/SM_Bld_Roof_Window_01_Snow.prefab using Guid(db5121449ca36d64587c18835802d1cb) Importer(815301076,1909f56bfc062723c751e8b465ee728b)  -> (artifact id: 'c8ff2638ed57155d2cdea8fd9c5591d8') in 0.018652 seconds 
========================================================================
Received Import Request.
  Time since last request: 0.000033 seconds.
  path: Assets/1Downloads/PolygonVikings/Prefabs/Snow_Variant/SM_Bld_Base_Long_Door_01_Snow.prefab
  artifactKey: Guid(f710ef7eabd9cf04e8641a7388d5b364) Importer(815301076,1909f56bfc062723c751e8b465ee728b)
Start importing Assets/1Downloads/PolygonVikings/Prefabs/Snow_Variant/SM_Bld_Base_Long_Door_01_Snow.prefab using Guid(f710ef7eabd9cf04e8641a7388d5b364) Importer(815301076,1909f56bfc062723c751e8b465ee728b)  -> (artifact id: 'a511d75e787731af673bcac3ae52543a') in 0.020588 seconds 
========================================================================
Received Import Request.
  Time since last request: 0.000036 seconds.
  path: Assets/1Downloads/PolygonVikings/Prefabs/Snow_Variant/SM_Bld_BoatHouse_01_Snow.prefab
  artifactKey: Guid(8ef69541dd7d0cc459135c5415267f8c) Importer(815301076,1909f56bfc062723c751e8b465ee728b)
Start importing Assets/1Downloads/PolygonVikings/Prefabs/Snow_Variant/SM_Bld_BoatHouse_01_Snow.prefab using Guid(8ef69541dd7d0cc459135c5415267f8c) Importer(815301076,1909f56bfc062723c751e8b465ee728b)  -> (artifact id: 'b1480da0111c6bf6902191c33b6689e3') in 0.019087 seconds 
========================================================================
Received Import Request.
  Time since last request: 0.000024 seconds.
  path: Assets/1Downloads/PolygonVikings/Prefabs/Snow_Variant/SM_Env_Beach_01_Snow 3.prefab
  artifactKey: Guid(a191bb751b4a8aa4dac078058b125484) Importer(815301076,1909f56bfc062723c751e8b465ee728b)
Start importing Assets/1Downloads/PolygonVikings/Prefabs/Snow_Variant/SM_Env_Beach_01_Snow 3.prefab using Guid(a191bb751b4a8aa4dac078058b125484) Importer(815301076,1909f56bfc062723c751e8b465ee728b)  -> (artifact id: '025c30fc4f282ebf152477202f62e35e') in 0.013359 seconds 
========================================================================
Received Import Request.
  Time since last request: 0.000062 seconds.
  path: Assets/1Downloads/PolygonVikings/Prefabs/Snow_Variant/SM_Env_Tree_Pine_Large_02_Snow.prefab
  artifactKey: Guid(9294f12d436cf5a4281abae31de41b76) Importer(815301076,1909f56bfc062723c751e8b465ee728b)
Start importing Assets/1Downloads/PolygonVikings/Prefabs/Snow_Variant/SM_Env_Tree_Pine_Large_02_Snow.prefab using Guid(9294f12d436cf5a4281abae31de41b76) Importer(815301076,1909f56bfc062723c751e8b465ee728b)  -> (artifact id: 'baaad5743a3ced0b3e33e1b876ac8bc5') in 0.018344 seconds 
========================================================================
Received Import Request.
  Time since last request: 0.000025 seconds.
  path: Assets/1Downloads/PolygonVikings/Prefabs/Snow_Variant/SM_Env_Dirt_Mound_02_Snow.prefab
  artifactKey: Guid(32003eb720c2b6e4faac774b1d3a9e6a) Importer(815301076,1909f56bfc062723c751e8b465ee728b)
Start importing Assets/1Downloads/PolygonVikings/Prefabs/Snow_Variant/SM_Env_Dirt_Mound_02_Snow.prefab using Guid(32003eb720c2b6e4faac774b1d3a9e6a) Importer(815301076,1909f56bfc062723c751e8b465ee728b)  -> (artifact id: 'da386411eded0a30af95961c22141a39') in 0.015431 seconds 
========================================================================
Received Import Request.
  Time since last request: 0.000028 seconds.
  path: Assets/1Downloads/PolygonVikings/Prefabs/Snow_Variant/SM_Env_DirtMound_03_Snow.prefab
  artifactKey: Guid(5b5c0c5cfaa59ae4fa9138ec80c63997) Importer(815301076,1909f56bfc062723c751e8b465ee728b)
Start importing Assets/1Downloads/PolygonVikings/Prefabs/Snow_Variant/SM_Env_DirtMound_03_Snow.prefab using Guid(5b5c0c5cfaa59ae4fa9138ec80c63997) Importer(815301076,1909f56bfc062723c751e8b465ee728b)  -> (artifact id: 'ca9d32c160ff999600e6cba341408141') in 0.010901 seconds 
========================================================================
Received Import Request.
  Time since last request: 0.000112 seconds.
  path: Assets/1Downloads/PolygonVikings/Prefabs/Snow_Variant/SM_Prop_Bench_01_Snow.prefab
  artifactKey: Guid(c304739a8731e6140ba088e0f6bdf66c) Importer(815301076,1909f56bfc062723c751e8b465ee728b)
Start importing Assets/1Downloads/PolygonVikings/Prefabs/Snow_Variant/SM_Prop_Bench_01_Snow.prefab using Guid(c304739a8731e6140ba088e0f6bdf66c) Importer(815301076,1909f56bfc062723c751e8b465ee728b)  -> (artifact id: 'c3d325f635c33e73a47f338e7acab9dc') in 0.011540 seconds 
========================================================================
Received Import Request.
  Time since last request: 0.000030 seconds.
  path: Assets/1Downloads/PolygonVikings/Prefabs/Snow_Variant/SM_Env_GrassPatch_01_Snow.prefab
  artifactKey: Guid(6f6e56c36de525f49b70f800be98bd4a) Importer(815301076,1909f56bfc062723c751e8b465ee728b)
Start importing Assets/1Downloads/PolygonVikings/Prefabs/Snow_Variant/SM_Env_GrassPatch_01_Snow.prefab using Guid(6f6e56c36de525f49b70f800be98bd4a) Importer(815301076,1909f56bfc062723c751e8b465ee728b)  -> (artifact id: 'bbeaaf243b316dd8ea5e467a919d29a2') in 0.018100 seconds 
========================================================================
Received Import Request.
  Time since last request: 0.000103 seconds.
  path: Assets/1Downloads/PolygonVikings/Prefabs/Snow_Variant/SM_Env_DirtMound_04_Snow.prefab
  artifactKey: Guid(b0ed1c5910e0746498fa3366be223f3e) Importer(815301076,1909f56bfc062723c751e8b465ee728b)
Start importing Assets/1Downloads/PolygonVikings/Prefabs/Snow_Variant/SM_Env_DirtMound_04_Snow.prefab using Guid(b0ed1c5910e0746498fa3366be223f3e) Importer(815301076,1909f56bfc062723c751e8b465ee728b)  -> (artifact id: '8957a8606fc23387851d9ed715ac203f') in 0.021051 seconds 
========================================================================
Received Import Request.
  Time since last request: 0.000157 seconds.
  path: Assets/1Downloads/PolygonVikings/Prefabs/Snow_Variant/SM_Prop_Anvil_Stump_01_Snow.prefab
  artifactKey: Guid(21ca2f06c4a7e3c44a45c8b1baa6d967) Importer(815301076,1909f56bfc062723c751e8b465ee728b)
Start importing Assets/1Downloads/PolygonVikings/Prefabs/Snow_Variant/SM_Prop_Anvil_Stump_01_Snow.prefab using Guid(21ca2f06c4a7e3c44a45c8b1baa6d967) Importer(815301076,1909f56bfc062723c751e8b465ee728b)  -> (artifact id: '2af96eb987f24c8dad2ac3ca25d163f8') in 0.010064 seconds 
========================================================================
Received Import Request.
  Time since last request: 0.000038 seconds.
  path: Assets/1Downloads/PolygonVikings/Prefabs/Snow_Variant/SM_Bld_Guard_Tower_01_Snow.prefab
  artifactKey: Guid(180b1edafda7d104b9de8875d7a3744a) Importer(815301076,1909f56bfc062723c751e8b465ee728b)
Start importing Assets/1Downloads/PolygonVikings/Prefabs/Snow_Variant/SM_Bld_Guard_Tower_01_Snow.prefab using Guid(180b1edafda7d104b9de8875d7a3744a) Importer(815301076,1909f56bfc062723c751e8b465ee728b)  -> (artifact id: 'dfe38d40b230d96911afc0fe4f079ece') in 0.019746 seconds 
========================================================================
Received Import Request.
  Time since last request: 0.000034 seconds.
  path: Assets/1Downloads/PolygonVikings/Prefabs/Snow_Variant/SM_Bld_Tower_01_Snow.prefab
  artifactKey: Guid(d48ea271e36bbf74ea23709a9f7b812c) Importer(815301076,1909f56bfc062723c751e8b465ee728b)
Start importing Assets/1Downloads/PolygonVikings/Prefabs/Snow_Variant/SM_Bld_Tower_01_Snow.prefab using Guid(d48ea271e36bbf74ea23709a9f7b812c) Importer(815301076,1909f56bfc062723c751e8b465ee728b)  -> (artifact id: '0c01805f2ba92bda02d52f26b5b82efb') in 0.017472 seconds 
========================================================================
Received Import Request.
  Time since last request: 0.000031 seconds.
  path: Assets/1Downloads/PolygonVikings/Prefabs/Snow_Variant/SM_Bld_Wharf_01_Snow.prefab
  artifactKey: Guid(8ff9ee56cf66c464ab071eb24e84c89f) Importer(815301076,1909f56bfc062723c751e8b465ee728b)
Start importing Assets/1Downloads/PolygonVikings/Prefabs/Snow_Variant/SM_Bld_Wharf_01_Snow.prefab using Guid(8ff9ee56cf66c464ab071eb24e84c89f) Importer(815301076,1909f56bfc062723c751e8b465ee728b)  -> (artifact id: 'd0875eb293ccb52d76897ef780ce306a') in 0.018657 seconds 
========================================================================
Received Import Request.
  Time since last request: 0.000032 seconds.
  path: Assets/1Downloads/PolygonVikings/Prefabs/Snow_Variant/SM_Env_Trench_02_Snow.prefab
  artifactKey: Guid(d6934aa2500207e4a990f41d05469729) Importer(815301076,1909f56bfc062723c751e8b465ee728b)
Start importing Assets/1Downloads/PolygonVikings/Prefabs/Snow_Variant/SM_Env_Trench_02_Snow.prefab using Guid(d6934aa2500207e4a990f41d05469729) Importer(815301076,1909f56bfc062723c751e8b465ee728b)  -> (artifact id: 'f180e60b09c51e17787eff0ae78be14a') in 0.022257 seconds 
========================================================================
Received Import Request.
  Time since last request: 0.000032 seconds.
  path: Assets/1Downloads/PolygonVikings/Prefabs/Snow_Variant/SM_Env_Tree_Pine_04_Snow.prefab
  artifactKey: Guid(4cd12378b9180634896e364a2ac12f95) Importer(815301076,1909f56bfc062723c751e8b465ee728b)
Start importing Assets/1Downloads/PolygonVikings/Prefabs/Snow_Variant/SM_Env_Tree_Pine_04_Snow.prefab using Guid(4cd12378b9180634896e364a2ac12f95) Importer(815301076,1909f56bfc062723c751e8b465ee728b)  -> (artifact id: '560231599bd36988baeb777eb838d991') in 0.014226 seconds 
========================================================================
Received Import Request.
  Time since last request: 174.795726 seconds.
  path: Assets/1Downloads/PolygonVikings/Prefabs/Environments/SM_Env_Beach_02.prefab
  artifactKey: Guid(7641de12931c51547b51c64f5c9934c3) Importer(815301076,1909f56bfc062723c751e8b465ee728b)
Start importing Assets/1Downloads/PolygonVikings/Prefabs/Environments/SM_Env_Beach_02.prefab using Guid(7641de12931c51547b51c64f5c9934c3) Importer(815301076,1909f56bfc062723c751e8b465ee728b)  -> (artifact id: '68c8711378ac51e50f445fdbdca1aab6') in 0.010374 seconds 
========================================================================
Received Import Request.
  Time since last request: 0.000021 seconds.
  path: Assets/1Downloads/PolygonVikings/Prefabs/Environments/SM_Env_Dirt_Mound_02.prefab
  artifactKey: Guid(73c4e7382be4b9e43bfeeff2fd65a594) Importer(815301076,1909f56bfc062723c751e8b465ee728b)
Start importing Assets/1Downloads/PolygonVikings/Prefabs/Environments/SM_Env_Dirt_Mound_02.prefab using Guid(73c4e7382be4b9e43bfeeff2fd65a594) Importer(815301076,1909f56bfc062723c751e8b465ee728b)  -> (artifact id: '8e8cbfaa58cdb76137d23c7f330aaf43') in 0.006987 seconds 
========================================================================
Received Import Request.
  Time since last request: 0.000018 seconds.
  path: Assets/1Downloads/PolygonVikings/Prefabs/Environments/SM_Env_House_Rocks_Small_01.prefab
  artifactKey: Guid(6f3c0dc85b9646948b02489483a9839a) Importer(815301076,1909f56bfc062723c751e8b465ee728b)
Start importing Assets/1Downloads/PolygonVikings/Prefabs/Environments/SM_Env_House_Rocks_Small_01.prefab using Guid(6f3c0dc85b9646948b02489483a9839a) Importer(815301076,1909f56bfc062723c751e8b465ee728b)  -> (artifact id: 'b4c50b9c5d2fe3093af6004eb5f6f353') in 0.007819 seconds 
========================================================================
Received Import Request.
  Time since last request: 0.000070 seconds.
  path: Assets/1Downloads/PolygonVikings/Prefabs/Environments/SM_Env_GrassPatch_01.prefab
  artifactKey: Guid(8cf32ba481dfbfe49bd3a8a30aaeee97) Importer(815301076,1909f56bfc062723c751e8b465ee728b)
Start importing Assets/1Downloads/PolygonVikings/Prefabs/Environments/SM_Env_GrassPatch_01.prefab using Guid(8cf32ba481dfbfe49bd3a8a30aaeee97) Importer(815301076,1909f56bfc062723c751e8b465ee728b)  -> (artifact id: 'd67c6d0de45916637b9c4f0216cfbcb5') in 0.026021 seconds 
========================================================================
Received Import Request.
  Time since last request: 0.000021 seconds.
  path: Assets/1Downloads/PolygonVikings/Prefabs/Environments/SM_Env_Dirt_Mound_01.prefab
  artifactKey: Guid(6d886c7ce41d4524b8ae70234f5bc839) Importer(815301076,1909f56bfc062723c751e8b465ee728b)
Start importing Assets/1Downloads/PolygonVikings/Prefabs/Environments/SM_Env_Dirt_Mound_01.prefab using Guid(6d886c7ce41d4524b8ae70234f5bc839) Importer(815301076,1909f56bfc062723c751e8b465ee728b)  -> (artifact id: '59a4db2bb1399c83cd5be4c96264b1d6') in 0.012089 seconds 
========================================================================
Received Import Request.
  Time since last request: 0.000024 seconds.
  path: Assets/1Downloads/PolygonVikings/Prefabs/Environments/SM_Env_Iceberg_01.prefab
  artifactKey: Guid(b60d2db556c6aa24b84c18b24899de0f) Importer(815301076,1909f56bfc062723c751e8b465ee728b)
Start importing Assets/1Downloads/PolygonVikings/Prefabs/Environments/SM_Env_Iceberg_01.prefab using Guid(b60d2db556c6aa24b84c18b24899de0f) Importer(815301076,1909f56bfc062723c751e8b465ee728b)  -> (artifact id: '5323b6158fb0750824c7483af97a4a83') in 0.012875 seconds 
========================================================================
Received Import Request.
  Time since last request: 0.000040 seconds.
  path: Assets/1Downloads/PolygonVikings/Prefabs/Environments/SM_Env_Grass_02.prefab
  artifactKey: Guid(cddab4d7ea6ce464d8575a51ee70033b) Importer(815301076,1909f56bfc062723c751e8b465ee728b)
Start importing Assets/1Downloads/PolygonVikings/Prefabs/Environments/SM_Env_Grass_02.prefab using Guid(cddab4d7ea6ce464d8575a51ee70033b) Importer(815301076,1909f56bfc062723c751e8b465ee728b)  -> (artifact id: '7328440331b45e87ab1fdc2b9a24427e') in 0.013443 seconds 
========================================================================
Received Import Request.
  Time since last request: 0.000032 seconds.
  path: Assets/1Downloads/PolygonVikings/Prefabs/Environments/SM_Env_IceChunk_03.prefab
  artifactKey: Guid(838440234b5e6ac40912b70ff1d38863) Importer(815301076,1909f56bfc062723c751e8b465ee728b)
Start importing Assets/1Downloads/PolygonVikings/Prefabs/Environments/SM_Env_IceChunk_03.prefab using Guid(838440234b5e6ac40912b70ff1d38863) Importer(815301076,1909f56bfc062723c751e8b465ee728b)  -> (artifact id: '6ebf2d6133626880dd225602cc50a601') in 0.010150 seconds 
========================================================================
Received Import Request.
  Time since last request: 0.000035 seconds.
  path: Assets/1Downloads/PolygonVikings/Prefabs/Environments/SM_Env_Trench_Bridge_01.prefab
  artifactKey: Guid(26a866f3e15bfd943b9d0d90879fdafd) Importer(815301076,1909f56bfc062723c751e8b465ee728b)
Start importing Assets/1Downloads/PolygonVikings/Prefabs/Environments/SM_Env_Trench_Bridge_01.prefab using Guid(26a866f3e15bfd943b9d0d90879fdafd) Importer(815301076,1909f56bfc062723c751e8b465ee728b)  -> (artifact id: '3c8e00a2fb2917291d285efbc0878fa9') in 0.020886 seconds 
========================================================================
Received Import Request.
  Time since last request: 0.000047 seconds.
  path: Assets/1Downloads/PolygonVikings/Prefabs/Environments/SM_Env_Glacier_02.prefab
  artifactKey: Guid(6a3bdbed08d1abd4fb7dbab3c2526dd2) Importer(815301076,1909f56bfc062723c751e8b465ee728b)
Start importing Assets/1Downloads/PolygonVikings/Prefabs/Environments/SM_Env_Glacier_02.prefab using Guid(6a3bdbed08d1abd4fb7dbab3c2526dd2) Importer(815301076,1909f56bfc062723c751e8b465ee728b)  -> (artifact id: '610d852abcab99944ce2bca1b55583cf') in 0.012429 seconds 
========================================================================
Received Import Request.
  Time since last request: 0.000029 seconds.
  path: Assets/1Downloads/PolygonVikings/Prefabs/Environments/SM_Env_Beach_Long_01.prefab
  artifactKey: Guid(dc93406dd31af994d83615c6fe53d895) Importer(815301076,1909f56bfc062723c751e8b465ee728b)
Start importing Assets/1Downloads/PolygonVikings/Prefabs/Environments/SM_Env_Beach_Long_01.prefab using Guid(dc93406dd31af994d83615c6fe53d895) Importer(815301076,1909f56bfc062723c751e8b465ee728b)  -> (artifact id: '768a4bdfff0b979d94495a05c29a277d') in 0.016191 seconds 
========================================================================
Received Import Request.
  Time since last request: 0.000073 seconds.
  path: Assets/1Downloads/PolygonVikings/Prefabs/Environments/SM_Env_Tree_Pine_Large_01.prefab
  artifactKey: Guid(0fa0ff3aa6d13b145ab8fd54b03b1146) Importer(815301076,1909f56bfc062723c751e8b465ee728b)
Start importing Assets/1Downloads/PolygonVikings/Prefabs/Environments/SM_Env_Tree_Pine_Large_01.prefab using Guid(0fa0ff3aa6d13b145ab8fd54b03b1146) Importer(815301076,1909f56bfc062723c751e8b465ee728b)  -> (artifact id: '124bbd6aa900074010a047878ab25d42') in 0.019195 seconds 
========================================================================
Received Import Request.
  Time since last request: 0.000029 seconds.
  path: Assets/1Downloads/PolygonVikings/Prefabs/Environments/SM_Env_Tree_Pine_04.prefab
  artifactKey: Guid(8c8ea713432a0a8469388cf641ee227c) Importer(815301076,1909f56bfc062723c751e8b465ee728b)
Start importing Assets/1Downloads/PolygonVikings/Prefabs/Environments/SM_Env_Tree_Pine_04.prefab using Guid(8c8ea713432a0a8469388cf641ee227c) Importer(815301076,1909f56bfc062723c751e8b465ee728b)  -> (artifact id: '5ad0a9e455a286de79baa2d655b11788') in 0.010629 seconds 
========================================================================
Received Import Request.
  Time since last request: 0.000026 seconds.
  path: Assets/1Downloads/PolygonVikings/Prefabs/Environments/SM_Env_GrassPatch_04.prefab
  artifactKey: Guid(deea9a0ddc9bc424d8c5229e625e4d2d) Importer(815301076,1909f56bfc062723c751e8b465ee728b)
Start importing Assets/1Downloads/PolygonVikings/Prefabs/Environments/SM_Env_GrassPatch_04.prefab using Guid(deea9a0ddc9bc424d8c5229e625e4d2d) Importer(815301076,1909f56bfc062723c751e8b465ee728b)  -> (artifact id: '40a3f5ad18e2f8eee430aa3858a0be18') in 0.012031 seconds 
========================================================================
Received Import Request.
  Time since last request: 0.000113 seconds.
  path: Assets/1Downloads/PolygonVikings/Prefabs/Environments/SM_Env_DirtMound_03.prefab
  artifactKey: Guid(033e6e99a7b90b0429eb90552fce833f) Importer(815301076,1909f56bfc062723c751e8b465ee728b)
Start importing Assets/1Downloads/PolygonVikings/Prefabs/Environments/SM_Env_DirtMound_03.prefab using Guid(033e6e99a7b90b0429eb90552fce833f) Importer(815301076,1909f56bfc062723c751e8b465ee728b)  -> (artifact id: '4cb1666aa94a92588f361c9123ccd8c8') in 0.010009 seconds 
========================================================================
Received Import Request.
  Time since last request: 0.000051 seconds.
  path: Assets/1Downloads/PolygonVikings/Prefabs/Environments/SM_Env_Glacier_Arch_01.prefab
  artifactKey: Guid(fc8c3406324f57b4e966b5a9f42957cb) Importer(815301076,1909f56bfc062723c751e8b465ee728b)
Start importing Assets/1Downloads/PolygonVikings/Prefabs/Environments/SM_Env_Glacier_Arch_01.prefab using Guid(fc8c3406324f57b4e966b5a9f42957cb) Importer(815301076,1909f56bfc062723c751e8b465ee728b)  -> (artifact id: 'aa2c9e319a4ed95e4732147229ee359d') in 0.012342 seconds 
========================================================================
Received Import Request.
  Time since last request: 0.000041 seconds.
  path: Assets/1Downloads/PolygonVikings/Prefabs/Environments/SM_Env_Path_Rocks_Side_01.prefab
  artifactKey: Guid(38c59bf579d37444c9890cf8ea56e949) Importer(815301076,1909f56bfc062723c751e8b465ee728b)
Start importing Assets/1Downloads/PolygonVikings/Prefabs/Environments/SM_Env_Path_Rocks_Side_01.prefab using Guid(38c59bf579d37444c9890cf8ea56e949) Importer(815301076,1909f56bfc062723c751e8b465ee728b)  -> (artifact id: 'edb81f1dc4c7c9d73f7f840bf4a1aea9') in 0.012250 seconds 
========================================================================
Received Import Request.
  Time since last request: 0.000028 seconds.
  path: Assets/1Downloads/PolygonVikings/Prefabs/Environments/SM_Env_Trench_01.prefab
  artifactKey: Guid(156e45849680cc242801105a81e67b8b) Importer(815301076,1909f56bfc062723c751e8b465ee728b)
Start importing Assets/1Downloads/PolygonVikings/Prefabs/Environments/SM_Env_Trench_01.prefab using Guid(156e45849680cc242801105a81e67b8b) Importer(815301076,1909f56bfc062723c751e8b465ee728b)  -> (artifact id: '90706b0fb819050a739c1720897cea6c') in 0.013382 seconds 
========================================================================
Received Import Request.
  Time since last request: 0.000066 seconds.
  path: Assets/1Downloads/PolygonVikings/Prefabs/Environments/SM_Env_Rock_07.prefab
  artifactKey: Guid(1a6065cd4998aae42b913caa18b73ae4) Importer(815301076,1909f56bfc062723c751e8b465ee728b)
Start importing Assets/1Downloads/PolygonVikings/Prefabs/Environments/SM_Env_Rock_07.prefab using Guid(1a6065cd4998aae42b913caa18b73ae4) Importer(815301076,1909f56bfc062723c751e8b465ee728b)  -> (artifact id: '49e408bdbf3f753f587de30851954303') in 0.010233 seconds 
========================================================================
Received Import Request.
  Time since last request: 0.000031 seconds.
  path: Assets/1Downloads/PolygonVikings/Prefabs/Environments/SM_Env_Path_Wood_Side_01.prefab
  artifactKey: Guid(1edd506c1924a254aabf8c68861196af) Importer(815301076,1909f56bfc062723c751e8b465ee728b)
Start importing Assets/1Downloads/PolygonVikings/Prefabs/Environments/SM_Env_Path_Wood_Side_01.prefab using Guid(1edd506c1924a254aabf8c68861196af) Importer(815301076,1909f56bfc062723c751e8b465ee728b)  -> (artifact id: '19a4a43fae2dabf383325273ec425744') in 0.008639 seconds 
========================================================================
Received Import Request.
  Time since last request: 0.000027 seconds.
  path: Assets/1Downloads/PolygonVikings/Prefabs/Environments/SM_Env_Reeds_02.prefab
  artifactKey: Guid(238e0e53f4c46bb4788d29a24841d6f5) Importer(815301076,1909f56bfc062723c751e8b465ee728b)
Start importing Assets/1Downloads/PolygonVikings/Prefabs/Environments/SM_Env_Reeds_02.prefab using Guid(238e0e53f4c46bb4788d29a24841d6f5) Importer(815301076,1909f56bfc062723c751e8b465ee728b)  -> (artifact id: '62497008a1bfbee4de8a7b78a3216f05') in 0.014644 seconds 
========================================================================
Received Import Request.
  Time since last request: 0.000028 seconds.
  path: Assets/1Downloads/PolygonVikings/Prefabs/Environments/SM_Env_Grass_03.prefab
  artifactKey: Guid(708a09f0caf6e7f44914556a8749d5f5) Importer(815301076,1909f56bfc062723c751e8b465ee728b)
Start importing Assets/1Downloads/PolygonVikings/Prefabs/Environments/SM_Env_Grass_03.prefab using Guid(708a09f0caf6e7f44914556a8749d5f5) Importer(815301076,1909f56bfc062723c751e8b465ee728b)  -> (artifact id: 'e265f36ef395ecb9156bbb2d21e32865') in 0.008525 seconds 
========================================================================
Received Import Request.
  Time since last request: 0.000023 seconds.
  path: Assets/1Downloads/PolygonVikings/Prefabs/Environments/SM_Env_Reeds_01.prefab
  artifactKey: Guid(487da53ead5d8b34f829f38dfa345485) Importer(815301076,1909f56bfc062723c751e8b465ee728b)
Start importing Assets/1Downloads/PolygonVikings/Prefabs/Environments/SM_Env_Reeds_01.prefab using Guid(487da53ead5d8b34f829f38dfa345485) Importer(815301076,1909f56bfc062723c751e8b465ee728b)  -> (artifact id: 'e8ed15e97c1c4d2d3646a2199f80fc93') in 0.020040 seconds 
========================================================================
Received Import Request.
  Time since last request: 0.000026 seconds.
  path: Assets/1Downloads/PolygonVikings/Prefabs/Environments/SM_Env_Dirt_Mound_03.prefab
  artifactKey: Guid(657591d37cda2ef47aa9610ad047af37) Importer(815301076,1909f56bfc062723c751e8b465ee728b)
Start importing Assets/1Downloads/PolygonVikings/Prefabs/Environments/SM_Env_Dirt_Mound_03.prefab using Guid(657591d37cda2ef47aa9610ad047af37) Importer(815301076,1909f56bfc062723c751e8b465ee728b)  -> (artifact id: 'f6f3d41053606c74a0e575e0a80297ff') in 0.009732 seconds 
========================================================================
Received Import Request.
  Time since last request: 0.000030 seconds.
  path: Assets/1Downloads/PolygonVikings/Prefabs/Environments/SM_Env_DirtMound_01.prefab
  artifactKey: Guid(95b651ea4d1705f45a2e4e04c151620d) Importer(815301076,1909f56bfc062723c751e8b465ee728b)
Start importing Assets/1Downloads/PolygonVikings/Prefabs/Environments/SM_Env_DirtMound_01.prefab using Guid(95b651ea4d1705f45a2e4e04c151620d) Importer(815301076,1909f56bfc062723c751e8b465ee728b)  -> (artifact id: 'c8306363d062c22454651949bc69ca97') in 0.011463 seconds 
========================================================================
Received Import Request.
  Time since last request: 0.000039 seconds.
  path: Assets/1Downloads/PolygonVikings/Prefabs/Environments/SM_Env_Path_Wood_Plank_03.prefab
  artifactKey: Guid(f06b24ae061d75747ba31e16e9f70adc) Importer(815301076,1909f56bfc062723c751e8b465ee728b)
Start importing Assets/1Downloads/PolygonVikings/Prefabs/Environments/SM_Env_Path_Wood_Plank_03.prefab using Guid(f06b24ae061d75747ba31e16e9f70adc) Importer(815301076,1909f56bfc062723c751e8b465ee728b)  -> (artifact id: '28b95e2ead3c0a1026bf1770ee3b3313') in 0.008666 seconds 
========================================================================
Received Import Request.
  Time since last request: 0.000025 seconds.
  path: Assets/1Downloads/PolygonVikings/Prefabs/Environments/SM_Env_Flax_02.prefab
  artifactKey: Guid(390b8227ef8032d43a236854caca0b8c) Importer(815301076,1909f56bfc062723c751e8b465ee728b)
Start importing Assets/1Downloads/PolygonVikings/Prefabs/Environments/SM_Env_Flax_02.prefab using Guid(390b8227ef8032d43a236854caca0b8c) Importer(815301076,1909f56bfc062723c751e8b465ee728b)  -> (artifact id: '5d810ef38aa14a7a546def9a3e2dc079') in 0.013209 seconds 
========================================================================
Received Import Request.
  Time since last request: 0.000028 seconds.
  path: Assets/1Downloads/PolygonVikings/Prefabs/Environments/SM_Env_Trench_Spikes_01.prefab
  artifactKey: Guid(182203c7bea5760488c65807ef68c77f) Importer(815301076,1909f56bfc062723c751e8b465ee728b)
Start importing Assets/1Downloads/PolygonVikings/Prefabs/Environments/SM_Env_Trench_Spikes_01.prefab using Guid(182203c7bea5760488c65807ef68c77f) Importer(815301076,1909f56bfc062723c751e8b465ee728b)  -> (artifact id: '0d9ea9d3adbe31cf074e2a6edbd9d149') in 0.009339 seconds 
========================================================================
Received Import Request.
  Time since last request: 0.000026 seconds.
  path: Assets/1Downloads/PolygonVikings/Prefabs/Environments/SM_Env_GrassPatch_03.prefab
  artifactKey: Guid(7613eededd21dcc4eb948cecb0997612) Importer(815301076,1909f56bfc062723c751e8b465ee728b)
Start importing Assets/1Downloads/PolygonVikings/Prefabs/Environments/SM_Env_GrassPatch_03.prefab using Guid(7613eededd21dcc4eb948cecb0997612) Importer(815301076,1909f56bfc062723c751e8b465ee728b)  -> (artifact id: '1f30d12788d1bda68e662749ff7c82c6') in 0.014228 seconds 
========================================================================
Received Import Request.
  Time since last request: 0.000070 seconds.
  path: Assets/1Downloads/PolygonVikings/Prefabs/Environments/SM_Env_Rock_06.prefab
  artifactKey: Guid(ce716d5e2c3496941a101c0ccf40d5df) Importer(815301076,1909f56bfc062723c751e8b465ee728b)
Start importing Assets/1Downloads/PolygonVikings/Prefabs/Environments/SM_Env_Rock_06.prefab using Guid(ce716d5e2c3496941a101c0ccf40d5df) Importer(815301076,1909f56bfc062723c751e8b465ee728b)  -> (artifact id: '65129cddb6b701893e3c48af6f3025a4') in 0.009401 seconds 
========================================================================
Received Import Request.
  Time since last request: 0.000094 seconds.
  path: Assets/1Downloads/PolygonVikings/Prefabs/Environments/SM_Env_Dirt_Tile_Large_02.prefab
  artifactKey: Guid(0edfbad2eab44fc459202586624dfd60) Importer(815301076,1909f56bfc062723c751e8b465ee728b)
Start importing Assets/1Downloads/PolygonVikings/Prefabs/Environments/SM_Env_Dirt_Tile_Large_02.prefab using Guid(0edfbad2eab44fc459202586624dfd60) Importer(815301076,1909f56bfc062723c751e8b465ee728b)  -> (artifact id: 'f9374bdc0d4ae2f3b6a760bcfbb0ddcc') in 0.014133 seconds 
========================================================================
Received Import Request.
  Time since last request: 0.000027 seconds.
  path: Assets/1Downloads/PolygonVikings/Prefabs/Environments/SM_Env_Tree_Pine_02.prefab
  artifactKey: Guid(1dc1e39e76eb6e8428d2185bfcf9491f) Importer(815301076,1909f56bfc062723c751e8b465ee728b)
Start importing Assets/1Downloads/PolygonVikings/Prefabs/Environments/SM_Env_Tree_Pine_02.prefab using Guid(1dc1e39e76eb6e8428d2185bfcf9491f) Importer(815301076,1909f56bfc062723c751e8b465ee728b)  -> (artifact id: 'f93b4a87efc7983eabfdd928c4844957') in 0.010382 seconds 
========================================================================
Received Import Request.
  Time since last request: 0.000032 seconds.
  path: Assets/1Downloads/PolygonVikings/Prefabs/Environments/SM_Env_Dirt_Tile_Large_01.prefab
  artifactKey: Guid(bd6a9ab5e7b2ec4488440c51d519bf8b) Importer(815301076,1909f56bfc062723c751e8b465ee728b)
Start importing Assets/1Downloads/PolygonVikings/Prefabs/Environments/SM_Env_Dirt_Tile_Large_01.prefab using Guid(bd6a9ab5e7b2ec4488440c51d519bf8b) Importer(815301076,1909f56bfc062723c751e8b465ee728b)  -> (artifact id: '524d93f004b084aa0f0f704b6af034bb') in 0.013125 seconds 
========================================================================
Received Import Request.
  Time since last request: 0.000068 seconds.
  path: Assets/1Downloads/PolygonVikings/Prefabs/Environments/SM_Env_IceChunk_06.prefab
  artifactKey: Guid(f9eb82beae0445b4f9473ee865ec8097) Importer(815301076,1909f56bfc062723c751e8b465ee728b)
Start importing Assets/1Downloads/PolygonVikings/Prefabs/Environments/SM_Env_IceChunk_06.prefab using Guid(f9eb82beae0445b4f9473ee865ec8097) Importer(815301076,1909f56bfc062723c751e8b465ee728b)  -> (artifact id: '0acb8977776a315efcc7ce628d92494b') in 0.007996 seconds 
========================================================================
Received Import Request.
  Time since last request: 0.000072 seconds.
  path: Assets/1Downloads/PolygonVikings/Prefabs/Environments/SM_Env_Grass_01.prefab
  artifactKey: Guid(2fc9030bab9f973468407234c24224e3) Importer(815301076,1909f56bfc062723c751e8b465ee728b)
Start importing Assets/1Downloads/PolygonVikings/Prefabs/Environments/SM_Env_Grass_01.prefab using Guid(2fc9030bab9f973468407234c24224e3) Importer(815301076,1909f56bfc062723c751e8b465ee728b)  -> (artifact id: 'bd658b7174e557fb489b2afd7f0e4505') in 0.011376 seconds 
========================================================================
Received Import Request.
  Time since last request: 0.000027 seconds.
  path: Assets/1Downloads/PolygonVikings/Prefabs/Environments/SM_Env_Path_Wood_01.prefab
  artifactKey: Guid(9697177fedbac3649907adbcfa9bc15d) Importer(815301076,1909f56bfc062723c751e8b465ee728b)
Start importing Assets/1Downloads/PolygonVikings/Prefabs/Environments/SM_Env_Path_Wood_01.prefab using Guid(9697177fedbac3649907adbcfa9bc15d) Importer(815301076,1909f56bfc062723c751e8b465ee728b)  -> (artifact id: 'a8a7730c6fe635152214fd262ac96d29') in 0.009909 seconds 
========================================================================
Received Prepare
Registering precompiled user dll's ...
Registered in 0.003708 seconds.
Begin MonoManager ReloadAssembly
Symbol file LoadedFromMemory doesn't match image /home/carei/Unity/!GitHub/Ultimate-Viking-Chess/Ultimate Viking Chess/Library/PackageCache/com.unity.visualscripting@1.7.8/Editor/VisualScripting.Core/Dependencies/YamlDotNet/Unity.VisualScripting.YamlDotNet.dll
Symbol file LoadedFromMemory doesn't match image /home/carei/Unity/!GitHub/Ultimate-Viking-Chess/Ultimate Viking Chess/Library/PackageCache/com.unity.visualscripting@1.7.8/Editor/VisualScripting.Core/Dependencies/DotNetZip/Unity.VisualScripting.IonicZip.dll
Native extension for LinuxStandalone target not found
Native extension for WindowsStandalone target not found
Native extension for Android target not found
Native extension for OSXStandalone target not found
Native extension for WebGL target not found
Refreshing native plugins compatible for Editor in 1.06 ms, found 0 plugins.
Preloading 0 native plugins for Editor in 0.00 ms.
Mono: successfully reloaded assembly
- Completed reload, in  1.325 seconds
Domain Reload Profiling:
	ReloadAssembly (1326ms)
		BeginReloadAssembly (126ms)
			ExecutionOrderSort (0ms)
			DisableScriptedObjects (6ms)
			BackupInstance (0ms)
			ReleaseScriptingObjects (0ms)
			CreateAndSetChildDomain (48ms)
		EndReloadAssembly (1087ms)
			LoadAssemblies (56ms)
			RebuildTransferFunctionScriptingTraits (0ms)
			SetupTypeCache (342ms)
			ReleaseScriptCaches (2ms)
			RebuildScriptCaches (95ms)
			SetupLoadedEditorAssemblies (497ms)
				LogAssemblyErrors (0ms)
				InitializePlatformSupportModulesInManaged (43ms)
				SetLoadedEditorAssemblies (1ms)
				RefreshPlugins (1ms)
				BeforeProcessingInitializeOnLoad (87ms)
				ProcessInitializeOnLoadAttributes (323ms)
				ProcessInitializeOnLoadMethodAttributes (34ms)
				AfterProcessingInitializeOnLoad (6ms)
				EditorAssembliesLoaded (0ms)
			ExecutionOrderSort2 (0ms)
			AwakeInstancesAfterBackupRestoration (5ms)
Platform modules already initialized, skipping
Refreshing native plugins compatible for Editor in 3.24 ms, found 0 plugins.
Preloading 0 native plugins for Editor in 0.00 ms.
Unloading 3441 Unused Serialized files (Serialized files now loaded: 0)
Unloading 20 unused Assets / (58.7 KB). Loaded Objects now: 3978.
Memory consumption went from 119.7 MB to 119.7 MB.
Total: 4.848551 ms (FindLiveObjects: 0.348509 ms CreateObjectMapping: 0.284922 ms MarkObjects: 4.048551 ms  DeleteObjects: 0.163634 ms)

AssetImportParameters requested are different than current active one (requested -> active):
  custom:video-decoder-ogg-theora: a1e56fd34408186e4bbccfd4996cb3dc -> 
  custom:container-muxer-webm: aa71ff27fc2769a1b78a27578f13a17b -> 
  custom:container-demuxer-webm: 4f35f7cbe854078d1ac9338744f61a02 -> 
  custom:video-encoder-webm-vp8: eb34c28f22e8b96e1ab97ce403110664 -> 
  custom:audio-encoder-webm-vorbis: bf7c407c2cedff20999df2af8eb42d56 -> 
  custom:container-demuxer-ogg: 62fdf1f143b41e24485cea50d1cbac27 -> 
  custom:video-decoder-webm-vp8: 9c59270c3fd7afecdb556c50c9e8de78 -> 
  custom:audio-decoder-ogg-vorbis: bf7c407c2cedff20999df2af8eb42d56 -> 
========================================================================
Received Prepare
Registering precompiled user dll's ...
Registered in 0.003793 seconds.
Begin MonoManager ReloadAssembly
Symbol file LoadedFromMemory doesn't match image /home/carei/Unity/!GitHub/Ultimate-Viking-Chess/Ultimate Viking Chess/Library/PackageCache/com.unity.visualscripting@1.7.8/Editor/VisualScripting.Core/Dependencies/YamlDotNet/Unity.VisualScripting.YamlDotNet.dll
Symbol file LoadedFromMemory doesn't match image /home/carei/Unity/!GitHub/Ultimate-Viking-Chess/Ultimate Viking Chess/Library/PackageCache/com.unity.visualscripting@1.7.8/Editor/VisualScripting.Core/Dependencies/DotNetZip/Unity.VisualScripting.IonicZip.dll
Native extension for LinuxStandalone target not found
Native extension for WindowsStandalone target not found
Native extension for Android target not found
Native extension for OSXStandalone target not found
Native extension for WebGL target not found
Refreshing native plugins compatible for Editor in 1.61 ms, found 0 plugins.
Preloading 0 native plugins for Editor in 0.00 ms.
Mono: successfully reloaded assembly
- Completed reload, in  1.406 seconds
Domain Reload Profiling:
	ReloadAssembly (1407ms)
		BeginReloadAssembly (138ms)
			ExecutionOrderSort (0ms)
			DisableScriptedObjects (7ms)
			BackupInstance (0ms)
			ReleaseScriptingObjects (0ms)
			CreateAndSetChildDomain (40ms)
		EndReloadAssembly (1148ms)
			LoadAssemblies (75ms)
			RebuildTransferFunctionScriptingTraits (0ms)
			SetupTypeCache (407ms)
			ReleaseScriptCaches (1ms)
			RebuildScriptCaches (68ms)
			SetupLoadedEditorAssemblies (510ms)
				LogAssemblyErrors (0ms)
				InitializePlatformSupportModulesInManaged (43ms)
				SetLoadedEditorAssemblies (2ms)
				RefreshPlugins (2ms)
				BeforeProcessingInitializeOnLoad (89ms)
				ProcessInitializeOnLoadAttributes (332ms)
				ProcessInitializeOnLoadMethodAttributes (35ms)
				AfterProcessingInitializeOnLoad (7ms)
				EditorAssembliesLoaded (0ms)
			ExecutionOrderSort2 (0ms)
			AwakeInstancesAfterBackupRestoration (7ms)
Platform modules already initialized, skipping
Refreshing native plugins compatible for Editor in 2.64 ms, found 0 plugins.
Preloading 0 native plugins for Editor in 0.00 ms.
Unloading 3441 Unused Serialized files (Serialized files now loaded: 0)
Unloading 20 unused Assets / (58.6 KB). Loaded Objects now: 3981.
Memory consumption went from 119.7 MB to 119.7 MB.
Total: 4.571520 ms (FindLiveObjects: 0.354032 ms CreateObjectMapping: 0.251204 ms MarkObjects: 3.756598 ms  DeleteObjects: 0.207122 ms)

AssetImportParameters requested are different than current active one (requested -> active):
  custom:video-decoder-ogg-theora: a1e56fd34408186e4bbccfd4996cb3dc -> 
  custom:container-muxer-webm: aa71ff27fc2769a1b78a27578f13a17b -> 
  custom:container-demuxer-webm: 4f35f7cbe854078d1ac9338744f61a02 -> 
  custom:video-encoder-webm-vp8: eb34c28f22e8b96e1ab97ce403110664 -> 
  custom:audio-encoder-webm-vorbis: bf7c407c2cedff20999df2af8eb42d56 -> 
  custom:container-demuxer-ogg: 62fdf1f143b41e24485cea50d1cbac27 -> 
  custom:video-decoder-webm-vp8: 9c59270c3fd7afecdb556c50c9e8de78 -> 
  custom:audio-decoder-ogg-vorbis: bf7c407c2cedff20999df2af8eb42d56 -> 
