Unity Editor version:    2021.3.14f1 (eee1884e7226)
Branch:                  2021.3/staging
Build type:              Release
Batch mode:              YES
System name:             Linux
Distro version:          #26~22.04.1-Ubuntu SMP PREEMPT_DYNAMIC Thu Jul 13 16:27:29 UTC 2
Kernel version:          6.2.0-26-generic
Architecture:            x86_64
Available memory:        15643 MB
Using pre-set license
Pro License: YES

(Unity:64111): Gdk-CRITICAL **: 21:47:13.421: gdk_window_get_cursor: assertion 'GDK_IS_WINDOW (window)' failed
Desktop is 1920 x 1080 @ 60 Hz
Initialize udev device monitor.

COMMAND LINE ARGUMENTS:
Unity
-adb2
-batchMode
-noUpm
-name
AssetImportWorker0
-projectPath
/home/carei/Unity/!GitHub/Ultimate-Viking-Chess/Ultimate Viking Chess
-logFile
Logs/AssetImportWorker0.log
-srvPort
34311
Successfully changed project path to: /home/carei/Unity/!GitHub/Ultimate-Viking-Chess/Ultimate Viking Chess
/home/carei/Unity/!GitHub/Ultimate-Viking-Chess/Ultimate Viking Chess
[UnityMemory] Configuration Parameters - Can be set up in boot.config
    "memorysetup-bucket-allocator-granularity=16"
    "memorysetup-bucket-allocator-bucket-count=8"
    "memorysetup-bucket-allocator-block-size=33554432"
    "memorysetup-bucket-allocator-block-count=8"
    "memorysetup-main-allocator-block-size=16777216"
    "memorysetup-thread-allocator-block-size=16777216"
    "memorysetup-gfx-main-allocator-block-size=16777216"
    "memorysetup-gfx-thread-allocator-block-size=16777216"
    "memorysetup-cache-allocator-block-size=4194304"
    "memorysetup-typetree-allocator-block-size=2097152"
    "memorysetup-profiler-bucket-allocator-granularity=16"
    "memorysetup-profiler-bucket-allocator-bucket-count=8"
    "memorysetup-profiler-bucket-allocator-block-size=33554432"
    "memorysetup-profiler-bucket-allocator-block-count=8"
    "memorysetup-profiler-allocator-block-size=16777216"
    "memorysetup-profiler-editor-allocator-block-size=1048576"
    "memorysetup-temp-allocator-size-main=16777216"
    "memorysetup-job-temp-allocator-block-size=2097152"
    "memorysetup-job-temp-allocator-block-size-background=1048576"
    "memorysetup-job-temp-allocator-reduction-small-platforms=262144"
    "memorysetup-temp-allocator-size-background-worker=32768"
    "memorysetup-temp-allocator-size-job-worker=262144"
    "memorysetup-temp-allocator-size-preload-manager=33554432"
    "memorysetup-temp-allocator-size-nav-mesh-worker=65536"
    "memorysetup-temp-allocator-size-audio-worker=65536"
    "memorysetup-temp-allocator-size-cloud-worker=32768"
    "memorysetup-temp-allocator-size-gi-baking-worker=262144"
    "memorysetup-temp-allocator-size-gfx=262144"
Refreshing native plugins compatible for Editor in 116.45 ms, found 0 plugins.
Preloading 0 native plugins for Editor in 0.00 ms.
Initialize engine version: 2021.3.14f1 (eee1884e7226)
[Subsystems] Discovering subsystems at path /home/carei/Unity/Hub/Editor/2021.3.14f1/Editor/Data/Resources/UnitySubsystems
[Subsystems] Discovering subsystems at path /home/carei/Unity/!GitHub/Ultimate-Viking-Chess/Ultimate Viking Chess/Assets
GLX Extensions: GLX_ARB_context_flush_control GLX_ARB_create_context GLX_ARB_create_context_no_error GLX_ARB_create_context_profile GLX_ARB_create_context_robustness GLX_ARB_fbconfig_float GLX_ARB_framebuffer_sRGB GLX_ARB_get_proc_address GLX_ARB_multisample GLX_EXT_buffer_age GLX_EXT_create_context_es2_profile GLX_EXT_create_context_es_profile GLX_EXT_fbconfig_packed_float GLX_EXT_framebuffer_sRGB GLX_EXT_no_config_context GLX_EXT_swap_control GLX_EXT_swap_control_tear GLX_EXT_texture_from_pixmap GLX_EXT_visual_info GLX_EXT_visual_rating GLX_MESA_copy_sub_buffer GLX_MESA_query_renderer GLX_MESA_swap_control GLX_OML_swap_method GLX_OML_sync_control GLX_SGIS_multisample GLX_SGIX_fbconfig GLX_SGIX_pbuffer GLX_SGIX_visual_select_group GLX_SGI_make_current_read GLX_SGI_video_sync 
Renderer: Mesa Intel(R) UHD Graphics (CML GT2)
Vendor:   Intel
Version:  4.6 (Core Profile) Mesa 23.0.4-0ubuntu1~22.04.1
GLES:     0
 GL_3DFX_texture_compression_FXT1 GL_AMD_conservative_depth GL_AMD_depth_clamp_separate GL_AMD_draw_buffers_blend GL_AMD_gpu_shader_int64 GL_AMD_multi_draw_indirect GL_AMD_performance_monitor GL_AMD_pinned_memory GL_AMD_query_buffer_object GL_AMD_seamless_cubemap_per_texture GL_AMD_shader_stencil_export GL_AMD_shader_trinary_minmax GL_AMD_texture_texture4 GL_AMD_vertex_shader_layer GL_AMD_vertex_shader_viewport_index GL_ANGLE_texture_compression_dxt3 GL_ANGLE_texture_compression_dxt5 GL_ARB_ES2_compatibility GL_ARB_ES3_1_compatibility GL_ARB_ES3_2_compatibility GL_ARB_ES3_compatibility GL_ARB_arrays_of_arrays GL_ARB_base_instance GL_ARB_blend_func_extended GL_ARB_buffer_storage GL_ARB_clear_buffer_object GL_ARB_clear_texture GL_ARB_clip_control GL_ARB_compressed_texture_pixel_storage GL_ARB_compute_shader GL_ARB_compute_variable_group_size GL_ARB_conditional_render_inverted GL_ARB_conservative_depth GL_ARB_copy_buffer GL_ARB_copy_image GL_ARB_cull_distance GL_ARB_debug_output GL_ARB_depth_buffer_float GL_ARB
_depth_clamp GL_ARB_derivative_control GL_ARB_direct_state_access GL_ARB_draw_buffers GL_ARB_draw_buffers_blend GL_ARB_draw_elements_base_vertex GL_ARB_draw_indirect GL_ARB_draw_instanced GL_ARB_enhanced_layouts GL_ARB_explicit_attrib_location GL_ARB_explicit_uniform_location GL_ARB_fragment_coord_conventions GL_ARB_fragment_layer_viewport GL_ARB_fragment_shader GL_ARB_fragment_shader_interlock GL_ARB_framebuffer_no_attachments GL_ARB_framebuffer_object GL_ARB_framebuffer_sRGB GL_ARB_get_program_binary GL_ARB_get_texture_sub_image GL_ARB_gl_spirv GL_ARB_gpu_shader5 GL_ARB_gpu_shader_fp64 GL_ARB_gpu_shader_int64 GL_ARB_half_float_pixel GL_ARB_half_float_vertex GL_ARB_indirect_parameters GL_ARB_instanced_arrays GL_ARB_internalformat_query GL_ARB_internalformat_query2 GL_ARB_invalidate_subdata GL_ARB_map_buffer_alignment GL_ARB_map_buffer_range GL_ARB_multi_bind GL_ARB_multi_draw_indirect GL_ARB_occlusion_query2 GL_ARB_parallel_shader_compile GL_ARB_pipeline_statistics_query GL_ARB_pixel_buffer_object GL_ARB_po
int_sprite GL_ARB_polygon_offset_clamp GL_ARB_post_depth_coverage GL_ARB_program_interface_query GL_ARB_provoking_vertex GL_ARB_query_buffer_object GL_ARB_robust_buffer_access_behavior GL_ARB_robustness GL_ARB_sample_shading GL_ARB_sampler_objects GL_ARB_seamless_cube_map GL_ARB_seamless_cubemap_per_texture GL_ARB_separate_shader_objects GL_ARB_shader_atomic_counter_ops GL_ARB_shader_atomic_counters GL_ARB_shader_ballot GL_ARB_shader_bit_encoding GL_ARB_shader_clock GL_ARB_shader_draw_parameters GL_ARB_shader_group_vote GL_ARB_shader_image_load_store GL_ARB_shader_image_size GL_ARB_shader_objects GL_ARB_shader_precision GL_ARB_shader_stencil_export GL_ARB_shader_storage_buffer_object GL_ARB_shader_subroutine GL_ARB_shader_texture_image_samples GL_ARB_shader_texture_lod GL_ARB_shader_viewport_layer_array GL_ARB_shading_language_420pack GL_ARB_shading_language_include GL_ARB_shading_language_packing GL_ARB_spirv_extensions GL_ARB_stencil_texturing GL_ARB_sync GL_ARB_tessellation_shader GL_ARB_texture_barrier G
L_ARB_texture_buffer_object GL_ARB_texture_buffer_object_rgb32 GL_ARB_texture_buffer_range GL_ARB_texture_compression_bptc GL_ARB_texture_compression_rgtc GL_ARB_texture_cube_map_array GL_ARB_texture_filter_anisotropic GL_ARB_texture_float GL_ARB_texture_gather GL_ARB_texture_mirror_clamp_to_edge GL_ARB_texture_multisample GL_ARB_texture_non_power_of_two GL_ARB_texture_query_levels GL_ARB_texture_query_lod GL_ARB_texture_rectangle GL_ARB_texture_rg GL_ARB_texture_rgb10_a2ui GL_ARB_texture_stencil8 GL_ARB_texture_storage GL_ARB_texture_storage_multisample GL_ARB_texture_swizzle GL_ARB_texture_view GL_ARB_timer_query GL_ARB_transform_feedback2 GL_ARB_transform_feedback3 GL_ARB_transform_feedback_instanced GL_ARB_transform_feedback_overflow_query GL_ARB_uniform_buffer_object GL_ARB_vertex_array_bgra GL_ARB_vertex_array_object GL_ARB_vertex_attrib_64bit GL_ARB_vertex_attrib_binding GL_ARB_vertex_buffer_object GL_ARB_vertex_shader GL_ARB_vertex_type_10f_11f_11f_rev GL_ARB_vertex_type_2_10_10_10_rev GL_ARB_viewpor
t_array GL_ATI_blend_equation_separate GL_ATI_texture_float GL_EXT_EGL_image_storage GL_EXT_EGL_sync GL_EXT_abgr GL_EXT_blend_equation_separate GL_EXT_debug_label GL_EXT_demote_to_helper_invocation GL_EXT_draw_buffers2 GL_EXT_draw_instanced GL_EXT_framebuffer_blit GL_EXT_framebuffer_multisample GL_EXT_framebuffer_multisample_blit_scaled GL_EXT_framebuffer_object GL_EXT_framebuffer_sRGB GL_EXT_memory_object GL_EXT_memory_object_fd GL_EXT_packed_depth_stencil GL_EXT_packed_float GL_EXT_pixel_buffer_object GL_EXT_polygon_offset_clamp GL_EXT_provoking_vertex GL_EXT_semaphore GL_EXT_semaphore_fd GL_EXT_shader_framebuffer_fetch GL_EXT_shader_framebuffer_fetch_non_coherent GL_EXT_shader_integer_mix GL_EXT_shader_samples_identical GL_EXT_texture_array GL_EXT_texture_compression_dxt1 GL_EXT_texture_compression_rgtc GL_EXT_texture_compression_s3tc GL_EXT_texture_filter_anisotropic GL_EXT_texture_integer GL_EXT_texture_sRGB GL_EXT_texture_sRGB_R8 GL_EXT_texture_sRGB_decode GL_EXT_texture_shadow_lod GL_EXT_texture_share
d_exponent GL_EXT_texture_snorm GL_EXT_texture_swizzle GL_EXT_timer_query GL_EXT_transform_feedback GL_EXT_vertex_array_bgra GL_EXT_vertex_attrib_64bit GL_IBM_multimode_draw_arrays GL_INTEL_blackhole_render GL_INTEL_conservative_rasterization GL_INTEL_performance_query GL_INTEL_shader_atomic_float_minmax GL_INTEL_shader_integer_functions2 GL_KHR_blend_equation_advanced GL_KHR_blend_equation_advanced_coherent GL_KHR_context_flush_control GL_KHR_debug GL_KHR_no_error GL_KHR_parallel_shader_compile GL_KHR_robust_buffer_access_behavior GL_KHR_robustness GL_KHR_texture_compression_astc_ldr GL_KHR_texture_compression_astc_sliced_3d GL_MESA_framebuffer_flip_y GL_MESA_pack_invert GL_MESA_shader_integer_functions GL_MESA_texture_signed_rgba GL_NV_alpha_to_coverage_dither_control GL_NV_compute_shader_derivatives GL_NV_conditional_render GL_NV_copy_image GL_NV_depth_clamp GL_NV_fragment_shader_interlock GL_NV_packed_depth_stencil GL_NV_texture_barrier GL_OES_EGL_image GL_S3_s3tc
OPENGL LOG: Creating OpenGL 4.6 graphics device ; Context level  <OpenGL 4.5> ; Context handle 1205003504
Initialize mono
Mono path[0] = '/home/carei/Unity/Hub/Editor/2021.3.14f1/Editor/Data/Managed'
Mono path[1] = '/home/carei/Unity/Hub/Editor/2021.3.14f1/Editor/Data/MonoBleedingEdge/lib/mono/unityjit-linux'
Mono config path = '/home/carei/Unity/Hub/Editor/2021.3.14f1/Editor/Data/MonoBleedingEdge/etc'
Using monoOptions --debugger-agent=transport=dt_socket,embedding=1,server=y,suspend=n,address=127.0.0.1:56111
Begin MonoManager ReloadAssembly
Registering precompiled unity dll's ...
Register platform support module: /home/carei/Unity/Hub/Editor/2021.3.14f1/Editor/Data/PlaybackEngines/WebGLSupport/UnityEditor.WebGL.Extensions.dll
Register platform support module: /home/carei/Unity/Hub/Editor/2021.3.14f1/Editor/Data/PlaybackEngines/MacStandaloneSupport/UnityEditor.OSXStandalone.Extensions.dll
Register platform support module: /home/carei/Unity/Hub/Editor/2021.3.14f1/Editor/Data/PlaybackEngines/AndroidPlayer/UnityEditor.Android.Extensions.dll
Register platform support module: /home/carei/Unity/Hub/Editor/2021.3.14f1/Editor/Data/PlaybackEngines/WindowsStandaloneSupport/UnityEditor.WindowsStandalone.Extensions.dll
Register platform support module: /home/carei/Unity/Hub/Editor/2021.3.14f1/Editor/Data/PlaybackEngines/LinuxStandaloneSupport/UnityEditor.LinuxStandalone.Extensions.dll
Registered in 0.008347 seconds.
Native extension for LinuxStandalone target not found
Native extension for WindowsStandalone target not found
Native extension for Android target not found
Native extension for OSXStandalone target not found
Native extension for WebGL target not found
Refreshing native plugins compatible for Editor in 117.74 ms, found 0 plugins.
Preloading 0 native plugins for Editor in 0.00 ms.
Mono: successfully reloaded assembly
- Completed reload, in  0.777 seconds
Domain Reload Profiling:
	ReloadAssembly (777ms)
		BeginReloadAssembly (58ms)
			ExecutionOrderSort (0ms)
			DisableScriptedObjects (0ms)
			BackupInstance (0ms)
			ReleaseScriptingObjects (0ms)
			CreateAndSetChildDomain (1ms)
		EndReloadAssembly (585ms)
			LoadAssemblies (57ms)
			RebuildTransferFunctionScriptingTraits (0ms)
			SetupTypeCache (130ms)
			ReleaseScriptCaches (0ms)
			RebuildScriptCaches (39ms)
			SetupLoadedEditorAssemblies (356ms)
				LogAssemblyErrors (0ms)
				InitializePlatformSupportModulesInManaged (68ms)
				SetLoadedEditorAssemblies (0ms)
				RefreshPlugins (118ms)
				BeforeProcessingInitializeOnLoad (1ms)
				ProcessInitializeOnLoadAttributes (117ms)
				ProcessInitializeOnLoadMethodAttributes (52ms)
				AfterProcessingInitializeOnLoad (0ms)
				EditorAssembliesLoaded (0ms)
			ExecutionOrderSort2 (0ms)
			AwakeInstancesAfterBackupRestoration (0ms)
Platform modules already initialized, skipping
Registering precompiled user dll's ...
Registered in 0.003984 seconds.
Begin MonoManager ReloadAssembly
Symbol file LoadedFromMemory doesn't match image /home/carei/Unity/!GitHub/Ultimate-Viking-Chess/Ultimate Viking Chess/Library/PackageCache/com.unity.visualscripting@1.7.8/Editor/VisualScripting.Core/Dependencies/YamlDotNet/Unity.VisualScripting.YamlDotNet.dll
Symbol file LoadedFromMemory doesn't match image /home/carei/Unity/!GitHub/Ultimate-Viking-Chess/Ultimate Viking Chess/Library/PackageCache/com.unity.visualscripting@1.7.8/Editor/VisualScripting.Core/Dependencies/DotNetZip/Unity.VisualScripting.IonicZip.dll
Native extension for LinuxStandalone target not found
Native extension for WindowsStandalone target not found
Native extension for Android target not found
Native extension for OSXStandalone target not found
Native extension for WebGL target not found
Refreshing native plugins compatible for Editor in 1.03 ms, found 0 plugins.
Preloading 0 native plugins for Editor in 0.00 ms.
Mono: successfully reloaded assembly
- Completed reload, in  1.361 seconds
Domain Reload Profiling:
	ReloadAssembly (1362ms)
		BeginReloadAssembly (215ms)
			ExecutionOrderSort (0ms)
			DisableScriptedObjects (9ms)
			BackupInstance (0ms)
			ReleaseScriptingObjects (0ms)
			CreateAndSetChildDomain (131ms)
		EndReloadAssembly (1018ms)
			LoadAssemblies (65ms)
			RebuildTransferFunctionScriptingTraits (0ms)
			SetupTypeCache (348ms)
			ReleaseScriptCaches (2ms)
			RebuildScriptCaches (71ms)
			SetupLoadedEditorAssemblies (467ms)
				LogAssemblyErrors (0ms)
				InitializePlatformSupportModulesInManaged (34ms)
				SetLoadedEditorAssemblies (1ms)
				RefreshPlugins (1ms)
				BeforeProcessingInitializeOnLoad (107ms)
				ProcessInitializeOnLoadAttributes (287ms)
				ProcessInitializeOnLoadMethodAttributes (29ms)
				AfterProcessingInitializeOnLoad (8ms)
				EditorAssembliesLoaded (0ms)
			ExecutionOrderSort2 (0ms)
			AwakeInstancesAfterBackupRestoration (4ms)
Platform modules already initialized, skipping
========================================================================
Worker process is ready to serve import requests
Launched and connected shader compiler UnityShaderCompiler after 0.01 seconds
Refreshing native plugins compatible for Editor in 0.81 ms, found 0 plugins.
Preloading 0 native plugins for Editor in 0.00 ms.
Unloading 3459 Unused Serialized files (Serialized files now loaded: 0)
Unloading 27 unused Assets / (75.2 KB). Loaded Objects now: 3919.
Memory consumption went from 118.1 MB to 118.0 MB.
Total: 4.300543 ms (FindLiveObjects: 0.291952 ms CreateObjectMapping: 0.274361 ms MarkObjects: 3.562198 ms  DeleteObjects: 0.170777 ms)

AssetImportParameters requested are different than current active one (requested -> active):
  custom:video-decoder-ogg-theora: a1e56fd34408186e4bbccfd4996cb3dc -> 
  custom:container-muxer-webm: aa71ff27fc2769a1b78a27578f13a17b -> 
  custom:container-demuxer-webm: 4f35f7cbe854078d1ac9338744f61a02 -> 
  custom:video-encoder-webm-vp8: eb34c28f22e8b96e1ab97ce403110664 -> 
  custom:audio-encoder-webm-vorbis: bf7c407c2cedff20999df2af8eb42d56 -> 
  custom:container-demuxer-ogg: 62fdf1f143b41e24485cea50d1cbac27 -> 
  custom:video-decoder-webm-vp8: 9c59270c3fd7afecdb556c50c9e8de78 -> 
  custom:audio-decoder-ogg-vorbis: bf7c407c2cedff20999df2af8eb42d56 -> 
========================================================================
Received Import Request.
  Time since last request: 6134.759401 seconds.
  path: Assets/4Sprites/Border.png
  artifactKey: Guid(e75160dbe38def873809ac0ad6efad39) Importer(815301076,1909f56bfc062723c751e8b465ee728b)
Start importing Assets/4Sprites/Border.png using Guid(e75160dbe38def873809ac0ad6efad39) Importer(815301076,1909f56bfc062723c751e8b465ee728b)  -> (artifact id: '2f66516e4408edad56abe32cd8a177a1') in 0.103244 seconds 
========================================================================
Received Import Request.
  Time since last request: 76.170208 seconds.
  path: Assets/4Sprites/Border.png
  artifactKey: Guid(e75160dbe38def873809ac0ad6efad39) Importer(815301076,1909f56bfc062723c751e8b465ee728b)
Start importing Assets/4Sprites/Border.png using Guid(e75160dbe38def873809ac0ad6efad39) Importer(815301076,1909f56bfc062723c751e8b465ee728b)  -> (artifact id: '820e0c169af972947acd0e9c6b2c7000') in 0.018323 seconds 
========================================================================
Received Import Request.
  Time since last request: 16.798666 seconds.
  path: Assets/4Sprites/Border.png
  artifactKey: Guid(e75160dbe38def873809ac0ad6efad39) Importer(815301076,1909f56bfc062723c751e8b465ee728b)
Start importing Assets/4Sprites/Border.png using Guid(e75160dbe38def873809ac0ad6efad39) Importer(815301076,1909f56bfc062723c751e8b465ee728b)  -> (artifact id: '13203140972f0bd000c4249b86ea95a6') in 0.022866 seconds 
========================================================================
Received Import Request.
  Time since last request: 9.726867 seconds.
  path: Assets/4Sprites/Border.png
  artifactKey: Guid(e75160dbe38def873809ac0ad6efad39) Importer(815301076,1909f56bfc062723c751e8b465ee728b)
Start importing Assets/4Sprites/Border.png using Guid(e75160dbe38def873809ac0ad6efad39) Importer(815301076,1909f56bfc062723c751e8b465ee728b)  -> (artifact id: '24e80b0c87a6cd5892df613212aaf1f7') in 0.019674 seconds 
========================================================================
Received Import Request.
  Time since last request: 71.930782 seconds.
  path: Assets/4Sprites/Border.png
  artifactKey: Guid(e75160dbe38def873809ac0ad6efad39) Importer(815301076,1909f56bfc062723c751e8b465ee728b)
Start importing Assets/4Sprites/Border.png using Guid(e75160dbe38def873809ac0ad6efad39) Importer(815301076,1909f56bfc062723c751e8b465ee728b)  -> (artifact id: '4703fe7b9453a99d28f402b7d4f83f60') in 0.024377 seconds 
========================================================================
Received Import Request.
  Time since last request: 27.031620 seconds.
  path: Assets/4Sprites/Border.png
  artifactKey: Guid(e75160dbe38def873809ac0ad6efad39) Importer(815301076,1909f56bfc062723c751e8b465ee728b)
Start importing Assets/4Sprites/Border.png using Guid(e75160dbe38def873809ac0ad6efad39) Importer(815301076,1909f56bfc062723c751e8b465ee728b)  -> (artifact id: '7ff042a780e1f0dedc471ddc4478a682') in 0.017088 seconds 
========================================================================
Received Import Request.
  Time since last request: 25.230702 seconds.
  path: Assets/4Sprites/Border.png
  artifactKey: Guid(e75160dbe38def873809ac0ad6efad39) Importer(815301076,1909f56bfc062723c751e8b465ee728b)
Start importing Assets/4Sprites/Border.png using Guid(e75160dbe38def873809ac0ad6efad39) Importer(815301076,1909f56bfc062723c751e8b465ee728b)  -> (artifact id: 'bf5885811b147a6408b48a3285a3d9cb') in 0.021768 seconds 
========================================================================
Received Import Request.
  Time since last request: 14.224296 seconds.
  path: Assets/4Sprites/Border.png
  artifactKey: Guid(e75160dbe38def873809ac0ad6efad39) Importer(815301076,1909f56bfc062723c751e8b465ee728b)
Start importing Assets/4Sprites/Border.png using Guid(e75160dbe38def873809ac0ad6efad39) Importer(815301076,1909f56bfc062723c751e8b465ee728b)  -> (artifact id: 'b6e8d524a15bda591a41893f0a55b5f8') in 0.019143 seconds 
========================================================================
Received Import Request.
  Time since last request: 64.229663 seconds.
  path: Assets/4Sprites/Border.png
  artifactKey: Guid(e75160dbe38def873809ac0ad6efad39) Importer(815301076,1909f56bfc062723c751e8b465ee728b)
Start importing Assets/4Sprites/Border.png using Guid(e75160dbe38def873809ac0ad6efad39) Importer(815301076,1909f56bfc062723c751e8b465ee728b)  -> (artifact id: 'e1d104dfae891cbaf13f25d6f02cb886') in 0.133024 seconds 
========================================================================
Received Import Request.
  Time since last request: 495.387754 seconds.
  path: Assets/4Sprites/Border2.png
  artifactKey: Guid(5a8298a8ee0186f4189a61ff904f1eb6) Importer(815301076,1909f56bfc062723c751e8b465ee728b)
Start importing Assets/4Sprites/Border2.png using Guid(5a8298a8ee0186f4189a61ff904f1eb6) Importer(815301076,1909f56bfc062723c751e8b465ee728b)  -> (artifact id: '075f9207f686777c9036119bee9edb94') in 0.008812 seconds 
========================================================================
Received Import Request.
  Time since last request: 66.249855 seconds.
  path: Assets/4Sprites/Border2.png
  artifactKey: Guid(5a8298a8ee0186f4189a61ff904f1eb6) Importer(815301076,1909f56bfc062723c751e8b465ee728b)
Start importing Assets/4Sprites/Border2.png using Guid(5a8298a8ee0186f4189a61ff904f1eb6) Importer(815301076,1909f56bfc062723c751e8b465ee728b)  -> (artifact id: 'fa7073422c29fe781ecf6ea23e3e1762') in 0.007907 seconds 
========================================================================
Received Import Request.
  Time since last request: 4.120428 seconds.
  path: Assets/4Sprites/Border2.png
  artifactKey: Guid(5a8298a8ee0186f4189a61ff904f1eb6) Importer(815301076,1909f56bfc062723c751e8b465ee728b)
Start importing Assets/4Sprites/Border2.png using Guid(5a8298a8ee0186f4189a61ff904f1eb6) Importer(815301076,1909f56bfc062723c751e8b465ee728b)  -> (artifact id: '59f039f64f3ba55718d6be54b3eeffe6') in 0.017056 seconds 
========================================================================
Received Import Request.
  Time since last request: 47.057555 seconds.
  path: Assets/4Sprites/Border2.png
  artifactKey: Guid(5a8298a8ee0186f4189a61ff904f1eb6) Importer(815301076,1909f56bfc062723c751e8b465ee728b)
Start importing Assets/4Sprites/Border2.png using Guid(5a8298a8ee0186f4189a61ff904f1eb6) Importer(815301076,1909f56bfc062723c751e8b465ee728b)  -> (artifact id: '0bb537f388cefa4dc3a29ea7a42c484f') in 0.015066 seconds 
========================================================================
Received Prepare
Registering precompiled user dll's ...
Registered in 0.003688 seconds.
Begin MonoManager ReloadAssembly
Symbol file LoadedFromMemory doesn't match image /home/carei/Unity/!GitHub/Ultimate-Viking-Chess/Ultimate Viking Chess/Library/PackageCache/com.unity.visualscripting@1.7.8/Editor/VisualScripting.Core/Dependencies/YamlDotNet/Unity.VisualScripting.YamlDotNet.dll
Symbol file LoadedFromMemory doesn't match image /home/carei/Unity/!GitHub/Ultimate-Viking-Chess/Ultimate Viking Chess/Library/PackageCache/com.unity.visualscripting@1.7.8/Editor/VisualScripting.Core/Dependencies/DotNetZip/Unity.VisualScripting.IonicZip.dll
Native extension for LinuxStandalone target not found
Native extension for WindowsStandalone target not found
Native extension for Android target not found
Native extension for OSXStandalone target not found
Native extension for WebGL target not found
Refreshing native plugins compatible for Editor in 0.97 ms, found 0 plugins.
Preloading 0 native plugins for Editor in 0.00 ms.
Mono: successfully reloaded assembly
- Completed reload, in  1.183 seconds
Domain Reload Profiling:
	ReloadAssembly (1184ms)
		BeginReloadAssembly (133ms)
			ExecutionOrderSort (0ms)
			DisableScriptedObjects (6ms)
			BackupInstance (0ms)
			ReleaseScriptingObjects (0ms)
			CreateAndSetChildDomain (48ms)
		EndReloadAssembly (936ms)
			LoadAssemblies (63ms)
			RebuildTransferFunctionScriptingTraits (0ms)
			SetupTypeCache (323ms)
			ReleaseScriptCaches (1ms)
			RebuildScriptCaches (61ms)
			SetupLoadedEditorAssemblies (414ms)
				LogAssemblyErrors (0ms)
				InitializePlatformSupportModulesInManaged (35ms)
				SetLoadedEditorAssemblies (1ms)
				RefreshPlugins (1ms)
				BeforeProcessingInitializeOnLoad (76ms)
				ProcessInitializeOnLoadAttributes (267ms)
				ProcessInitializeOnLoadMethodAttributes (28ms)
				AfterProcessingInitializeOnLoad (7ms)
				EditorAssembliesLoaded (0ms)
			ExecutionOrderSort2 (0ms)
			AwakeInstancesAfterBackupRestoration (4ms)
Platform modules already initialized, skipping
Refreshing native plugins compatible for Editor in 3.13 ms, found 0 plugins.
Preloading 0 native plugins for Editor in 0.00 ms.
Unloading 3441 Unused Serialized files (Serialized files now loaded: 0)
Unloading 20 unused Assets / (58.4 KB). Loaded Objects now: 3938.
Memory consumption went from 118.8 MB to 118.8 MB.
Total: 6.070832 ms (FindLiveObjects: 0.402289 ms CreateObjectMapping: 0.493665 ms MarkObjects: 4.947252 ms  DeleteObjects: 0.226000 ms)

AssetImportParameters requested are different than current active one (requested -> active):
  custom:video-decoder-ogg-theora: a1e56fd34408186e4bbccfd4996cb3dc -> 
  custom:container-muxer-webm: aa71ff27fc2769a1b78a27578f13a17b -> 
  custom:container-demuxer-webm: 4f35f7cbe854078d1ac9338744f61a02 -> 
  custom:video-encoder-webm-vp8: eb34c28f22e8b96e1ab97ce403110664 -> 
  custom:audio-encoder-webm-vorbis: bf7c407c2cedff20999df2af8eb42d56 -> 
  custom:container-demuxer-ogg: 62fdf1f143b41e24485cea50d1cbac27 -> 
  custom:video-decoder-webm-vp8: 9c59270c3fd7afecdb556c50c9e8de78 -> 
  custom:audio-decoder-ogg-vorbis: bf7c407c2cedff20999df2af8eb42d56 -> 
========================================================================
Received Import Request.
  Time since last request: 3375.381839 seconds.
  path: Assets/4Sprites/vecteezy_store-icon-design-vector-symbol-market-retail-building_.jpg
  artifactKey: Guid(882db0f145dab7736b58697024ff2b82) Importer(815301076,1909f56bfc062723c751e8b465ee728b)
Start importing Assets/4Sprites/vecteezy_store-icon-design-vector-symbol-market-retail-building_.jpg using Guid(882db0f145dab7736b58697024ff2b82) Importer(815301076,1909f56bfc062723c751e8b465ee728b)  -> (artifact id: 'd1ef508f12c8e5291654d2ef12104058') in 0.059381 seconds 
========================================================================
Received Import Request.
  Time since last request: 2.267896 seconds.
  path: Assets/4Sprites/Vecteezy-License-Information.pdf
  artifactKey: Guid(e2a2fb3d2e5142241b97acca2d3d517a) Importer(815301076,1909f56bfc062723c751e8b465ee728b)
Start importing Assets/4Sprites/Vecteezy-License-Information.pdf using Guid(e2a2fb3d2e5142241b97acca2d3d517a) Importer(815301076,1909f56bfc062723c751e8b465ee728b)  -> (artifact id: 'bd8f6d2b2c4ec1a758014ceeff35f670') in 0.001316 seconds 
========================================================================
Received Import Request.
  Time since last request: 3.423101 seconds.
  path: Assets/4Sprites/vecteezy_store-icon-design-vector-symbol-market-retail-building_.eps
  artifactKey: Guid(44371dd891ce83feeb304c017b9c6491) Importer(815301076,1909f56bfc062723c751e8b465ee728b)
Start importing Assets/4Sprites/vecteezy_store-icon-design-vector-symbol-market-retail-building_.eps using Guid(44371dd891ce83feeb304c017b9c6491) Importer(815301076,1909f56bfc062723c751e8b465ee728b)  -> (artifact id: '1fffa87cdce5d05888494af403971083') in 0.001144 seconds 
========================================================================
Received Import Request.
  Time since last request: 2.333858 seconds.
  path: Assets/4Sprites/tavern
  artifactKey: Guid(0a3a7cf61e35c94e3a0d493c5bfaf6a1) Importer(815301076,1909f56bfc062723c751e8b465ee728b)
Start importing Assets/4Sprites/tavern using Guid(0a3a7cf61e35c94e3a0d493c5bfaf6a1) Importer(815301076,1909f56bfc062723c751e8b465ee728b)  -> (artifact id: '05154104a932009aacd956ea9b53761e') in 0.001226 seconds 
========================================================================
Received Import Request.
  Time since last request: 75.922384 seconds.
  path: Assets/4Sprites/ShopIcon.png
  artifactKey: Guid(df657653ee1240b57b754ad3bf63d956) Importer(815301076,1909f56bfc062723c751e8b465ee728b)
Start importing Assets/4Sprites/ShopIcon.png using Guid(df657653ee1240b57b754ad3bf63d956) Importer(815301076,1909f56bfc062723c751e8b465ee728b)  -> (artifact id: 'bd76b8fec228efd974a279388561d598') in 0.006394 seconds 
========================================================================
Received Import Request.
  Time since last request: 10.379927 seconds.
  path: Assets/4Sprites/ShopIcon.png
  artifactKey: Guid(df657653ee1240b57b754ad3bf63d956) Importer(815301076,1909f56bfc062723c751e8b465ee728b)
Start importing Assets/4Sprites/ShopIcon.png using Guid(df657653ee1240b57b754ad3bf63d956) Importer(815301076,1909f56bfc062723c751e8b465ee728b)  -> (artifact id: 'acca7109c462541e1688f141f99f8238') in 0.007104 seconds 
========================================================================
Received Import Request.
  Time since last request: 25.239169 seconds.
  path: Assets/4Sprites/ShopIcon.png
  artifactKey: Guid(df657653ee1240b57b754ad3bf63d956) Importer(815301076,1909f56bfc062723c751e8b465ee728b)
Start importing Assets/4Sprites/ShopIcon.png using Guid(df657653ee1240b57b754ad3bf63d956) Importer(815301076,1909f56bfc062723c751e8b465ee728b)  -> (artifact id: '135a0e600a940e62d22fbd64fa2e74d2') in 0.034717 seconds 
========================================================================
Received Import Request.
  Time since last request: 11.734507 seconds.
  path: Assets/TextMesh Pro/Examples & Extras/Resources/Fonts & Materials/Bangers SDF.asset
  artifactKey: Guid(125cb55b44b24c4393181402bc6200e6) Importer(815301076,1909f56bfc062723c751e8b465ee728b)
Start importing Assets/TextMesh Pro/Examples & Extras/Resources/Fonts & Materials/Bangers SDF.asset using Guid(125cb55b44b24c4393181402bc6200e6) Importer(815301076,1909f56bfc062723c751e8b465ee728b)  -> (artifact id: 'e1c611709876884a8c8275e4afbebdd8') in 0.066561 seconds 
========================================================================
Received Import Request.
  Time since last request: 0.000020 seconds.
  path: Assets/TextMesh Pro/Resources/Fonts & Materials/LiberationSans SDF - Fallback.asset
  artifactKey: Guid(2e498d1c8094910479dc3e1b768306a4) Importer(815301076,1909f56bfc062723c751e8b465ee728b)
Start importing Assets/TextMesh Pro/Resources/Fonts & Materials/LiberationSans SDF - Fallback.asset using Guid(2e498d1c8094910479dc3e1b768306a4) Importer(815301076,1909f56bfc062723c751e8b465ee728b)  -> (artifact id: 'a319857501de0f29d616b9d0d9f509f6') in 0.010003 seconds 
========================================================================
Received Import Request.
  Time since last request: 0.000024 seconds.
  path: Assets/TextMesh Pro/Examples & Extras/Resources/Fonts & Materials/Roboto-Bold SDF.asset
  artifactKey: Guid(5302535af1044152a457ed104f1f4b91) Importer(815301076,1909f56bfc062723c751e8b465ee728b)
Start importing Assets/TextMesh Pro/Examples & Extras/Resources/Fonts & Materials/Roboto-Bold SDF.asset using Guid(5302535af1044152a457ed104f1f4b91) Importer(815301076,1909f56bfc062723c751e8b465ee728b)  -> (artifact id: '8e70d7a94e494e7daa0d00e45bff9eb6') in 0.009411 seconds 
========================================================================
Received Import Request.
  Time since last request: 0.000020 seconds.
  path: Assets/TextMesh Pro/Resources/Fonts & Materials/LiberationSans SDF.asset
  artifactKey: Guid(8f586378b4e144a9851e7b34d9b748ee) Importer(815301076,1909f56bfc062723c751e8b465ee728b)
Start importing Assets/TextMesh Pro/Resources/Fonts & Materials/LiberationSans SDF.asset using Guid(8f586378b4e144a9851e7b34d9b748ee) Importer(815301076,1909f56bfc062723c751e8b465ee728b)  -> (artifact id: '754cc7557f9baa9c4968edc8353f7072') in 0.034982 seconds 
========================================================================
Received Import Request.
  Time since last request: 296.240793 seconds.
  path: Assets/4Sprites/PawnIcon.png
  artifactKey: Guid(6e6d79e64c5e1c9639f265db1f9a9f23) Importer(815301076,1909f56bfc062723c751e8b465ee728b)
Start importing Assets/4Sprites/PawnIcon.png using Guid(6e6d79e64c5e1c9639f265db1f9a9f23) Importer(815301076,1909f56bfc062723c751e8b465ee728b)  -> (artifact id: '867536e9ad7d128acdd47eafe91fad3f') in 0.006506 seconds 
========================================================================
Received Import Request.
  Time since last request: 6.766719 seconds.
  path: Assets/4Sprites/PawnIcon.png
  artifactKey: Guid(6e6d79e64c5e1c9639f265db1f9a9f23) Importer(815301076,1909f56bfc062723c751e8b465ee728b)
Start importing Assets/4Sprites/PawnIcon.png using Guid(6e6d79e64c5e1c9639f265db1f9a9f23) Importer(815301076,1909f56bfc062723c751e8b465ee728b)  -> (artifact id: 'b24ddee9c65f4149a24f0bcd373425aa') in 0.004411 seconds 
========================================================================
Received Import Request.
  Time since last request: 112.310340 seconds.
  path: Assets/4Sprites/PawnIcon.png
  artifactKey: Guid(6e6d79e64c5e1c9639f265db1f9a9f23) Importer(815301076,1909f56bfc062723c751e8b465ee728b)
Start importing Assets/4Sprites/PawnIcon.png using Guid(6e6d79e64c5e1c9639f265db1f9a9f23) Importer(815301076,1909f56bfc062723c751e8b465ee728b)  -> (artifact id: '9cca6b1f3dc435137dd0fd24a609302f') in 0.005656 seconds 
========================================================================
Received Import Request.
  Time since last request: 6.019048 seconds.
  path: Assets/4Sprites/PawnIcon.png
  artifactKey: Guid(6e6d79e64c5e1c9639f265db1f9a9f23) Importer(815301076,1909f56bfc062723c751e8b465ee728b)
Start importing Assets/4Sprites/PawnIcon.png using Guid(6e6d79e64c5e1c9639f265db1f9a9f23) Importer(815301076,1909f56bfc062723c751e8b465ee728b)  -> (artifact id: 'ebd87d8e9c33d80d263c12c04acf82e6') in 0.005696 seconds 
========================================================================
Received Import Request.
  Time since last request: 4.669941 seconds.
  path: Assets/4Sprites/PawnIcon.png
  artifactKey: Guid(6e6d79e64c5e1c9639f265db1f9a9f23) Importer(815301076,1909f56bfc062723c751e8b465ee728b)
Start importing Assets/4Sprites/PawnIcon.png using Guid(6e6d79e64c5e1c9639f265db1f9a9f23) Importer(815301076,1909f56bfc062723c751e8b465ee728b)  -> (artifact id: '1eda8c2b8925bed63bfbbfc85ba37e2a') in 0.019098 seconds 
========================================================================
Received Import Request.
  Time since last request: 18.273738 seconds.
  path: Assets/4Sprites/PawnIcon.png
  artifactKey: Guid(6e6d79e64c5e1c9639f265db1f9a9f23) Importer(815301076,1909f56bfc062723c751e8b465ee728b)
Start importing Assets/4Sprites/PawnIcon.png using Guid(6e6d79e64c5e1c9639f265db1f9a9f23) Importer(815301076,1909f56bfc062723c751e8b465ee728b)  -> (artifact id: '49d727f39c85d7f03daa1101855fc4f4') in 0.021572 seconds 
========================================================================
Received Import Request.
  Time since last request: 34.451450 seconds.
  path: Assets/4Sprites/PawnIcon.png
  artifactKey: Guid(6e6d79e64c5e1c9639f265db1f9a9f23) Importer(815301076,1909f56bfc062723c751e8b465ee728b)
Start importing Assets/4Sprites/PawnIcon.png using Guid(6e6d79e64c5e1c9639f265db1f9a9f23) Importer(815301076,1909f56bfc062723c751e8b465ee728b)  -> (artifact id: 'e63cf1f6040870b8c39a18d3c6ba0993') in 0.020691 seconds 
========================================================================
Received Prepare
Registering precompiled user dll's ...
Registered in 0.003706 seconds.
Begin MonoManager ReloadAssembly
Symbol file LoadedFromMemory doesn't match image /home/carei/Unity/!GitHub/Ultimate-Viking-Chess/Ultimate Viking Chess/Library/PackageCache/com.unity.visualscripting@1.7.8/Editor/VisualScripting.Core/Dependencies/YamlDotNet/Unity.VisualScripting.YamlDotNet.dll
Symbol file LoadedFromMemory doesn't match image /home/carei/Unity/!GitHub/Ultimate-Viking-Chess/Ultimate Viking Chess/Library/PackageCache/com.unity.visualscripting@1.7.8/Editor/VisualScripting.Core/Dependencies/DotNetZip/Unity.VisualScripting.IonicZip.dll
Native extension for LinuxStandalone target not found
Native extension for WindowsStandalone target not found
Native extension for Android target not found
Native extension for OSXStandalone target not found
Native extension for WebGL target not found
Refreshing native plugins compatible for Editor in 1.10 ms, found 0 plugins.
Preloading 0 native plugins for Editor in 0.00 ms.
Mono: successfully reloaded assembly
- Completed reload, in  1.174 seconds
Domain Reload Profiling:
	ReloadAssembly (1175ms)
		BeginReloadAssembly (144ms)
			ExecutionOrderSort (0ms)
			DisableScriptedObjects (5ms)
			BackupInstance (0ms)
			ReleaseScriptingObjects (0ms)
			CreateAndSetChildDomain (43ms)
		EndReloadAssembly (910ms)
			LoadAssemblies (79ms)
			RebuildTransferFunctionScriptingTraits (0ms)
			SetupTypeCache (310ms)
			ReleaseScriptCaches (2ms)
			RebuildScriptCaches (52ms)
			SetupLoadedEditorAssemblies (412ms)
				LogAssemblyErrors (0ms)
				InitializePlatformSupportModulesInManaged (38ms)
				SetLoadedEditorAssemblies (1ms)
				RefreshPlugins (1ms)
				BeforeProcessingInitializeOnLoad (75ms)
				ProcessInitializeOnLoadAttributes (262ms)
				ProcessInitializeOnLoadMethodAttributes (29ms)
				AfterProcessingInitializeOnLoad (6ms)
				EditorAssembliesLoaded (0ms)
			ExecutionOrderSort2 (0ms)
			AwakeInstancesAfterBackupRestoration (4ms)
Platform modules already initialized, skipping
Refreshing native plugins compatible for Editor in 1.90 ms, found 0 plugins.
Preloading 0 native plugins for Editor in 0.00 ms.
Unloading 3441 Unused Serialized files (Serialized files now loaded: 0)
Unloading 20 unused Assets / (58.3 KB). Loaded Objects now: 3991.
Memory consumption went from 119.2 MB to 119.1 MB.
Total: 4.658202 ms (FindLiveObjects: 0.331711 ms CreateObjectMapping: 0.294581 ms MarkObjects: 3.682411 ms  DeleteObjects: 0.347629 ms)

AssetImportParameters requested are different than current active one (requested -> active):
  custom:video-decoder-ogg-theora: a1e56fd34408186e4bbccfd4996cb3dc -> 
  custom:container-muxer-webm: aa71ff27fc2769a1b78a27578f13a17b -> 
  custom:container-demuxer-webm: 4f35f7cbe854078d1ac9338744f61a02 -> 
  custom:video-encoder-webm-vp8: eb34c28f22e8b96e1ab97ce403110664 -> 
  custom:audio-encoder-webm-vorbis: bf7c407c2cedff20999df2af8eb42d56 -> 
  custom:container-demuxer-ogg: 62fdf1f143b41e24485cea50d1cbac27 -> 
  custom:video-decoder-webm-vp8: 9c59270c3fd7afecdb556c50c9e8de78 -> 
  custom:audio-decoder-ogg-vorbis: bf7c407c2cedff20999df2af8eb42d56 -> 
========================================================================
Received Import Request.
  Time since last request: 1091.830923 seconds.
  path: Assets/Pier_house 2/Pier_house 2.fbx
  artifactKey: Guid(60c261eb334db3747a181893adccec0c) Importer(815301076,1909f56bfc062723c751e8b465ee728b)
Start importing Assets/Pier_house 2/Pier_house 2.fbx using Guid(60c261eb334db3747a181893adccec0c) Importer(815301076,1909f56bfc062723c751e8b465ee728b)  -> (artifact id: 'db90124002c46392148e9f662f4834cf') in 1.119758 seconds 
========================================================================
Received Prepare
Registering precompiled user dll's ...
Registered in 0.003775 seconds.
Begin MonoManager ReloadAssembly
Symbol file LoadedFromMemory doesn't match image /home/carei/Unity/!GitHub/Ultimate-Viking-Chess/Ultimate Viking Chess/Library/PackageCache/com.unity.visualscripting@1.7.8/Editor/VisualScripting.Core/Dependencies/YamlDotNet/Unity.VisualScripting.YamlDotNet.dll
Symbol file LoadedFromMemory doesn't match image /home/carei/Unity/!GitHub/Ultimate-Viking-Chess/Ultimate Viking Chess/Library/PackageCache/com.unity.visualscripting@1.7.8/Editor/VisualScripting.Core/Dependencies/DotNetZip/Unity.VisualScripting.IonicZip.dll
Native extension for LinuxStandalone target not found
Native extension for WindowsStandalone target not found
Native extension for Android target not found
Native extension for OSXStandalone target not found
Native extension for WebGL target not found
Refreshing native plugins compatible for Editor in 1.02 ms, found 0 plugins.
Preloading 0 native plugins for Editor in 0.00 ms.
Mono: successfully reloaded assembly
- Completed reload, in  1.203 seconds
Domain Reload Profiling:
	ReloadAssembly (1204ms)
		BeginReloadAssembly (139ms)
			ExecutionOrderSort (0ms)
			DisableScriptedObjects (5ms)
			BackupInstance (0ms)
			ReleaseScriptingObjects (0ms)
			CreateAndSetChildDomain (41ms)
		EndReloadAssembly (933ms)
			LoadAssemblies (80ms)
			RebuildTransferFunctionScriptingTraits (0ms)
			SetupTypeCache (337ms)
			ReleaseScriptCaches (1ms)
			RebuildScriptCaches (49ms)
			SetupLoadedEditorAssemblies (405ms)
				LogAssemblyErrors (0ms)
				InitializePlatformSupportModulesInManaged (40ms)
				SetLoadedEditorAssemblies (1ms)
				RefreshPlugins (1ms)
				BeforeProcessingInitializeOnLoad (77ms)
				ProcessInitializeOnLoadAttributes (252ms)
				ProcessInitializeOnLoadMethodAttributes (28ms)
				AfterProcessingInitializeOnLoad (7ms)
				EditorAssembliesLoaded (0ms)
			ExecutionOrderSort2 (0ms)
			AwakeInstancesAfterBackupRestoration (4ms)
Platform modules already initialized, skipping
Refreshing native plugins compatible for Editor in 1.93 ms, found 0 plugins.
Preloading 0 native plugins for Editor in 0.00 ms.
Unloading 3441 Unused Serialized files (Serialized files now loaded: 0)
Unloading 20 unused Assets / (58.5 KB). Loaded Objects now: 3998.
Memory consumption went from 119.5 MB to 119.5 MB.
Total: 4.413452 ms (FindLiveObjects: 0.260133 ms CreateObjectMapping: 0.189245 ms MarkObjects: 3.576832 ms  DeleteObjects: 0.385788 ms)

AssetImportParameters requested are different than current active one (requested -> active):
  custom:video-decoder-ogg-theora: a1e56fd34408186e4bbccfd4996cb3dc -> 
  custom:container-muxer-webm: aa71ff27fc2769a1b78a27578f13a17b -> 
  custom:container-demuxer-webm: 4f35f7cbe854078d1ac9338744f61a02 -> 
  custom:video-encoder-webm-vp8: eb34c28f22e8b96e1ab97ce403110664 -> 
  custom:audio-encoder-webm-vorbis: bf7c407c2cedff20999df2af8eb42d56 -> 
  custom:container-demuxer-ogg: 62fdf1f143b41e24485cea50d1cbac27 -> 
  custom:video-decoder-webm-vp8: 9c59270c3fd7afecdb556c50c9e8de78 -> 
  custom:audio-decoder-ogg-vorbis: bf7c407c2cedff20999df2af8eb42d56 -> 
========================================================================
Received Import Request.
  Time since last request: 545.643526 seconds.
  path: Assets/1Downloads/PolygonVikings/Prefabs/Buildings/SM_Bld_Base_Door_01.prefab
  artifactKey: Guid(d1c0a242be029464eba9de31eb920091) Importer(815301076,1909f56bfc062723c751e8b465ee728b)
Start importing Assets/1Downloads/PolygonVikings/Prefabs/Buildings/SM_Bld_Base_Door_01.prefab using Guid(d1c0a242be029464eba9de31eb920091) Importer(815301076,1909f56bfc062723c751e8b465ee728b)  -> (artifact id: 'd507282733b0fd093c767d34700227d4') in 0.094069 seconds 
========================================================================
Received Import Request.
  Time since last request: 0.000025 seconds.
  path: Assets/1Downloads/PolygonVikings/Models/Collisions/SM_Bld_Door_01_Snow_Convex.asset
  artifactKey: Guid(2e1e25ff9c14895459dc994ac4844b23) Importer(815301076,1909f56bfc062723c751e8b465ee728b)
Start importing Assets/1Downloads/PolygonVikings/Models/Collisions/SM_Bld_Door_01_Snow_Convex.asset using Guid(2e1e25ff9c14895459dc994ac4844b23) Importer(815301076,1909f56bfc062723c751e8b465ee728b)  -> (artifact id: '2a883db7a48f1765b8bebf86bb00c9ac') in 0.018665 seconds 
========================================================================
Received Import Request.
  Time since last request: 0.000033 seconds.
  path: Assets/1Downloads/PolygonVikings/Models/ImportedModels/Snow/SM_Bld_Base_Door_01_Snow.fbx
  artifactKey: Guid(eff74b53223a57c4b8ac98d19a996875) Importer(815301076,1909f56bfc062723c751e8b465ee728b)
Start importing Assets/1Downloads/PolygonVikings/Models/ImportedModels/Snow/SM_Bld_Base_Door_01_Snow.fbx using Guid(eff74b53223a57c4b8ac98d19a996875) Importer(815301076,1909f56bfc062723c751e8b465ee728b)  -> (artifact id: '4666a5afdc83a48e1a4192301294d4e3') in 0.047017 seconds 
========================================================================
Received Import Request.
  Time since last request: 0.000023 seconds.
  path: Assets/1Downloads/PolygonVikings/Models/ImportedModels/Snow/SM_Bld_Door_01_Snow.fbx
  artifactKey: Guid(2528830e9ff5d3546a1e5c4470458328) Importer(815301076,1909f56bfc062723c751e8b465ee728b)
Start importing Assets/1Downloads/PolygonVikings/Models/ImportedModels/Snow/SM_Bld_Door_01_Snow.fbx using Guid(2528830e9ff5d3546a1e5c4470458328) Importer(815301076,1909f56bfc062723c751e8b465ee728b)  -> (artifact id: '024e55adc2058fb4207e087c24dc93f5') in 0.017110 seconds 
========================================================================
Received Import Request.
  Time since last request: 0.000048 seconds.
  path: Assets/1Downloads/PolygonVikings/Models/ImportedModels/Snow/SM_Bld_Base_Long_Door_02_Snow.fbx
  artifactKey: Guid(392ef506752556149978a2e0f6a757ce) Importer(815301076,1909f56bfc062723c751e8b465ee728b)
Start importing Assets/1Downloads/PolygonVikings/Models/ImportedModels/Snow/SM_Bld_Base_Long_Door_02_Snow.fbx using Guid(392ef506752556149978a2e0f6a757ce) Importer(815301076,1909f56bfc062723c751e8b465ee728b)  -> (artifact id: 'c86d9ce063795a63ff727247603bd3bf') in 0.024671 seconds 
========================================================================
Received Import Request.
  Time since last request: 0.000050 seconds.
  path: Assets/1Downloads/PolygonVikings/Models/ImportedModels/Snow/SM_Bld_Base_Long_Door_01_Snow.fbx
  artifactKey: Guid(0e94b41a8486cae4a9bb7ec86eaae088) Importer(815301076,1909f56bfc062723c751e8b465ee728b)
Start importing Assets/1Downloads/PolygonVikings/Models/ImportedModels/Snow/SM_Bld_Base_Long_Door_01_Snow.fbx using Guid(0e94b41a8486cae4a9bb7ec86eaae088) Importer(815301076,1909f56bfc062723c751e8b465ee728b)  -> (artifact id: '13b6fc43209ad493718b6f98b2d07347') in 0.030727 seconds 
========================================================================
Received Import Request.
  Time since last request: 0.000033 seconds.
  path: Assets/1Downloads/PolygonVikings/Models/Collisions/SM_Bld_Door_01_Convex.asset
  artifactKey: Guid(1db02800a23211d42b0423d1ca27245e) Importer(815301076,1909f56bfc062723c751e8b465ee728b)
Start importing Assets/1Downloads/PolygonVikings/Models/Collisions/SM_Bld_Door_01_Convex.asset using Guid(1db02800a23211d42b0423d1ca27245e) Importer(815301076,1909f56bfc062723c751e8b465ee728b)  -> (artifact id: '3827700b7ad3d5d5dcb0c48ea2cb5ddd') in 0.012640 seconds 
========================================================================
Received Import Request.
  Time since last request: 0.000091 seconds.
  path: Assets/1Downloads/PolygonVikings/Prefabs/Buildings/SM_Bld_Door_01.prefab
  artifactKey: Guid(093f5c658e04c7941857792b4941daee) Importer(815301076,1909f56bfc062723c751e8b465ee728b)
Start importing Assets/1Downloads/PolygonVikings/Prefabs/Buildings/SM_Bld_Door_01.prefab using Guid(093f5c658e04c7941857792b4941daee) Importer(815301076,1909f56bfc062723c751e8b465ee728b)  -> (artifact id: 'c18a614f28e3f6b2ba56c98e32506aeb') in 0.014079 seconds 
========================================================================
Received Import Request.
  Time since last request: 0.000057 seconds.
  path: Assets/1Downloads/PolygonVikings/Models/Collisions/SM_Bld_Base_Door_01_Convex.asset
  artifactKey: Guid(4ef3917f066e8b848ab3850bc46a8793) Importer(815301076,1909f56bfc062723c751e8b465ee728b)
Start importing Assets/1Downloads/PolygonVikings/Models/Collisions/SM_Bld_Base_Door_01_Convex.asset using Guid(4ef3917f066e8b848ab3850bc46a8793) Importer(815301076,1909f56bfc062723c751e8b465ee728b)  -> (artifact id: 'c357126784fb34526c0aa341f01d987c') in 0.021128 seconds 
========================================================================
Received Import Request.
  Time since last request: 0.000036 seconds.
  path: Assets/1Downloads/PolygonVikings/Prefabs/Snow_Variant/SM_Bld_Door_01_Snow.prefab
  artifactKey: Guid(4e65c4026a4b3444998162cbe930c44a) Importer(815301076,1909f56bfc062723c751e8b465ee728b)
Start importing Assets/1Downloads/PolygonVikings/Prefabs/Snow_Variant/SM_Bld_Door_01_Snow.prefab using Guid(4e65c4026a4b3444998162cbe930c44a) Importer(815301076,1909f56bfc062723c751e8b465ee728b)  -> (artifact id: '396e2f7d117981851f684ef6f71dec0a') in 0.021947 seconds 
========================================================================
Received Import Request.
  Time since last request: 0.000048 seconds.
  path: Assets/1Downloads/PolygonVikings/Models/Collisions/SM_Bld_Base_Long_Door_01_Convex 1.asset
  artifactKey: Guid(91d1e0e6189445e45aa1ba1fc7f6ddc7) Importer(815301076,1909f56bfc062723c751e8b465ee728b)
Start importing Assets/1Downloads/PolygonVikings/Models/Collisions/SM_Bld_Base_Long_Door_01_Convex 1.asset using Guid(91d1e0e6189445e45aa1ba1fc7f6ddc7) Importer(815301076,1909f56bfc062723c751e8b465ee728b)  -> (artifact id: 'b3ce8916e3b9be0de29b459d50e5d1a7') in 0.018931 seconds 
========================================================================
Received Import Request.
  Time since last request: 0.000033 seconds.
  path: Assets/1Downloads/PolygonVikings/Models/Collisions/SM_Bld_Base_Long_Door_01_Snow_Convex 1.asset
  artifactKey: Guid(e7b3a78ac052b8747aa8ff316ae70c82) Importer(815301076,1909f56bfc062723c751e8b465ee728b)
Start importing Assets/1Downloads/PolygonVikings/Models/Collisions/SM_Bld_Base_Long_Door_01_Snow_Convex 1.asset using Guid(e7b3a78ac052b8747aa8ff316ae70c82) Importer(815301076,1909f56bfc062723c751e8b465ee728b)  -> (artifact id: '4a9ac6f6bff70a93e93b17e76b4a091d') in 0.011925 seconds 
========================================================================
Received Import Request.
  Time since last request: 0.000033 seconds.
  path: Assets/1Downloads/PolygonVikings/Models/ImportedModels/SM_Bld_Base_Door_02.fbx
  artifactKey: Guid(64ac5e177e7ad1542a2587e26d8822ee) Importer(815301076,1909f56bfc062723c751e8b465ee728b)
Start importing Assets/1Downloads/PolygonVikings/Models/ImportedModels/SM_Bld_Base_Door_02.fbx using Guid(64ac5e177e7ad1542a2587e26d8822ee) Importer(815301076,1909f56bfc062723c751e8b465ee728b)  -> (artifact id: '559402a0fca1c54a97f124f08eb4867e') in 0.037620 seconds 
========================================================================
Received Import Request.
  Time since last request: 342.191415 seconds.
  path: Assets/1Downloads/PolygonVikings/Prefabs/Buildings/SM_Bld_Roof_Window_01.prefab
  artifactKey: Guid(3b2fdb5098a0aba4fadaddfe08131aab) Importer(815301076,1909f56bfc062723c751e8b465ee728b)
Start importing Assets/1Downloads/PolygonVikings/Prefabs/Buildings/SM_Bld_Roof_Window_01.prefab using Guid(3b2fdb5098a0aba4fadaddfe08131aab) Importer(815301076,1909f56bfc062723c751e8b465ee728b)  -> (artifact id: '8f4065ee5b353e7f9bb44749621908ba') in 0.011395 seconds 
========================================================================
Received Import Request.
  Time since last request: 0.000025 seconds.
  path: Assets/1Downloads/PolygonVikings/Models/ImportedModels/Snow/SM_Bld_Roof_Window_01_Snow.fbx
  artifactKey: Guid(cda70c7aa799f1b438e506e573cca744) Importer(815301076,1909f56bfc062723c751e8b465ee728b)
Start importing Assets/1Downloads/PolygonVikings/Models/ImportedModels/Snow/SM_Bld_Roof_Window_01_Snow.fbx using Guid(cda70c7aa799f1b438e506e573cca744) Importer(815301076,1909f56bfc062723c751e8b465ee728b)  -> (artifact id: '4336100ec8f9fc6231fefdf18a29346d') in 0.013222 seconds 
========================================================================
Received Import Request.
  Time since last request: 0.000043 seconds.
  path: Assets/1Downloads/PolygonVikings/Models/Collisions/SM_Bld_Roof_Window_01_Convex.asset
  artifactKey: Guid(a21e72ae4e5fe3e4383fec72418813e3) Importer(815301076,1909f56bfc062723c751e8b465ee728b)
Start importing Assets/1Downloads/PolygonVikings/Models/Collisions/SM_Bld_Roof_Window_01_Convex.asset using Guid(a21e72ae4e5fe3e4383fec72418813e3) Importer(815301076,1909f56bfc062723c751e8b465ee728b)  -> (artifact id: 'c3209f550aa87556181a637f965f74c2') in 0.016753 seconds 
========================================================================
Received Import Request.
  Time since last request: 0.000058 seconds.
  path: Assets/1Downloads/PolygonVikings/Models/Collisions/SM_Bld_Window_01_Snow_Convex.asset
  artifactKey: Guid(88b643ccb21ee0849890f5f0dbdbca69) Importer(815301076,1909f56bfc062723c751e8b465ee728b)
Start importing Assets/1Downloads/PolygonVikings/Models/Collisions/SM_Bld_Window_01_Snow_Convex.asset using Guid(88b643ccb21ee0849890f5f0dbdbca69) Importer(815301076,1909f56bfc062723c751e8b465ee728b)  -> (artifact id: 'c41c7aca64ed6020d0eb61ccedc38574') in 0.019884 seconds 
========================================================================
Received Import Request.
  Time since last request: 0.000025 seconds.
  path: Assets/Pier_house 2/Tex/Window_NORM.png
  artifactKey: Guid(cbd7b4198e418134faad22b534699765) Importer(815301076,1909f56bfc062723c751e8b465ee728b)
Start importing Assets/Pier_house 2/Tex/Window_NORM.png using Guid(cbd7b4198e418134faad22b534699765) Importer(815301076,1909f56bfc062723c751e8b465ee728b)  -> (artifact id: 'a393cd2a432abef0f2ca1fd178a29d91') in 0.051559 seconds 
========================================================================
Received Import Request.
  Time since last request: 0.000025 seconds.
  path: Assets/1Downloads/PolygonVikings/Models/Collisions/SM_Bld_Window_01_Convex.asset
  artifactKey: Guid(2cad3909000c47c4696191985dd32243) Importer(815301076,1909f56bfc062723c751e8b465ee728b)
Start importing Assets/1Downloads/PolygonVikings/Models/Collisions/SM_Bld_Window_01_Convex.asset using Guid(2cad3909000c47c4696191985dd32243) Importer(815301076,1909f56bfc062723c751e8b465ee728b)  -> (artifact id: '9a0f67e4302d753ce53d835ba27c9bf0') in 0.015128 seconds 
========================================================================
Received Import Request.
  Time since last request: 0.000023 seconds.
  path: Assets/1Downloads/PolygonVikings/Models/ImportedModels/SM_Bld_Window_01.fbx
  artifactKey: Guid(f5b92af09b9139d4b836bc5b0c7a9a72) Importer(815301076,1909f56bfc062723c751e8b465ee728b)
Start importing Assets/1Downloads/PolygonVikings/Models/ImportedModels/SM_Bld_Window_01.fbx using Guid(f5b92af09b9139d4b836bc5b0c7a9a72) Importer(815301076,1909f56bfc062723c751e8b465ee728b)  -> (artifact id: '59be3471ee0aa42203425df960690ce2') in 0.032844 seconds 
========================================================================
Received Import Request.
  Time since last request: 0.000024 seconds.
  path: Assets/1Downloads/PolygonVikings/Prefabs/Snow_Variant/SM_Bld_Roof_Window_01_Snow.prefab
  artifactKey: Guid(db5121449ca36d64587c18835802d1cb) Importer(815301076,1909f56bfc062723c751e8b465ee728b)
Start importing Assets/1Downloads/PolygonVikings/Prefabs/Snow_Variant/SM_Bld_Roof_Window_01_Snow.prefab using Guid(db5121449ca36d64587c18835802d1cb) Importer(815301076,1909f56bfc062723c751e8b465ee728b)  -> (artifact id: 'f885193a7bf7db227c61568f65e3dc9e') in 0.021492 seconds 
========================================================================
Received Import Request.
  Time since last request: 0.000072 seconds.
  path: Assets/1Downloads/PolygonVikings/Prefabs/Buildings/SM_Bld_Window_01.prefab
  artifactKey: Guid(6ba4d52adf25745439f5f78d20e277b0) Importer(815301076,1909f56bfc062723c751e8b465ee728b)
Start importing Assets/1Downloads/PolygonVikings/Prefabs/Buildings/SM_Bld_Window_01.prefab using Guid(6ba4d52adf25745439f5f78d20e277b0) Importer(815301076,1909f56bfc062723c751e8b465ee728b)  -> (artifact id: '40c26f3d2af7ca2cdc4feedd25ebc3ac') in 0.016869 seconds 
========================================================================
Received Prepare
Registering precompiled user dll's ...
Registered in 0.003840 seconds.
Begin MonoManager ReloadAssembly
Symbol file LoadedFromMemory doesn't match image /home/carei/Unity/!GitHub/Ultimate-Viking-Chess/Ultimate Viking Chess/Library/PackageCache/com.unity.visualscripting@1.7.8/Editor/VisualScripting.Core/Dependencies/YamlDotNet/Unity.VisualScripting.YamlDotNet.dll
Symbol file LoadedFromMemory doesn't match image /home/carei/Unity/!GitHub/Ultimate-Viking-Chess/Ultimate Viking Chess/Library/PackageCache/com.unity.visualscripting@1.7.8/Editor/VisualScripting.Core/Dependencies/DotNetZip/Unity.VisualScripting.IonicZip.dll
Native extension for LinuxStandalone target not found
Native extension for WindowsStandalone target not found
Native extension for Android target not found
Native extension for OSXStandalone target not found
Native extension for WebGL target not found
Refreshing native plugins compatible for Editor in 0.88 ms, found 0 plugins.
Preloading 0 native plugins for Editor in 0.00 ms.
Mono: successfully reloaded assembly
- Completed reload, in  1.328 seconds
Domain Reload Profiling:
	ReloadAssembly (1329ms)
		BeginReloadAssembly (121ms)
			ExecutionOrderSort (0ms)
			DisableScriptedObjects (5ms)
			BackupInstance (0ms)
			ReleaseScriptingObjects (0ms)
			CreateAndSetChildDomain (44ms)
		EndReloadAssembly (1093ms)
			LoadAssemblies (54ms)
			RebuildTransferFunctionScriptingTraits (0ms)
			SetupTypeCache (327ms)
			ReleaseScriptCaches (1ms)
			RebuildScriptCaches (52ms)
			SetupLoadedEditorAssemblies (549ms)
				LogAssemblyErrors (0ms)
				InitializePlatformSupportModulesInManaged (73ms)
				SetLoadedEditorAssemblies (1ms)
				RefreshPlugins (1ms)
				BeforeProcessingInitializeOnLoad (94ms)
				ProcessInitializeOnLoadAttributes (335ms)
				ProcessInitializeOnLoadMethodAttributes (36ms)
				AfterProcessingInitializeOnLoad (9ms)
				EditorAssembliesLoaded (1ms)
			ExecutionOrderSort2 (0ms)
			AwakeInstancesAfterBackupRestoration (6ms)
Platform modules already initialized, skipping
Refreshing native plugins compatible for Editor in 1.99 ms, found 0 plugins.
Preloading 0 native plugins for Editor in 0.00 ms.
Unloading 3441 Unused Serialized files (Serialized files now loaded: 0)
Unloading 20 unused Assets / (58.4 KB). Loaded Objects now: 4004.
Memory consumption went from 119.6 MB to 119.6 MB.
Total: 7.764279 ms (FindLiveObjects: 0.341714 ms CreateObjectMapping: 0.191036 ms MarkObjects: 7.100031 ms  DeleteObjects: 0.129869 ms)

AssetImportParameters requested are different than current active one (requested -> active):
  custom:video-decoder-ogg-theora: a1e56fd34408186e4bbccfd4996cb3dc -> 
  custom:container-muxer-webm: aa71ff27fc2769a1b78a27578f13a17b -> 
  custom:container-demuxer-webm: 4f35f7cbe854078d1ac9338744f61a02 -> 
  custom:video-encoder-webm-vp8: eb34c28f22e8b96e1ab97ce403110664 -> 
  custom:audio-encoder-webm-vorbis: bf7c407c2cedff20999df2af8eb42d56 -> 
  custom:container-demuxer-ogg: 62fdf1f143b41e24485cea50d1cbac27 -> 
  custom:video-decoder-webm-vp8: 9c59270c3fd7afecdb556c50c9e8de78 -> 
  custom:audio-decoder-ogg-vorbis: bf7c407c2cedff20999df2af8eb42d56 -> 
========================================================================
Received Prepare
Registering precompiled user dll's ...
Registered in 0.003900 seconds.
Begin MonoManager ReloadAssembly
Symbol file LoadedFromMemory doesn't match image /home/carei/Unity/!GitHub/Ultimate-Viking-Chess/Ultimate Viking Chess/Library/PackageCache/com.unity.visualscripting@1.7.8/Editor/VisualScripting.Core/Dependencies/YamlDotNet/Unity.VisualScripting.YamlDotNet.dll
Symbol file LoadedFromMemory doesn't match image /home/carei/Unity/!GitHub/Ultimate-Viking-Chess/Ultimate Viking Chess/Library/PackageCache/com.unity.visualscripting@1.7.8/Editor/VisualScripting.Core/Dependencies/DotNetZip/Unity.VisualScripting.IonicZip.dll
Native extension for LinuxStandalone target not found
Native extension for WindowsStandalone target not found
Native extension for Android target not found
Native extension for OSXStandalone target not found
Native extension for WebGL target not found
Refreshing native plugins compatible for Editor in 3.50 ms, found 0 plugins.
Preloading 0 native plugins for Editor in 0.00 ms.
Mono: successfully reloaded assembly
- Completed reload, in  1.439 seconds
Domain Reload Profiling:
	ReloadAssembly (1440ms)
		BeginReloadAssembly (144ms)
			ExecutionOrderSort (0ms)
			DisableScriptedObjects (6ms)
			BackupInstance (0ms)
			ReleaseScriptingObjects (0ms)
			CreateAndSetChildDomain (44ms)
		EndReloadAssembly (1178ms)
			LoadAssemblies (75ms)
			RebuildTransferFunctionScriptingTraits (0ms)
			SetupTypeCache (343ms)
			ReleaseScriptCaches (3ms)
			RebuildScriptCaches (130ms)
			SetupLoadedEditorAssemblies (529ms)
				LogAssemblyErrors (0ms)
				InitializePlatformSupportModulesInManaged (45ms)
				SetLoadedEditorAssemblies (1ms)
				RefreshPlugins (4ms)
				BeforeProcessingInitializeOnLoad (94ms)
				ProcessInitializeOnLoadAttributes (341ms)
				ProcessInitializeOnLoadMethodAttributes (39ms)
				AfterProcessingInitializeOnLoad (7ms)
				EditorAssembliesLoaded (0ms)
			ExecutionOrderSort2 (0ms)
			AwakeInstancesAfterBackupRestoration (5ms)
Platform modules already initialized, skipping
Refreshing native plugins compatible for Editor in 2.59 ms, found 0 plugins.
Preloading 0 native plugins for Editor in 0.00 ms.
Unloading 3441 Unused Serialized files (Serialized files now loaded: 0)
Unloading 20 unused Assets / (58.4 KB). Loaded Objects now: 4007.
Memory consumption went from 119.7 MB to 119.6 MB.
Total: 6.184436 ms (FindLiveObjects: 0.450020 ms CreateObjectMapping: 0.373722 ms MarkObjects: 5.184282 ms  DeleteObjects: 0.174087 ms)

AssetImportParameters requested are different than current active one (requested -> active):
  custom:video-decoder-ogg-theora: a1e56fd34408186e4bbccfd4996cb3dc -> 
  custom:container-muxer-webm: aa71ff27fc2769a1b78a27578f13a17b -> 
  custom:container-demuxer-webm: 4f35f7cbe854078d1ac9338744f61a02 -> 
  custom:video-encoder-webm-vp8: eb34c28f22e8b96e1ab97ce403110664 -> 
  custom:audio-encoder-webm-vorbis: bf7c407c2cedff20999df2af8eb42d56 -> 
  custom:container-demuxer-ogg: 62fdf1f143b41e24485cea50d1cbac27 -> 
  custom:video-decoder-webm-vp8: 9c59270c3fd7afecdb556c50c9e8de78 -> 
  custom:audio-decoder-ogg-vorbis: bf7c407c2cedff20999df2af8eb42d56 -> 
