Unity Editor version:    2021.3.14f1 (eee1884e7226)
Branch:                  2021.3/staging
Build type:              Release
Batch mode:              YES
System name:             Linux
Distro version:          #26~22.04.1-Ubuntu SMP PREEMPT_DYNAMIC Thu Jul 13 16:27:29 UTC 2
Kernel version:          6.2.0-26-generic
Architecture:            x86_64
Available memory:        15643 MB
Using pre-set license
Pro License: YES

(Unity:37864): Gdk-CRITICAL **: 20:51:53.393: gdk_window_get_cursor: assertion 'GDK_IS_WINDOW (window)' failed
Desktop is 1920 x 1080 @ 60 Hz
Initialize udev device monitor.

COMMAND LINE ARGUMENTS:
Unity
-adb2
-batchMode
-noUpm
-name
AssetImportWorker0
-projectPath
/home/carei/Unity/!GitHub/Ultimate-Viking-Chess/Ultimate Viking Chess
-logFile
Logs/AssetImportWorker0.log
-srvPort
33523
Successfully changed project path to: /home/carei/Unity/!GitHub/Ultimate-Viking-Chess/Ultimate Viking Chess
/home/carei/Unity/!GitHub/Ultimate-Viking-Chess/Ultimate Viking Chess
[UnityMemory] Configuration Parameters - Can be set up in boot.config
    "memorysetup-bucket-allocator-granularity=16"
    "memorysetup-bucket-allocator-bucket-count=8"
    "memorysetup-bucket-allocator-block-size=33554432"
    "memorysetup-bucket-allocator-block-count=8"
    "memorysetup-main-allocator-block-size=16777216"
    "memorysetup-thread-allocator-block-size=16777216"
    "memorysetup-gfx-main-allocator-block-size=16777216"
    "memorysetup-gfx-thread-allocator-block-size=16777216"
    "memorysetup-cache-allocator-block-size=4194304"
    "memorysetup-typetree-allocator-block-size=2097152"
    "memorysetup-profiler-bucket-allocator-granularity=16"
    "memorysetup-profiler-bucket-allocator-bucket-count=8"
    "memorysetup-profiler-bucket-allocator-block-size=33554432"
    "memorysetup-profiler-bucket-allocator-block-count=8"
    "memorysetup-profiler-allocator-block-size=16777216"
    "memorysetup-profiler-editor-allocator-block-size=1048576"
    "memorysetup-temp-allocator-size-main=16777216"
    "memorysetup-job-temp-allocator-block-size=2097152"
    "memorysetup-job-temp-allocator-block-size-background=1048576"
    "memorysetup-job-temp-allocator-reduction-small-platforms=262144"
    "memorysetup-temp-allocator-size-background-worker=32768"
    "memorysetup-temp-allocator-size-job-worker=262144"
    "memorysetup-temp-allocator-size-preload-manager=33554432"
    "memorysetup-temp-allocator-size-nav-mesh-worker=65536"
    "memorysetup-temp-allocator-size-audio-worker=65536"
    "memorysetup-temp-allocator-size-cloud-worker=32768"
    "memorysetup-temp-allocator-size-gi-baking-worker=262144"
    "memorysetup-temp-allocator-size-gfx=262144"
Refreshing native plugins compatible for Editor in 128.04 ms, found 0 plugins.
Preloading 0 native plugins for Editor in 0.00 ms.
Initialize engine version: 2021.3.14f1 (eee1884e7226)
[Subsystems] Discovering subsystems at path /home/carei/Unity/Hub/Editor/2021.3.14f1/Editor/Data/Resources/UnitySubsystems
[Subsystems] Discovering subsystems at path /home/carei/Unity/!GitHub/Ultimate-Viking-Chess/Ultimate Viking Chess/Assets
GLX Extensions: GLX_ARB_context_flush_control GLX_ARB_create_context GLX_ARB_create_context_no_error GLX_ARB_create_context_profile GLX_ARB_create_context_robustness GLX_ARB_fbconfig_float GLX_ARB_framebuffer_sRGB GLX_ARB_get_proc_address GLX_ARB_multisample GLX_EXT_buffer_age GLX_EXT_create_context_es2_profile GLX_EXT_create_context_es_profile GLX_EXT_fbconfig_packed_float GLX_EXT_framebuffer_sRGB GLX_EXT_no_config_context GLX_EXT_swap_control GLX_EXT_swap_control_tear GLX_EXT_texture_from_pixmap GLX_EXT_visual_info GLX_EXT_visual_rating GLX_MESA_copy_sub_buffer GLX_MESA_query_renderer GLX_MESA_swap_control GLX_OML_swap_method GLX_OML_sync_control GLX_SGIS_multisample GLX_SGIX_fbconfig GLX_SGIX_pbuffer GLX_SGIX_visual_select_group GLX_SGI_make_current_read GLX_SGI_video_sync 
Renderer: Mesa Intel(R) UHD Graphics (CML GT2)
Vendor:   Intel
Version:  4.6 (Core Profile) Mesa 22.2.5-0ubuntu0.1~22.04.3
GLES:     0
 GL_3DFX_texture_compression_FXT1 GL_AMD_conservative_depth GL_AMD_depth_clamp_separate GL_AMD_draw_buffers_blend GL_AMD_gpu_shader_int64 GL_AMD_multi_draw_indirect GL_AMD_performance_monitor GL_AMD_pinned_memory GL_AMD_query_buffer_object GL_AMD_seamless_cubemap_per_texture GL_AMD_shader_stencil_export GL_AMD_shader_trinary_minmax GL_AMD_texture_texture4 GL_AMD_vertex_shader_layer GL_AMD_vertex_shader_viewport_index GL_ANGLE_texture_compression_dxt3 GL_ANGLE_texture_compression_dxt5 GL_ARB_ES2_compatibility GL_ARB_ES3_1_compatibility GL_ARB_ES3_2_compatibility GL_ARB_ES3_compatibility GL_ARB_arrays_of_arrays GL_ARB_base_instance GL_ARB_blend_func_extended GL_ARB_buffer_storage GL_ARB_clear_buffer_object GL_ARB_clear_texture GL_ARB_clip_control GL_ARB_compressed_texture_pixel_storage GL_ARB_compute_shader GL_ARB_compute_variable_group_size GL_ARB_conditional_render_inverted GL_ARB_conservative_depth GL_ARB_copy_buffer GL_ARB_copy_image GL_ARB_cull_distance GL_ARB_debug_output GL_ARB_depth_buffer_float GL_ARB
_depth_clamp GL_ARB_derivative_control GL_ARB_direct_state_access GL_ARB_draw_buffers GL_ARB_draw_buffers_blend GL_ARB_draw_elements_base_vertex GL_ARB_draw_indirect GL_ARB_draw_instanced GL_ARB_enhanced_layouts GL_ARB_explicit_attrib_location GL_ARB_explicit_uniform_location GL_ARB_fragment_coord_conventions GL_ARB_fragment_layer_viewport GL_ARB_fragment_shader GL_ARB_fragment_shader_interlock GL_ARB_framebuffer_no_attachments GL_ARB_framebuffer_object GL_ARB_framebuffer_sRGB GL_ARB_get_program_binary GL_ARB_get_texture_sub_image GL_ARB_gl_spirv GL_ARB_gpu_shader5 GL_ARB_gpu_shader_fp64 GL_ARB_gpu_shader_int64 GL_ARB_half_float_pixel GL_ARB_half_float_vertex GL_ARB_indirect_parameters GL_ARB_instanced_arrays GL_ARB_internalformat_query GL_ARB_internalformat_query2 GL_ARB_invalidate_subdata GL_ARB_map_buffer_alignment GL_ARB_map_buffer_range GL_ARB_multi_bind GL_ARB_multi_draw_indirect GL_ARB_occlusion_query2 GL_ARB_parallel_shader_compile GL_ARB_pipeline_statistics_query GL_ARB_pixel_buffer_object GL_ARB_po
int_sprite GL_ARB_polygon_offset_clamp GL_ARB_post_depth_coverage GL_ARB_program_interface_query GL_ARB_provoking_vertex GL_ARB_query_buffer_object GL_ARB_robust_buffer_access_behavior GL_ARB_robustness GL_ARB_sample_shading GL_ARB_sampler_objects GL_ARB_seamless_cube_map GL_ARB_seamless_cubemap_per_texture GL_ARB_separate_shader_objects GL_ARB_shader_atomic_counter_ops GL_ARB_shader_atomic_counters GL_ARB_shader_ballot GL_ARB_shader_bit_encoding GL_ARB_shader_clock GL_ARB_shader_draw_parameters GL_ARB_shader_group_vote GL_ARB_shader_image_load_store GL_ARB_shader_image_size GL_ARB_shader_objects GL_ARB_shader_precision GL_ARB_shader_stencil_export GL_ARB_shader_storage_buffer_object GL_ARB_shader_subroutine GL_ARB_shader_texture_image_samples GL_ARB_shader_texture_lod GL_ARB_shader_viewport_layer_array GL_ARB_shading_language_420pack GL_ARB_shading_language_include GL_ARB_shading_language_packing GL_ARB_spirv_extensions GL_ARB_stencil_texturing GL_ARB_sync GL_ARB_tessellation_shader GL_ARB_texture_barrier G
L_ARB_texture_buffer_object GL_ARB_texture_buffer_object_rgb32 GL_ARB_texture_buffer_range GL_ARB_texture_compression_bptc GL_ARB_texture_compression_rgtc GL_ARB_texture_cube_map_array GL_ARB_texture_filter_anisotropic GL_ARB_texture_float GL_ARB_texture_gather GL_ARB_texture_mirror_clamp_to_edge GL_ARB_texture_multisample GL_ARB_texture_non_power_of_two GL_ARB_texture_query_levels GL_ARB_texture_query_lod GL_ARB_texture_rectangle GL_ARB_texture_rg GL_ARB_texture_rgb10_a2ui GL_ARB_texture_stencil8 GL_ARB_texture_storage GL_ARB_texture_storage_multisample GL_ARB_texture_swizzle GL_ARB_texture_view GL_ARB_timer_query GL_ARB_transform_feedback2 GL_ARB_transform_feedback3 GL_ARB_transform_feedback_instanced GL_ARB_transform_feedback_overflow_query GL_ARB_uniform_buffer_object GL_ARB_vertex_array_bgra GL_ARB_vertex_array_object GL_ARB_vertex_attrib_64bit GL_ARB_vertex_attrib_binding GL_ARB_vertex_buffer_object GL_ARB_vertex_shader GL_ARB_vertex_type_10f_11f_11f_rev GL_ARB_vertex_type_2_10_10_10_rev GL_ARB_viewpor
t_array GL_ATI_blend_equation_separate GL_ATI_texture_float GL_EXT_EGL_image_storage GL_EXT_EGL_sync GL_EXT_abgr GL_EXT_blend_equation_separate GL_EXT_demote_to_helper_invocation GL_EXT_draw_buffers2 GL_EXT_draw_instanced GL_EXT_framebuffer_blit GL_EXT_framebuffer_multisample GL_EXT_framebuffer_multisample_blit_scaled GL_EXT_framebuffer_object GL_EXT_framebuffer_sRGB GL_EXT_memory_object GL_EXT_memory_object_fd GL_EXT_packed_depth_stencil GL_EXT_packed_float GL_EXT_pixel_buffer_object GL_EXT_polygon_offset_clamp GL_EXT_provoking_vertex GL_EXT_semaphore GL_EXT_semaphore_fd GL_EXT_shader_framebuffer_fetch GL_EXT_shader_framebuffer_fetch_non_coherent GL_EXT_shader_integer_mix GL_EXT_shader_samples_identical GL_EXT_texture_array GL_EXT_texture_compression_dxt1 GL_EXT_texture_compression_rgtc GL_EXT_texture_compression_s3tc GL_EXT_texture_filter_anisotropic GL_EXT_texture_integer GL_EXT_texture_sRGB GL_EXT_texture_sRGB_R8 GL_EXT_texture_sRGB_decode GL_EXT_texture_shadow_lod GL_EXT_texture_shared_exponent GL_EXT_t
exture_snorm GL_EXT_texture_swizzle GL_EXT_timer_query GL_EXT_transform_feedback GL_EXT_vertex_array_bgra GL_EXT_vertex_attrib_64bit GL_IBM_multimode_draw_arrays GL_INTEL_blackhole_render GL_INTEL_conservative_rasterization GL_INTEL_performance_query GL_INTEL_shader_atomic_float_minmax GL_INTEL_shader_integer_functions2 GL_KHR_blend_equation_advanced GL_KHR_blend_equation_advanced_coherent GL_KHR_context_flush_control GL_KHR_debug GL_KHR_no_error GL_KHR_parallel_shader_compile GL_KHR_robust_buffer_access_behavior GL_KHR_robustness GL_KHR_texture_compression_astc_ldr GL_KHR_texture_compression_astc_sliced_3d GL_MESA_framebuffer_flip_y GL_MESA_pack_invert GL_MESA_shader_integer_functions GL_MESA_texture_signed_rgba GL_NV_compute_shader_derivatives GL_NV_conditional_render GL_NV_copy_image GL_NV_depth_clamp GL_NV_fragment_shader_interlock GL_NV_packed_depth_stencil GL_NV_texture_barrier GL_OES_EGL_image GL_S3_s3tc
OPENGL LOG: Creating OpenGL 4.6 graphics device ; Context level  <OpenGL 4.5> ; Context handle -1510935696
Initialize mono
Mono path[0] = '/home/carei/Unity/Hub/Editor/2021.3.14f1/Editor/Data/Managed'
Mono path[1] = '/home/carei/Unity/Hub/Editor/2021.3.14f1/Editor/Data/MonoBleedingEdge/lib/mono/unityjit-linux'
Mono config path = '/home/carei/Unity/Hub/Editor/2021.3.14f1/Editor/Data/MonoBleedingEdge/etc'
Using monoOptions --debugger-agent=transport=dt_socket,embedding=1,server=y,suspend=n,address=127.0.0.1:56864
Begin MonoManager ReloadAssembly
Registering precompiled unity dll's ...
Register platform support module: /home/carei/Unity/Hub/Editor/2021.3.14f1/Editor/Data/PlaybackEngines/WebGLSupport/UnityEditor.WebGL.Extensions.dll
Register platform support module: /home/carei/Unity/Hub/Editor/2021.3.14f1/Editor/Data/PlaybackEngines/MacStandaloneSupport/UnityEditor.OSXStandalone.Extensions.dll
Register platform support module: /home/carei/Unity/Hub/Editor/2021.3.14f1/Editor/Data/PlaybackEngines/AndroidPlayer/UnityEditor.Android.Extensions.dll
Register platform support module: /home/carei/Unity/Hub/Editor/2021.3.14f1/Editor/Data/PlaybackEngines/WindowsStandaloneSupport/UnityEditor.WindowsStandalone.Extensions.dll
Register platform support module: /home/carei/Unity/Hub/Editor/2021.3.14f1/Editor/Data/PlaybackEngines/LinuxStandaloneSupport/UnityEditor.LinuxStandalone.Extensions.dll
Registered in 0.008136 seconds.
Native extension for LinuxStandalone target not found
Native extension for WindowsStandalone target not found
Native extension for Android target not found
Native extension for OSXStandalone target not found
Native extension for WebGL target not found
Refreshing native plugins compatible for Editor in 128.85 ms, found 0 plugins.
Preloading 0 native plugins for Editor in 0.00 ms.
Mono: successfully reloaded assembly
- Completed reload, in  0.833 seconds
Domain Reload Profiling:
	ReloadAssembly (833ms)
		BeginReloadAssembly (59ms)
			ExecutionOrderSort (0ms)
			DisableScriptedObjects (0ms)
			BackupInstance (0ms)
			ReleaseScriptingObjects (0ms)
			CreateAndSetChildDomain (1ms)
		EndReloadAssembly (641ms)
			LoadAssemblies (58ms)
			RebuildTransferFunctionScriptingTraits (0ms)
			SetupTypeCache (141ms)
			ReleaseScriptCaches (0ms)
			RebuildScriptCaches (43ms)
			SetupLoadedEditorAssemblies (388ms)
				LogAssemblyErrors (0ms)
				InitializePlatformSupportModulesInManaged (78ms)
				SetLoadedEditorAssemblies (0ms)
				RefreshPlugins (129ms)
				BeforeProcessingInitializeOnLoad (1ms)
				ProcessInitializeOnLoadAttributes (126ms)
				ProcessInitializeOnLoadMethodAttributes (53ms)
				AfterProcessingInitializeOnLoad (0ms)
				EditorAssembliesLoaded (0ms)
			ExecutionOrderSort2 (0ms)
			AwakeInstancesAfterBackupRestoration (0ms)
Platform modules already initialized, skipping
Registering precompiled user dll's ...
Registered in 0.004072 seconds.
Begin MonoManager ReloadAssembly
Symbol file LoadedFromMemory doesn't match image /home/carei/Unity/!GitHub/Ultimate-Viking-Chess/Ultimate Viking Chess/Library/PackageCache/com.unity.visualscripting@1.7.8/Editor/VisualScripting.Core/Dependencies/YamlDotNet/Unity.VisualScripting.YamlDotNet.dll
Symbol file LoadedFromMemory doesn't match image /home/carei/Unity/!GitHub/Ultimate-Viking-Chess/Ultimate Viking Chess/Library/PackageCache/com.unity.visualscripting@1.7.8/Editor/VisualScripting.Core/Dependencies/DotNetZip/Unity.VisualScripting.IonicZip.dll
Native extension for LinuxStandalone target not found
Native extension for WindowsStandalone target not found
Native extension for Android target not found
Native extension for OSXStandalone target not found
Native extension for WebGL target not found
Refreshing native plugins compatible for Editor in 2.23 ms, found 0 plugins.
Preloading 0 native plugins for Editor in 0.00 ms.
Mono: successfully reloaded assembly
- Completed reload, in  1.400 seconds
Domain Reload Profiling:
	ReloadAssembly (1401ms)
		BeginReloadAssembly (216ms)
			ExecutionOrderSort (0ms)
			DisableScriptedObjects (7ms)
			BackupInstance (0ms)
			ReleaseScriptingObjects (0ms)
			CreateAndSetChildDomain (127ms)
		EndReloadAssembly (1047ms)
			LoadAssemblies (73ms)
			RebuildTransferFunctionScriptingTraits (0ms)
			SetupTypeCache (341ms)
			ReleaseScriptCaches (2ms)
			RebuildScriptCaches (75ms)
			SetupLoadedEditorAssemblies (493ms)
				LogAssemblyErrors (0ms)
				InitializePlatformSupportModulesInManaged (32ms)
				SetLoadedEditorAssemblies (1ms)
				RefreshPlugins (2ms)
				BeforeProcessingInitializeOnLoad (107ms)
				ProcessInitializeOnLoadAttributes (311ms)
				ProcessInitializeOnLoadMethodAttributes (32ms)
				AfterProcessingInitializeOnLoad (7ms)
				EditorAssembliesLoaded (0ms)
			ExecutionOrderSort2 (0ms)
			AwakeInstancesAfterBackupRestoration (4ms)
Platform modules already initialized, skipping
========================================================================
Worker process is ready to serve import requests
Launched and connected shader compiler UnityShaderCompiler after 0.01 seconds
Refreshing native plugins compatible for Editor in 1.64 ms, found 0 plugins.
Preloading 0 native plugins for Editor in 0.00 ms.
Unloading 3412 Unused Serialized files (Serialized files now loaded: 0)
Unloading 27 unused Assets / (74.9 KB). Loaded Objects now: 3872.
Memory consumption went from 115.1 MB to 115.0 MB.
Total: 4.778373 ms (FindLiveObjects: 0.267086 ms CreateObjectMapping: 0.190138 ms MarkObjects: 4.124772 ms  DeleteObjects: 0.194974 ms)

AssetImportParameters requested are different than current active one (requested -> active):
  custom:video-decoder-ogg-theora: a1e56fd34408186e4bbccfd4996cb3dc -> 
  custom:container-muxer-webm: aa71ff27fc2769a1b78a27578f13a17b -> 
  custom:container-demuxer-webm: 4f35f7cbe854078d1ac9338744f61a02 -> 
  custom:video-encoder-webm-vp8: eb34c28f22e8b96e1ab97ce403110664 -> 
  custom:audio-encoder-webm-vorbis: bf7c407c2cedff20999df2af8eb42d56 -> 
  custom:container-demuxer-ogg: 62fdf1f143b41e24485cea50d1cbac27 -> 
  custom:video-decoder-webm-vp8: 9c59270c3fd7afecdb556c50c9e8de78 -> 
  custom:audio-decoder-ogg-vorbis: bf7c407c2cedff20999df2af8eb42d56 -> 
========================================================================
Received Import Request.
  Time since last request: 2653.308594 seconds.
  path: Assets/2Prefabs/Piece.prefab
  artifactKey: Guid(9db7a8c4eb0db10f7b4070e0f211c96a) Importer(815301076,1909f56bfc062723c751e8b465ee728b)
Start importing Assets/2Prefabs/Piece.prefab using Guid(9db7a8c4eb0db10f7b4070e0f211c96a) Importer(815301076,1909f56bfc062723c751e8b465ee728b)  -> (artifact id: '3cc071f78ef3ed9b638aea3b3a74969d') in 0.174948 seconds 
========================================================================
Received Import Request.
  Time since last request: 16.738122 seconds.
  path: Assets/5Scenes/MainMenu.unity
  artifactKey: Guid(7135375d6ee688fccb3cbd27bcfd922c) Importer(815301076,1909f56bfc062723c751e8b465ee728b)
Start importing Assets/5Scenes/MainMenu.unity using Guid(7135375d6ee688fccb3cbd27bcfd922c) Importer(815301076,1909f56bfc062723c751e8b465ee728b)  -> (artifact id: '0772324c84b2797767b90cf7a41bee7f') in 0.001298 seconds 
========================================================================
Received Import Request.
  Time since last request: 1.205060 seconds.
  path: Assets/5Scenes/SampleScene.unity
  artifactKey: Guid(9fc0d4010bbf28b4594072e72b8655ab) Importer(815301076,1909f56bfc062723c751e8b465ee728b)
Start importing Assets/5Scenes/SampleScene.unity using Guid(9fc0d4010bbf28b4594072e72b8655ab) Importer(815301076,1909f56bfc062723c751e8b465ee728b)  -> (artifact id: 'a2665e591bfee712e6535e8f4a28ba2b') in 0.000702 seconds 
========================================================================
Received Import Request.
  Time since last request: 10.159938 seconds.
  path: Assets/5Scenes/GameBoard.unity
  artifactKey: Guid(9fc0d4010bbf28b4594072e72b8655ab) Importer(815301076,1909f56bfc062723c751e8b465ee728b)
Start importing Assets/5Scenes/GameBoard.unity using Guid(9fc0d4010bbf28b4594072e72b8655ab) Importer(815301076,1909f56bfc062723c751e8b465ee728b)  -> (artifact id: 'f779ff20bc5b4b2217c3956fef3d5eb2') in 0.001093 seconds 
========================================================================
Received Import Request.
  Time since last request: 1084.604736 seconds.
  path: Assets/8Fonts/deutsch_gothic
  artifactKey: Guid(d63e93cc249dc30d386279c881390b40) Importer(815301076,1909f56bfc062723c751e8b465ee728b)
Start importing Assets/8Fonts/deutsch_gothic using Guid(d63e93cc249dc30d386279c881390b40) Importer(815301076,1909f56bfc062723c751e8b465ee728b)  -> (artifact id: 'ea8b48cbee62071b7f960471d095c376') in 0.001420 seconds 
========================================================================
Received Import Request.
  Time since last request: 0.634517 seconds.
  path: Assets/8Fonts/norse-font
  artifactKey: Guid(e74ff0465d3760ec09b1a3006dea875c) Importer(815301076,1909f56bfc062723c751e8b465ee728b)
Start importing Assets/8Fonts/norse-font using Guid(e74ff0465d3760ec09b1a3006dea875c) Importer(815301076,1909f56bfc062723c751e8b465ee728b)  -> (artifact id: '874ce533dcd1a10b34d3d3f74111887f') in 0.001808 seconds 
========================================================================
Received Import Request.
  Time since last request: 0.842194 seconds.
  path: Assets/8Fonts/norse-font/Norse-KaWl.otf
  artifactKey: Guid(a96c3426a1f992ec99871f48803d0caa) Importer(815301076,1909f56bfc062723c751e8b465ee728b)
Start importing Assets/8Fonts/norse-font/Norse-KaWl.otf using Guid(a96c3426a1f992ec99871f48803d0caa) Importer(815301076,1909f56bfc062723c751e8b465ee728b)  -> (artifact id: '0a67640c251dad02bf5f6754c6c9a679') in 0.050095 seconds 
========================================================================
Received Prepare
Registering precompiled user dll's ...
Registered in 0.003597 seconds.
Begin MonoManager ReloadAssembly
Symbol file LoadedFromMemory doesn't match image /home/carei/Unity/!GitHub/Ultimate-Viking-Chess/Ultimate Viking Chess/Library/PackageCache/com.unity.visualscripting@1.7.8/Editor/VisualScripting.Core/Dependencies/YamlDotNet/Unity.VisualScripting.YamlDotNet.dll
Symbol file LoadedFromMemory doesn't match image /home/carei/Unity/!GitHub/Ultimate-Viking-Chess/Ultimate Viking Chess/Library/PackageCache/com.unity.visualscripting@1.7.8/Editor/VisualScripting.Core/Dependencies/DotNetZip/Unity.VisualScripting.IonicZip.dll
Native extension for LinuxStandalone target not found
Native extension for WindowsStandalone target not found
Native extension for Android target not found
Native extension for OSXStandalone target not found
Native extension for WebGL target not found
Refreshing native plugins compatible for Editor in 1.53 ms, found 0 plugins.
Preloading 0 native plugins for Editor in 0.00 ms.
Mono: successfully reloaded assembly
- Completed reload, in  1.170 seconds
Domain Reload Profiling:
	ReloadAssembly (1170ms)
		BeginReloadAssembly (124ms)
			ExecutionOrderSort (0ms)
			DisableScriptedObjects (5ms)
			BackupInstance (0ms)
			ReleaseScriptingObjects (0ms)
			CreateAndSetChildDomain (43ms)
		EndReloadAssembly (937ms)
			LoadAssemblies (62ms)
			RebuildTransferFunctionScriptingTraits (0ms)
			SetupTypeCache (307ms)
			ReleaseScriptCaches (2ms)
			RebuildScriptCaches (56ms)
			SetupLoadedEditorAssemblies (441ms)
				LogAssemblyErrors (0ms)
				InitializePlatformSupportModulesInManaged (33ms)
				SetLoadedEditorAssemblies (1ms)
				RefreshPlugins (2ms)
				BeforeProcessingInitializeOnLoad (87ms)
				ProcessInitializeOnLoadAttributes (280ms)
				ProcessInitializeOnLoadMethodAttributes (31ms)
				AfterProcessingInitializeOnLoad (7ms)
				EditorAssembliesLoaded (0ms)
			ExecutionOrderSort2 (0ms)
			AwakeInstancesAfterBackupRestoration (5ms)
Platform modules already initialized, skipping
Refreshing native plugins compatible for Editor in 1.94 ms, found 0 plugins.
Preloading 0 native plugins for Editor in 0.00 ms.
Unloading 3454 Unused Serialized files (Serialized files now loaded: 0)
Unloading 33 unused Assets / (0.6 MB). Loaded Objects now: 3954.
Memory consumption went from 120.5 MB to 119.9 MB.
Total: 4.414709 ms (FindLiveObjects: 0.306858 ms CreateObjectMapping: 0.214184 ms MarkObjects: 3.429202 ms  DeleteObjects: 0.462840 ms)

AssetImportParameters requested are different than current active one (requested -> active):
  custom:video-decoder-ogg-theora: a1e56fd34408186e4bbccfd4996cb3dc -> 
  custom:container-muxer-webm: aa71ff27fc2769a1b78a27578f13a17b -> 
  custom:container-demuxer-webm: 4f35f7cbe854078d1ac9338744f61a02 -> 
  custom:video-encoder-webm-vp8: eb34c28f22e8b96e1ab97ce403110664 -> 
  custom:audio-encoder-webm-vorbis: bf7c407c2cedff20999df2af8eb42d56 -> 
  custom:container-demuxer-ogg: 62fdf1f143b41e24485cea50d1cbac27 -> 
  custom:video-decoder-webm-vp8: 9c59270c3fd7afecdb556c50c9e8de78 -> 
  custom:audio-decoder-ogg-vorbis: bf7c407c2cedff20999df2af8eb42d56 -> 
========================================================================
Received Import Request.
  Time since last request: 36.213263 seconds.
  path: Assets/TextMesh Pro/Examples & Extras/Fonts/Anton.ttf
  artifactKey: Guid(997a43b767814dd0a7642ec9b78cba41) Importer(815301076,1909f56bfc062723c751e8b465ee728b)
Start importing Assets/TextMesh Pro/Examples & Extras/Fonts/Anton.ttf using Guid(997a43b767814dd0a7642ec9b78cba41) Importer(815301076,1909f56bfc062723c751e8b465ee728b)  -> (artifact id: '1de772277291d441b1f1dbf9e7a29b0b') in 0.081899 seconds 
========================================================================
Received Import Request.
  Time since last request: 0.000020 seconds.
  path: Assets/TextMesh Pro/Examples & Extras/Fonts/Oswald-Bold.ttf
  artifactKey: Guid(c9f6d0e7bc8541498c9a4799ba184ede) Importer(815301076,1909f56bfc062723c751e8b465ee728b)
Start importing Assets/TextMesh Pro/Examples & Extras/Fonts/Oswald-Bold.ttf using Guid(c9f6d0e7bc8541498c9a4799ba184ede) Importer(815301076,1909f56bfc062723c751e8b465ee728b)  -> (artifact id: 'cb8d2b25dee2f383bf3721b8c01f5f57') in 0.007119 seconds 
========================================================================
Received Import Request.
  Time since last request: 0.000018 seconds.
  path: Assets/TextMesh Pro/Examples & Extras/Fonts/Electronic Highway Sign.TTF
  artifactKey: Guid(8a2b9e2a607dd2143b58c44bc32410b4) Importer(815301076,1909f56bfc062723c751e8b465ee728b)
Start importing Assets/TextMesh Pro/Examples & Extras/Fonts/Electronic Highway Sign.TTF using Guid(8a2b9e2a607dd2143b58c44bc32410b4) Importer(815301076,1909f56bfc062723c751e8b465ee728b)  -> (artifact id: 'a28e93518d4e6d15edea4c2d26e3a033') in 0.011178 seconds 
========================================================================
Received Import Request.
  Time since last request: 22.004489 seconds.
  path: Assets/TextMesh Pro/Examples & Extras/Fonts/Roboto-Bold.ttf
  artifactKey: Guid(4beb055f07aaff244873dec698d0363e) Importer(815301076,1909f56bfc062723c751e8b465ee728b)
Start importing Assets/TextMesh Pro/Examples & Extras/Fonts/Roboto-Bold.ttf using Guid(4beb055f07aaff244873dec698d0363e) Importer(815301076,1909f56bfc062723c751e8b465ee728b)  -> (artifact id: '8d39361864d4389ad52b1adeb07b8f06') in 0.022784 seconds 
========================================================================
Received Import Request.
  Time since last request: 2.407190 seconds.
  path: Assets/8Fonts/NorseBold.asset
  artifactKey: Guid(fd85217c47e481b1799d338a0c870a53) Importer(815301076,1909f56bfc062723c751e8b465ee728b)
Start importing Assets/8Fonts/NorseBold.asset using Guid(fd85217c47e481b1799d338a0c870a53) Importer(815301076,1909f56bfc062723c751e8b465ee728b)  -> (artifact id: '034a09eb40909c0dea06ac63cbda98e1') in 0.101847 seconds 
========================================================================
Received Import Request.
  Time since last request: 16.579911 seconds.
  path: Assets/8Fonts/Deutsch SDF.asset
  artifactKey: Guid(f3b2b4c0834e22fc49107237053f044a) Importer(815301076,1909f56bfc062723c751e8b465ee728b)
Start importing Assets/8Fonts/Deutsch SDF.asset using Guid(f3b2b4c0834e22fc49107237053f044a) Importer(815301076,1909f56bfc062723c751e8b465ee728b)  -> (artifact id: '5e1500b2324601be3bd56bd80c0c5125') in 0.027230 seconds 
========================================================================
Received Import Request.
  Time since last request: 30.233605 seconds.
  path: Assets/8Fonts/norse-font/Norse.asset
  artifactKey: Guid(12e5476e4d72e339da2be8e4edcd80dc) Importer(815301076,1909f56bfc062723c751e8b465ee728b)
Start importing Assets/8Fonts/norse-font/Norse.asset using Guid(12e5476e4d72e339da2be8e4edcd80dc) Importer(815301076,1909f56bfc062723c751e8b465ee728b)  -> (artifact id: 'c931da654b1f42ac4cf4a335a1b34cdd') in 0.018780 seconds 
========================================================================
Received Import Request.
  Time since last request: 326.170498 seconds.
  path: Assets/4Sprites/tavern.jpg
  artifactKey: Guid(88a4d6b0b7f3b409b8b9d0c74008873f) Importer(815301076,1909f56bfc062723c751e8b465ee728b)
Start importing Assets/4Sprites/tavern.jpg using Guid(88a4d6b0b7f3b409b8b9d0c74008873f) Importer(815301076,1909f56bfc062723c751e8b465ee728b)  -> (artifact id: 'f873da3b93869bf45f474d852935efcc') in 0.008222 seconds 
========================================================================
Received Import Request.
  Time since last request: 22.979467 seconds.
  path: Assets/4Sprites/tavern.jpg
  artifactKey: Guid(88a4d6b0b7f3b409b8b9d0c74008873f) Importer(815301076,1909f56bfc062723c751e8b465ee728b)
Start importing Assets/4Sprites/tavern.jpg using Guid(88a4d6b0b7f3b409b8b9d0c74008873f) Importer(815301076,1909f56bfc062723c751e8b465ee728b)  -> (artifact id: '8186d550961555a3ba6490c7adb91a0f') in 0.010512 seconds 
========================================================================
Received Import Request.
  Time since last request: 33.165543 seconds.
  path: Assets/4Sprites/tavern.jpg
  artifactKey: Guid(88a4d6b0b7f3b409b8b9d0c74008873f) Importer(815301076,1909f56bfc062723c751e8b465ee728b)
Start importing Assets/4Sprites/tavern.jpg using Guid(88a4d6b0b7f3b409b8b9d0c74008873f) Importer(815301076,1909f56bfc062723c751e8b465ee728b)  -> (artifact id: 'aec8892ddd9e671aa3839baca3649f50') in 0.102839 seconds 
========================================================================
Received Import Request.
  Time since last request: 401.623529 seconds.
  path: Assets/4Sprites/Border.png
  artifactKey: Guid(e75160dbe38def873809ac0ad6efad39) Importer(815301076,1909f56bfc062723c751e8b465ee728b)
Start importing Assets/4Sprites/Border.png using Guid(e75160dbe38def873809ac0ad6efad39) Importer(815301076,1909f56bfc062723c751e8b465ee728b)  -> (artifact id: '9716161c9b9c63a50d2ba22d522d50f5') in 0.027876 seconds 
========================================================================
Received Import Request.
  Time since last request: 50.659955 seconds.
  path: Assets/4Sprites/Border.png
  artifactKey: Guid(e75160dbe38def873809ac0ad6efad39) Importer(815301076,1909f56bfc062723c751e8b465ee728b)
Start importing Assets/4Sprites/Border.png using Guid(e75160dbe38def873809ac0ad6efad39) Importer(815301076,1909f56bfc062723c751e8b465ee728b)  -> (artifact id: '46aa10578fd0f177f960db2b9e5a9694') in 0.021344 seconds 
========================================================================
Received Import Request.
  Time since last request: 2.747146 seconds.
  path: Assets/4Sprites/Border.png
  artifactKey: Guid(e75160dbe38def873809ac0ad6efad39) Importer(815301076,1909f56bfc062723c751e8b465ee728b)
Start importing Assets/4Sprites/Border.png using Guid(e75160dbe38def873809ac0ad6efad39) Importer(815301076,1909f56bfc062723c751e8b465ee728b)  -> (artifact id: '55f50e1f5393542d7bc8b779045ab65e') in 0.024713 seconds 
========================================================================
Received Import Request.
  Time since last request: 124.398115 seconds.
  path: Assets/4Sprites/Border.png
  artifactKey: Guid(e75160dbe38def873809ac0ad6efad39) Importer(815301076,1909f56bfc062723c751e8b465ee728b)
Start importing Assets/4Sprites/Border.png using Guid(e75160dbe38def873809ac0ad6efad39) Importer(815301076,1909f56bfc062723c751e8b465ee728b)  -> (artifact id: 'af30423017af4b3ced4c12f580a04e9e') in 0.018551 seconds 
========================================================================
Received Import Request.
  Time since last request: 164.209248 seconds.
  path: Assets/4Sprites/Border.png
  artifactKey: Guid(e75160dbe38def873809ac0ad6efad39) Importer(815301076,1909f56bfc062723c751e8b465ee728b)
Start importing Assets/4Sprites/Border.png using Guid(e75160dbe38def873809ac0ad6efad39) Importer(815301076,1909f56bfc062723c751e8b465ee728b)  -> (artifact id: '56fdd65b7a2b0e3ab917f1f596ce0a1f') in 0.020666 seconds 
AssetImportWorkerClient::OnTransportError - code=2 error=End of file
