Unity Editor version:    2021.3.14f1 (eee1884e7226)
Branch:                  2021.3/staging
Build type:              Release
Batch mode:              YES
System name:             Linux
Distro version:          #26~22.04.1-Ubuntu SMP PREEMPT_DYNAMIC Thu Jul 13 16:27:29 UTC 2
Kernel version:          6.2.0-26-generic
Architecture:            x86_64
Available memory:        15643 MB
Using pre-set license
Pro License: YES

(Unity:64113): Gdk-CRITICAL **: 21:47:13.453: gdk_window_get_cursor: assertion 'GDK_IS_WINDOW (window)' failed
Desktop is 1920 x 1080 @ 60 Hz
Initialize udev device monitor.

COMMAND LINE ARGUMENTS:
Unity
-adb2
-batchMode
-noUpm
-name
AssetImportWorker1
-projectPath
/home/carei/Unity/!GitHub/Ultimate-Viking-Chess/Ultimate Viking Chess
-logFile
Logs/AssetImportWorker1.log
-srvPort
34311
Successfully changed project path to: /home/carei/Unity/!GitHub/Ultimate-Viking-Chess/Ultimate Viking Chess
/home/carei/Unity/!GitHub/Ultimate-Viking-Chess/Ultimate Viking Chess
[UnityMemory] Configuration Parameters - Can be set up in boot.config
    "memorysetup-bucket-allocator-granularity=16"
    "memorysetup-bucket-allocator-bucket-count=8"
    "memorysetup-bucket-allocator-block-size=33554432"
    "memorysetup-bucket-allocator-block-count=8"
    "memorysetup-main-allocator-block-size=16777216"
    "memorysetup-thread-allocator-block-size=16777216"
    "memorysetup-gfx-main-allocator-block-size=16777216"
    "memorysetup-gfx-thread-allocator-block-size=16777216"
    "memorysetup-cache-allocator-block-size=4194304"
    "memorysetup-typetree-allocator-block-size=2097152"
    "memorysetup-profiler-bucket-allocator-granularity=16"
    "memorysetup-profiler-bucket-allocator-bucket-count=8"
    "memorysetup-profiler-bucket-allocator-block-size=33554432"
    "memorysetup-profiler-bucket-allocator-block-count=8"
    "memorysetup-profiler-allocator-block-size=16777216"
    "memorysetup-profiler-editor-allocator-block-size=1048576"
    "memorysetup-temp-allocator-size-main=16777216"
    "memorysetup-job-temp-allocator-block-size=2097152"
    "memorysetup-job-temp-allocator-block-size-background=1048576"
    "memorysetup-job-temp-allocator-reduction-small-platforms=262144"
    "memorysetup-temp-allocator-size-background-worker=32768"
    "memorysetup-temp-allocator-size-job-worker=262144"
    "memorysetup-temp-allocator-size-preload-manager=33554432"
    "memorysetup-temp-allocator-size-nav-mesh-worker=65536"
    "memorysetup-temp-allocator-size-audio-worker=65536"
    "memorysetup-temp-allocator-size-cloud-worker=32768"
    "memorysetup-temp-allocator-size-gi-baking-worker=262144"
    "memorysetup-temp-allocator-size-gfx=262144"
Refreshing native plugins compatible for Editor in 120.68 ms, found 0 plugins.
Preloading 0 native plugins for Editor in 0.00 ms.
Initialize engine version: 2021.3.14f1 (eee1884e7226)
[Subsystems] Discovering subsystems at path /home/carei/Unity/Hub/Editor/2021.3.14f1/Editor/Data/Resources/UnitySubsystems
[Subsystems] Discovering subsystems at path /home/carei/Unity/!GitHub/Ultimate-Viking-Chess/Ultimate Viking Chess/Assets
GLX Extensions: GLX_ARB_context_flush_control GLX_ARB_create_context GLX_ARB_create_context_no_error GLX_ARB_create_context_profile GLX_ARB_create_context_robustness GLX_ARB_fbconfig_float GLX_ARB_framebuffer_sRGB GLX_ARB_get_proc_address GLX_ARB_multisample GLX_EXT_buffer_age GLX_EXT_create_context_es2_profile GLX_EXT_create_context_es_profile GLX_EXT_fbconfig_packed_float GLX_EXT_framebuffer_sRGB GLX_EXT_no_config_context GLX_EXT_swap_control GLX_EXT_swap_control_tear GLX_EXT_texture_from_pixmap GLX_EXT_visual_info GLX_EXT_visual_rating GLX_MESA_copy_sub_buffer GLX_MESA_query_renderer GLX_MESA_swap_control GLX_OML_swap_method GLX_OML_sync_control GLX_SGIS_multisample GLX_SGIX_fbconfig GLX_SGIX_pbuffer GLX_SGIX_visual_select_group GLX_SGI_make_current_read GLX_SGI_video_sync 
Renderer: Mesa Intel(R) UHD Graphics (CML GT2)
Vendor:   Intel
Version:  4.6 (Core Profile) Mesa 23.0.4-0ubuntu1~22.04.1
GLES:     0
 GL_3DFX_texture_compression_FXT1 GL_AMD_conservative_depth GL_AMD_depth_clamp_separate GL_AMD_draw_buffers_blend GL_AMD_gpu_shader_int64 GL_AMD_multi_draw_indirect GL_AMD_performance_monitor GL_AMD_pinned_memory GL_AMD_query_buffer_object GL_AMD_seamless_cubemap_per_texture GL_AMD_shader_stencil_export GL_AMD_shader_trinary_minmax GL_AMD_texture_texture4 GL_AMD_vertex_shader_layer GL_AMD_vertex_shader_viewport_index GL_ANGLE_texture_compression_dxt3 GL_ANGLE_texture_compression_dxt5 GL_ARB_ES2_compatibility GL_ARB_ES3_1_compatibility GL_ARB_ES3_2_compatibility GL_ARB_ES3_compatibility GL_ARB_arrays_of_arrays GL_ARB_base_instance GL_ARB_blend_func_extended GL_ARB_buffer_storage GL_ARB_clear_buffer_object GL_ARB_clear_texture GL_ARB_clip_control GL_ARB_compressed_texture_pixel_storage GL_ARB_compute_shader GL_ARB_compute_variable_group_size GL_ARB_conditional_render_inverted GL_ARB_conservative_depth GL_ARB_copy_buffer GL_ARB_copy_image GL_ARB_cull_distance GL_ARB_debug_output GL_ARB_depth_buffer_float GL_ARB
_depth_clamp GL_ARB_derivative_control GL_ARB_direct_state_access GL_ARB_draw_buffers GL_ARB_draw_buffers_blend GL_ARB_draw_elements_base_vertex GL_ARB_draw_indirect GL_ARB_draw_instanced GL_ARB_enhanced_layouts GL_ARB_explicit_attrib_location GL_ARB_explicit_uniform_location GL_ARB_fragment_coord_conventions GL_ARB_fragment_layer_viewport GL_ARB_fragment_shader GL_ARB_fragment_shader_interlock GL_ARB_framebuffer_no_attachments GL_ARB_framebuffer_object GL_ARB_framebuffer_sRGB GL_ARB_get_program_binary GL_ARB_get_texture_sub_image GL_ARB_gl_spirv GL_ARB_gpu_shader5 GL_ARB_gpu_shader_fp64 GL_ARB_gpu_shader_int64 GL_ARB_half_float_pixel GL_ARB_half_float_vertex GL_ARB_indirect_parameters GL_ARB_instanced_arrays GL_ARB_internalformat_query GL_ARB_internalformat_query2 GL_ARB_invalidate_subdata GL_ARB_map_buffer_alignment GL_ARB_map_buffer_range GL_ARB_multi_bind GL_ARB_multi_draw_indirect GL_ARB_occlusion_query2 GL_ARB_parallel_shader_compile GL_ARB_pipeline_statistics_query GL_ARB_pixel_buffer_object GL_ARB_po
int_sprite GL_ARB_polygon_offset_clamp GL_ARB_post_depth_coverage GL_ARB_program_interface_query GL_ARB_provoking_vertex GL_ARB_query_buffer_object GL_ARB_robust_buffer_access_behavior GL_ARB_robustness GL_ARB_sample_shading GL_ARB_sampler_objects GL_ARB_seamless_cube_map GL_ARB_seamless_cubemap_per_texture GL_ARB_separate_shader_objects GL_ARB_shader_atomic_counter_ops GL_ARB_shader_atomic_counters GL_ARB_shader_ballot GL_ARB_shader_bit_encoding GL_ARB_shader_clock GL_ARB_shader_draw_parameters GL_ARB_shader_group_vote GL_ARB_shader_image_load_store GL_ARB_shader_image_size GL_ARB_shader_objects GL_ARB_shader_precision GL_ARB_shader_stencil_export GL_ARB_shader_storage_buffer_object GL_ARB_shader_subroutine GL_ARB_shader_texture_image_samples GL_ARB_shader_texture_lod GL_ARB_shader_viewport_layer_array GL_ARB_shading_language_420pack GL_ARB_shading_language_include GL_ARB_shading_language_packing GL_ARB_spirv_extensions GL_ARB_stencil_texturing GL_ARB_sync GL_ARB_tessellation_shader GL_ARB_texture_barrier G
L_ARB_texture_buffer_object GL_ARB_texture_buffer_object_rgb32 GL_ARB_texture_buffer_range GL_ARB_texture_compression_bptc GL_ARB_texture_compression_rgtc GL_ARB_texture_cube_map_array GL_ARB_texture_filter_anisotropic GL_ARB_texture_float GL_ARB_texture_gather GL_ARB_texture_mirror_clamp_to_edge GL_ARB_texture_multisample GL_ARB_texture_non_power_of_two GL_ARB_texture_query_levels GL_ARB_texture_query_lod GL_ARB_texture_rectangle GL_ARB_texture_rg GL_ARB_texture_rgb10_a2ui GL_ARB_texture_stencil8 GL_ARB_texture_storage GL_ARB_texture_storage_multisample GL_ARB_texture_swizzle GL_ARB_texture_view GL_ARB_timer_query GL_ARB_transform_feedback2 GL_ARB_transform_feedback3 GL_ARB_transform_feedback_instanced GL_ARB_transform_feedback_overflow_query GL_ARB_uniform_buffer_object GL_ARB_vertex_array_bgra GL_ARB_vertex_array_object GL_ARB_vertex_attrib_64bit GL_ARB_vertex_attrib_binding GL_ARB_vertex_buffer_object GL_ARB_vertex_shader GL_ARB_vertex_type_10f_11f_11f_rev GL_ARB_vertex_type_2_10_10_10_rev GL_ARB_viewpor
t_array GL_ATI_blend_equation_separate GL_ATI_texture_float GL_EXT_EGL_image_storage GL_EXT_EGL_sync GL_EXT_abgr GL_EXT_blend_equation_separate GL_EXT_debug_label GL_EXT_demote_to_helper_invocation GL_EXT_draw_buffers2 GL_EXT_draw_instanced GL_EXT_framebuffer_blit GL_EXT_framebuffer_multisample GL_EXT_framebuffer_multisample_blit_scaled GL_EXT_framebuffer_object GL_EXT_framebuffer_sRGB GL_EXT_memory_object GL_EXT_memory_object_fd GL_EXT_packed_depth_stencil GL_EXT_packed_float GL_EXT_pixel_buffer_object GL_EXT_polygon_offset_clamp GL_EXT_provoking_vertex GL_EXT_semaphore GL_EXT_semaphore_fd GL_EXT_shader_framebuffer_fetch GL_EXT_shader_framebuffer_fetch_non_coherent GL_EXT_shader_integer_mix GL_EXT_shader_samples_identical GL_EXT_texture_array GL_EXT_texture_compression_dxt1 GL_EXT_texture_compression_rgtc GL_EXT_texture_compression_s3tc GL_EXT_texture_filter_anisotropic GL_EXT_texture_integer GL_EXT_texture_sRGB GL_EXT_texture_sRGB_R8 GL_EXT_texture_sRGB_decode GL_EXT_texture_shadow_lod GL_EXT_texture_share
d_exponent GL_EXT_texture_snorm GL_EXT_texture_swizzle GL_EXT_timer_query GL_EXT_transform_feedback GL_EXT_vertex_array_bgra GL_EXT_vertex_attrib_64bit GL_IBM_multimode_draw_arrays GL_INTEL_blackhole_render GL_INTEL_conservative_rasterization GL_INTEL_performance_query GL_INTEL_shader_atomic_float_minmax GL_INTEL_shader_integer_functions2 GL_KHR_blend_equation_advanced GL_KHR_blend_equation_advanced_coherent GL_KHR_context_flush_control GL_KHR_debug GL_KHR_no_error GL_KHR_parallel_shader_compile GL_KHR_robust_buffer_access_behavior GL_KHR_robustness GL_KHR_texture_compression_astc_ldr GL_KHR_texture_compression_astc_sliced_3d GL_MESA_framebuffer_flip_y GL_MESA_pack_invert GL_MESA_shader_integer_functions GL_MESA_texture_signed_rgba GL_NV_alpha_to_coverage_dither_control GL_NV_compute_shader_derivatives GL_NV_conditional_render GL_NV_copy_image GL_NV_depth_clamp GL_NV_fragment_shader_interlock GL_NV_packed_depth_stencil GL_NV_texture_barrier GL_OES_EGL_image GL_S3_s3tc
OPENGL LOG: Creating OpenGL 4.6 graphics device ; Context level  <OpenGL 4.5> ; Context handle 1473356880
Initialize mono
Mono path[0] = '/home/carei/Unity/Hub/Editor/2021.3.14f1/Editor/Data/Managed'
Mono path[1] = '/home/carei/Unity/Hub/Editor/2021.3.14f1/Editor/Data/MonoBleedingEdge/lib/mono/unityjit-linux'
Mono config path = '/home/carei/Unity/Hub/Editor/2021.3.14f1/Editor/Data/MonoBleedingEdge/etc'
Using monoOptions --debugger-agent=transport=dt_socket,embedding=1,server=y,suspend=n,address=127.0.0.1:56113
Begin MonoManager ReloadAssembly
Registering precompiled unity dll's ...
Register platform support module: /home/carei/Unity/Hub/Editor/2021.3.14f1/Editor/Data/PlaybackEngines/WebGLSupport/UnityEditor.WebGL.Extensions.dll
Register platform support module: /home/carei/Unity/Hub/Editor/2021.3.14f1/Editor/Data/PlaybackEngines/MacStandaloneSupport/UnityEditor.OSXStandalone.Extensions.dll
Register platform support module: /home/carei/Unity/Hub/Editor/2021.3.14f1/Editor/Data/PlaybackEngines/AndroidPlayer/UnityEditor.Android.Extensions.dll
Register platform support module: /home/carei/Unity/Hub/Editor/2021.3.14f1/Editor/Data/PlaybackEngines/WindowsStandaloneSupport/UnityEditor.WindowsStandalone.Extensions.dll
Register platform support module: /home/carei/Unity/Hub/Editor/2021.3.14f1/Editor/Data/PlaybackEngines/LinuxStandaloneSupport/UnityEditor.LinuxStandalone.Extensions.dll
Registered in 0.007859 seconds.
Native extension for LinuxStandalone target not found
Native extension for WindowsStandalone target not found
Native extension for Android target not found
Native extension for OSXStandalone target not found
Native extension for WebGL target not found
Refreshing native plugins compatible for Editor in 132.74 ms, found 0 plugins.
Preloading 0 native plugins for Editor in 0.00 ms.
Mono: successfully reloaded assembly
- Completed reload, in  0.808 seconds
Domain Reload Profiling:
	ReloadAssembly (808ms)
		BeginReloadAssembly (59ms)
			ExecutionOrderSort (0ms)
			DisableScriptedObjects (0ms)
			BackupInstance (0ms)
			ReleaseScriptingObjects (0ms)
			CreateAndSetChildDomain (1ms)
		EndReloadAssembly (611ms)
			LoadAssemblies (57ms)
			RebuildTransferFunctionScriptingTraits (0ms)
			SetupTypeCache (130ms)
			ReleaseScriptCaches (0ms)
			RebuildScriptCaches (41ms)
			SetupLoadedEditorAssemblies (381ms)
				LogAssemblyErrors (0ms)
				InitializePlatformSupportModulesInManaged (70ms)
				SetLoadedEditorAssemblies (0ms)
				RefreshPlugins (133ms)
				BeforeProcessingInitializeOnLoad (1ms)
				ProcessInitializeOnLoadAttributes (122ms)
				ProcessInitializeOnLoadMethodAttributes (54ms)
				AfterProcessingInitializeOnLoad (0ms)
				EditorAssembliesLoaded (0ms)
			ExecutionOrderSort2 (0ms)
			AwakeInstancesAfterBackupRestoration (0ms)
Platform modules already initialized, skipping
Registering precompiled user dll's ...
Registered in 0.006596 seconds.
Begin MonoManager ReloadAssembly
Symbol file LoadedFromMemory doesn't match image /home/carei/Unity/!GitHub/Ultimate-Viking-Chess/Ultimate Viking Chess/Library/PackageCache/com.unity.visualscripting@1.7.8/Editor/VisualScripting.Core/Dependencies/YamlDotNet/Unity.VisualScripting.YamlDotNet.dll
Symbol file LoadedFromMemory doesn't match image /home/carei/Unity/!GitHub/Ultimate-Viking-Chess/Ultimate Viking Chess/Library/PackageCache/com.unity.visualscripting@1.7.8/Editor/VisualScripting.Core/Dependencies/DotNetZip/Unity.VisualScripting.IonicZip.dll
Native extension for LinuxStandalone target not found
Native extension for WindowsStandalone target not found
Native extension for Android target not found
Native extension for OSXStandalone target not found
Native extension for WebGL target not found
Refreshing native plugins compatible for Editor in 0.81 ms, found 0 plugins.
Preloading 0 native plugins for Editor in 0.00 ms.
Mono: successfully reloaded assembly
- Completed reload, in  1.360 seconds
Domain Reload Profiling:
	ReloadAssembly (1361ms)
		BeginReloadAssembly (222ms)
			ExecutionOrderSort (0ms)
			DisableScriptedObjects (7ms)
			BackupInstance (0ms)
			ReleaseScriptingObjects (0ms)
			CreateAndSetChildDomain (134ms)
		EndReloadAssembly (1009ms)
			LoadAssemblies (70ms)
			RebuildTransferFunctionScriptingTraits (0ms)
			SetupTypeCache (353ms)
			ReleaseScriptCaches (2ms)
			RebuildScriptCaches (70ms)
			SetupLoadedEditorAssemblies (456ms)
				LogAssemblyErrors (0ms)
				InitializePlatformSupportModulesInManaged (29ms)
				SetLoadedEditorAssemblies (1ms)
				RefreshPlugins (1ms)
				BeforeProcessingInitializeOnLoad (110ms)
				ProcessInitializeOnLoadAttributes (281ms)
				ProcessInitializeOnLoadMethodAttributes (28ms)
				AfterProcessingInitializeOnLoad (7ms)
				EditorAssembliesLoaded (0ms)
			ExecutionOrderSort2 (0ms)
			AwakeInstancesAfterBackupRestoration (4ms)
Platform modules already initialized, skipping
========================================================================
Worker process is ready to serve import requests
Launched and connected shader compiler UnityShaderCompiler after 0.01 seconds
Refreshing native plugins compatible for Editor in 0.96 ms, found 0 plugins.
Preloading 0 native plugins for Editor in 0.00 ms.
Unloading 3459 Unused Serialized files (Serialized files now loaded: 0)
Unloading 27 unused Assets / (75.2 KB). Loaded Objects now: 3919.
Memory consumption went from 118.1 MB to 118.0 MB.
Total: 4.298245 ms (FindLiveObjects: 0.395337 ms CreateObjectMapping: 0.272780 ms MarkObjects: 3.443724 ms  DeleteObjects: 0.185145 ms)

AssetImportParameters requested are different than current active one (requested -> active):
  custom:video-decoder-ogg-theora: a1e56fd34408186e4bbccfd4996cb3dc -> 
  custom:container-muxer-webm: aa71ff27fc2769a1b78a27578f13a17b -> 
  custom:container-demuxer-webm: 4f35f7cbe854078d1ac9338744f61a02 -> 
  custom:video-encoder-webm-vp8: eb34c28f22e8b96e1ab97ce403110664 -> 
  custom:audio-encoder-webm-vorbis: bf7c407c2cedff20999df2af8eb42d56 -> 
  custom:container-demuxer-ogg: 62fdf1f143b41e24485cea50d1cbac27 -> 
  custom:video-decoder-webm-vp8: 9c59270c3fd7afecdb556c50c9e8de78 -> 
  custom:audio-decoder-ogg-vorbis: bf7c407c2cedff20999df2af8eb42d56 -> 
========================================================================
Received Import Request.
  Time since last request: 5973.272397 seconds.
  path: Assets/4Sprites/Border.png
  artifactKey: Guid(e75160dbe38def873809ac0ad6efad39) Importer(815301076,1909f56bfc062723c751e8b465ee728b)
Start importing Assets/4Sprites/Border.png using Guid(e75160dbe38def873809ac0ad6efad39) Importer(815301076,1909f56bfc062723c751e8b465ee728b)  -> (artifact id: '335283db3b4510bd5a878c3fc5d6aa75') in 0.099759 seconds 
========================================================================
Received Prepare
Registering precompiled user dll's ...
Registered in 0.003602 seconds.
Begin MonoManager ReloadAssembly
Symbol file LoadedFromMemory doesn't match image /home/carei/Unity/!GitHub/Ultimate-Viking-Chess/Ultimate Viking Chess/Library/PackageCache/com.unity.visualscripting@1.7.8/Editor/VisualScripting.Core/Dependencies/YamlDotNet/Unity.VisualScripting.YamlDotNet.dll
Symbol file LoadedFromMemory doesn't match image /home/carei/Unity/!GitHub/Ultimate-Viking-Chess/Ultimate Viking Chess/Library/PackageCache/com.unity.visualscripting@1.7.8/Editor/VisualScripting.Core/Dependencies/DotNetZip/Unity.VisualScripting.IonicZip.dll
Native extension for LinuxStandalone target not found
Native extension for WindowsStandalone target not found
Native extension for Android target not found
Native extension for OSXStandalone target not found
Native extension for WebGL target not found
Refreshing native plugins compatible for Editor in 0.75 ms, found 0 plugins.
Preloading 0 native plugins for Editor in 0.00 ms.
Mono: successfully reloaded assembly
- Completed reload, in  1.191 seconds
Domain Reload Profiling:
	ReloadAssembly (1192ms)
		BeginReloadAssembly (145ms)
			ExecutionOrderSort (0ms)
			DisableScriptedObjects (6ms)
			BackupInstance (0ms)
			ReleaseScriptingObjects (0ms)
			CreateAndSetChildDomain (49ms)
		EndReloadAssembly (931ms)
			LoadAssemblies (73ms)
			RebuildTransferFunctionScriptingTraits (0ms)
			SetupTypeCache (330ms)
			ReleaseScriptCaches (1ms)
			RebuildScriptCaches (62ms)
			SetupLoadedEditorAssemblies (400ms)
				LogAssemblyErrors (0ms)
				InitializePlatformSupportModulesInManaged (36ms)
				SetLoadedEditorAssemblies (1ms)
				RefreshPlugins (1ms)
				BeforeProcessingInitializeOnLoad (75ms)
				ProcessInitializeOnLoadAttributes (254ms)
				ProcessInitializeOnLoadMethodAttributes (27ms)
				AfterProcessingInitializeOnLoad (6ms)
				EditorAssembliesLoaded (0ms)
			ExecutionOrderSort2 (0ms)
			AwakeInstancesAfterBackupRestoration (5ms)
Platform modules already initialized, skipping
Refreshing native plugins compatible for Editor in 1.82 ms, found 0 plugins.
Preloading 0 native plugins for Editor in 0.00 ms.
Unloading 3441 Unused Serialized files (Serialized files now loaded: 0)
Unloading 20 unused Assets / (58.4 KB). Loaded Objects now: 3929.
Memory consumption went from 118.8 MB to 118.7 MB.
Total: 4.685656 ms (FindLiveObjects: 0.268827 ms CreateObjectMapping: 0.232332 ms MarkObjects: 3.917378 ms  DeleteObjects: 0.265538 ms)

AssetImportParameters requested are different than current active one (requested -> active):
  custom:video-decoder-ogg-theora: a1e56fd34408186e4bbccfd4996cb3dc -> 
  custom:container-muxer-webm: aa71ff27fc2769a1b78a27578f13a17b -> 
  custom:container-demuxer-webm: 4f35f7cbe854078d1ac9338744f61a02 -> 
  custom:video-encoder-webm-vp8: eb34c28f22e8b96e1ab97ce403110664 -> 
  custom:audio-encoder-webm-vorbis: bf7c407c2cedff20999df2af8eb42d56 -> 
  custom:container-demuxer-ogg: 62fdf1f143b41e24485cea50d1cbac27 -> 
  custom:video-decoder-webm-vp8: 9c59270c3fd7afecdb556c50c9e8de78 -> 
  custom:audio-decoder-ogg-vorbis: bf7c407c2cedff20999df2af8eb42d56 -> 
========================================================================
Received Import Request.
  Time since last request: 4586.902121 seconds.
  path: Assets/TextMesh Pro/Examples & Extras/Resources/Fonts & Materials/Electronic Highway Sign SDF.asset
  artifactKey: Guid(dc36b3fdc14f47ebb36fd484a67e268a) Importer(815301076,1909f56bfc062723c751e8b465ee728b)
Start importing Assets/TextMesh Pro/Examples & Extras/Resources/Fonts & Materials/Electronic Highway Sign SDF.asset using Guid(dc36b3fdc14f47ebb36fd484a67e268a) Importer(815301076,1909f56bfc062723c751e8b465ee728b)  -> (artifact id: 'd05e66414e4a28aecb56764f0b09a8da') in 0.105837 seconds 
========================================================================
Received Import Request.
  Time since last request: 0.000052 seconds.
  path: Assets/TextMesh Pro/Examples & Extras/Resources/Fonts & Materials/Oswald Bold SDF.asset
  artifactKey: Guid(0161d805a3764c089bef00bfe00793f5) Importer(815301076,1909f56bfc062723c751e8b465ee728b)
Start importing Assets/TextMesh Pro/Examples & Extras/Resources/Fonts & Materials/Oswald Bold SDF.asset using Guid(0161d805a3764c089bef00bfe00793f5) Importer(815301076,1909f56bfc062723c751e8b465ee728b)  -> (artifact id: '39e68e5e9d5adb8d60dbe82dc2682da1') in 0.011126 seconds 
========================================================================
Received Import Request.
  Time since last request: 0.000046 seconds.
  path: Assets/8Fonts/NorseBold.asset
  artifactKey: Guid(fd85217c47e481b1799d338a0c870a53) Importer(815301076,1909f56bfc062723c751e8b465ee728b)
Start importing Assets/8Fonts/NorseBold.asset using Guid(fd85217c47e481b1799d338a0c870a53) Importer(815301076,1909f56bfc062723c751e8b465ee728b)  -> (artifact id: '7c98bbc15ebf8271fffc068d4326511d') in 0.026629 seconds 
========================================================================
Received Prepare
Registering precompiled user dll's ...
Registered in 0.003836 seconds.
Begin MonoManager ReloadAssembly
Symbol file LoadedFromMemory doesn't match image /home/carei/Unity/!GitHub/Ultimate-Viking-Chess/Ultimate Viking Chess/Library/PackageCache/com.unity.visualscripting@1.7.8/Editor/VisualScripting.Core/Dependencies/YamlDotNet/Unity.VisualScripting.YamlDotNet.dll
Symbol file LoadedFromMemory doesn't match image /home/carei/Unity/!GitHub/Ultimate-Viking-Chess/Ultimate Viking Chess/Library/PackageCache/com.unity.visualscripting@1.7.8/Editor/VisualScripting.Core/Dependencies/DotNetZip/Unity.VisualScripting.IonicZip.dll
Native extension for LinuxStandalone target not found
Native extension for WindowsStandalone target not found
Native extension for Android target not found
Native extension for OSXStandalone target not found
Native extension for WebGL target not found
Refreshing native plugins compatible for Editor in 1.15 ms, found 0 plugins.
Preloading 0 native plugins for Editor in 0.00 ms.
Mono: successfully reloaded assembly
- Completed reload, in  1.152 seconds
Domain Reload Profiling:
	ReloadAssembly (1153ms)
		BeginReloadAssembly (143ms)
			ExecutionOrderSort (0ms)
			DisableScriptedObjects (5ms)
			BackupInstance (0ms)
			ReleaseScriptingObjects (0ms)
			CreateAndSetChildDomain (42ms)
		EndReloadAssembly (890ms)
			LoadAssemblies (80ms)
			RebuildTransferFunctionScriptingTraits (0ms)
			SetupTypeCache (312ms)
			ReleaseScriptCaches (2ms)
			RebuildScriptCaches (53ms)
			SetupLoadedEditorAssemblies (390ms)
				LogAssemblyErrors (0ms)
				InitializePlatformSupportModulesInManaged (35ms)
				SetLoadedEditorAssemblies (1ms)
				RefreshPlugins (1ms)
				BeforeProcessingInitializeOnLoad (73ms)
				ProcessInitializeOnLoadAttributes (247ms)
				ProcessInitializeOnLoadMethodAttributes (27ms)
				AfterProcessingInitializeOnLoad (7ms)
				EditorAssembliesLoaded (0ms)
			ExecutionOrderSort2 (0ms)
			AwakeInstancesAfterBackupRestoration (4ms)
Platform modules already initialized, skipping
Refreshing native plugins compatible for Editor in 1.96 ms, found 0 plugins.
Preloading 0 native plugins for Editor in 0.00 ms.
Unloading 3441 Unused Serialized files (Serialized files now loaded: 0)
Unloading 20 unused Assets / (58.5 KB). Loaded Objects now: 3974.
Memory consumption went from 119.1 MB to 119.1 MB.
Total: 5.121935 ms (FindLiveObjects: 0.343090 ms CreateObjectMapping: 0.282603 ms MarkObjects: 4.156571 ms  DeleteObjects: 0.337359 ms)

AssetImportParameters requested are different than current active one (requested -> active):
  custom:video-decoder-ogg-theora: a1e56fd34408186e4bbccfd4996cb3dc -> 
  custom:container-muxer-webm: aa71ff27fc2769a1b78a27578f13a17b -> 
  custom:container-demuxer-webm: 4f35f7cbe854078d1ac9338744f61a02 -> 
  custom:video-encoder-webm-vp8: eb34c28f22e8b96e1ab97ce403110664 -> 
  custom:audio-encoder-webm-vorbis: bf7c407c2cedff20999df2af8eb42d56 -> 
  custom:container-demuxer-ogg: 62fdf1f143b41e24485cea50d1cbac27 -> 
  custom:video-decoder-webm-vp8: 9c59270c3fd7afecdb556c50c9e8de78 -> 
  custom:audio-decoder-ogg-vorbis: bf7c407c2cedff20999df2af8eb42d56 -> 
========================================================================
Received Prepare
Registering precompiled user dll's ...
Registered in 0.003748 seconds.
Begin MonoManager ReloadAssembly
Symbol file LoadedFromMemory doesn't match image /home/carei/Unity/!GitHub/Ultimate-Viking-Chess/Ultimate Viking Chess/Library/PackageCache/com.unity.visualscripting@1.7.8/Editor/VisualScripting.Core/Dependencies/YamlDotNet/Unity.VisualScripting.YamlDotNet.dll
Symbol file LoadedFromMemory doesn't match image /home/carei/Unity/!GitHub/Ultimate-Viking-Chess/Ultimate Viking Chess/Library/PackageCache/com.unity.visualscripting@1.7.8/Editor/VisualScripting.Core/Dependencies/DotNetZip/Unity.VisualScripting.IonicZip.dll
Native extension for LinuxStandalone target not found
Native extension for WindowsStandalone target not found
Native extension for Android target not found
Native extension for OSXStandalone target not found
Native extension for WebGL target not found
Refreshing native plugins compatible for Editor in 0.72 ms, found 0 plugins.
Preloading 0 native plugins for Editor in 0.00 ms.
Mono: successfully reloaded assembly
- Completed reload, in  1.243 seconds
Domain Reload Profiling:
	ReloadAssembly (1244ms)
		BeginReloadAssembly (142ms)
			ExecutionOrderSort (0ms)
			DisableScriptedObjects (6ms)
			BackupInstance (0ms)
			ReleaseScriptingObjects (0ms)
			CreateAndSetChildDomain (40ms)
		EndReloadAssembly (976ms)
			LoadAssemblies (78ms)
			RebuildTransferFunctionScriptingTraits (0ms)
			SetupTypeCache (374ms)
			ReleaseScriptCaches (1ms)
			RebuildScriptCaches (58ms)
			SetupLoadedEditorAssemblies (399ms)
				LogAssemblyErrors (0ms)
				InitializePlatformSupportModulesInManaged (36ms)
				SetLoadedEditorAssemblies (1ms)
				RefreshPlugins (1ms)
				BeforeProcessingInitializeOnLoad (79ms)
				ProcessInitializeOnLoadAttributes (249ms)
				ProcessInitializeOnLoadMethodAttributes (28ms)
				AfterProcessingInitializeOnLoad (6ms)
				EditorAssembliesLoaded (0ms)
			ExecutionOrderSort2 (0ms)
			AwakeInstancesAfterBackupRestoration (5ms)
Platform modules already initialized, skipping
Refreshing native plugins compatible for Editor in 1.79 ms, found 0 plugins.
Preloading 0 native plugins for Editor in 0.00 ms.
Unloading 3441 Unused Serialized files (Serialized files now loaded: 0)
Unloading 20 unused Assets / (58.3 KB). Loaded Objects now: 3977.
Memory consumption went from 119.1 MB to 119.1 MB.
Total: 3.957079 ms (FindLiveObjects: 0.324934 ms CreateObjectMapping: 0.267974 ms MarkObjects: 3.113783 ms  DeleteObjects: 0.248750 ms)

AssetImportParameters requested are different than current active one (requested -> active):
  custom:video-decoder-ogg-theora: a1e56fd34408186e4bbccfd4996cb3dc -> 
  custom:container-muxer-webm: aa71ff27fc2769a1b78a27578f13a17b -> 
  custom:container-demuxer-webm: 4f35f7cbe854078d1ac9338744f61a02 -> 
  custom:video-encoder-webm-vp8: eb34c28f22e8b96e1ab97ce403110664 -> 
  custom:audio-encoder-webm-vorbis: bf7c407c2cedff20999df2af8eb42d56 -> 
  custom:container-demuxer-ogg: 62fdf1f143b41e24485cea50d1cbac27 -> 
  custom:video-decoder-webm-vp8: 9c59270c3fd7afecdb556c50c9e8de78 -> 
  custom:audio-decoder-ogg-vorbis: bf7c407c2cedff20999df2af8eb42d56 -> 
========================================================================
Received Import Request.
  Time since last request: 2117.450307 seconds.
  path: Assets/1Downloads/PolygonVikings/Models/ImportedModels/SM_Bld_Base_Door_01.fbx
  artifactKey: Guid(c4bbe1fb665344f41981f07cebada69f) Importer(815301076,1909f56bfc062723c751e8b465ee728b)
Start importing Assets/1Downloads/PolygonVikings/Models/ImportedModels/SM_Bld_Base_Door_01.fbx using Guid(c4bbe1fb665344f41981f07cebada69f) Importer(815301076,1909f56bfc062723c751e8b465ee728b)  -> (artifact id: '9426a00bd7c74865a9a665e54e5d8d2a') in 0.110070 seconds 
========================================================================
Received Import Request.
  Time since last request: 0.000042 seconds.
  path: Assets/1Downloads/PolygonVikings/Prefabs/Snow_Variant/SM_Bld_Base_Door_02_Snow.prefab
  artifactKey: Guid(0a79e4c9caaea9845a6de931089ed82b) Importer(815301076,1909f56bfc062723c751e8b465ee728b)
Start importing Assets/1Downloads/PolygonVikings/Prefabs/Snow_Variant/SM_Bld_Base_Door_02_Snow.prefab using Guid(0a79e4c9caaea9845a6de931089ed82b) Importer(815301076,1909f56bfc062723c751e8b465ee728b)  -> (artifact id: '5702b61c028be871ae225a1781507611') in 0.016776 seconds 
========================================================================
Received Import Request.
  Time since last request: 0.000032 seconds.
  path: Assets/1Downloads/PolygonVikings/Models/ImportedModels/SM_Bld_Base_Long_Door_02.fbx
  artifactKey: Guid(ef1c98c9f430bdb428d6979c05ed7342) Importer(815301076,1909f56bfc062723c751e8b465ee728b)
Start importing Assets/1Downloads/PolygonVikings/Models/ImportedModels/SM_Bld_Base_Long_Door_02.fbx using Guid(ef1c98c9f430bdb428d6979c05ed7342) Importer(815301076,1909f56bfc062723c751e8b465ee728b)  -> (artifact id: '29dad402c9d752ef1038099b9f5b645a') in 0.033103 seconds 
========================================================================
Received Import Request.
  Time since last request: 0.000074 seconds.
  path: Assets/1Downloads/PolygonVikings/Models/Collisions/SM_Bld_Base_Long_Door_01_Convex.asset
  artifactKey: Guid(f754c38b7aa922f4baa5ee5150ad6578) Importer(815301076,1909f56bfc062723c751e8b465ee728b)
Start importing Assets/1Downloads/PolygonVikings/Models/Collisions/SM_Bld_Base_Long_Door_01_Convex.asset using Guid(f754c38b7aa922f4baa5ee5150ad6578) Importer(815301076,1909f56bfc062723c751e8b465ee728b)  -> (artifact id: '2bb115376912e41c883bc0029af3dc9b') in 0.006774 seconds 
========================================================================
Received Import Request.
  Time since last request: 0.000042 seconds.
  path: Assets/1Downloads/PolygonVikings/Prefabs/Buildings/SM_Bld_Base_Long_Door_01.prefab
  artifactKey: Guid(b9358ccd4482f664fa2aa7c261afc1d3) Importer(815301076,1909f56bfc062723c751e8b465ee728b)
Start importing Assets/1Downloads/PolygonVikings/Prefabs/Buildings/SM_Bld_Base_Long_Door_01.prefab using Guid(b9358ccd4482f664fa2aa7c261afc1d3) Importer(815301076,1909f56bfc062723c751e8b465ee728b)  -> (artifact id: '4388273151ec8e4628e58fa53bd38c99') in 0.018823 seconds 
========================================================================
Received Import Request.
  Time since last request: 0.000028 seconds.
  path: Assets/1Downloads/PolygonVikings/Models/Collisions/SM_Bld_Base_Long_Door_01_Snow_Convex.asset
  artifactKey: Guid(c049f7aca12ec6047a61a6bd32afb931) Importer(815301076,1909f56bfc062723c751e8b465ee728b)
Start importing Assets/1Downloads/PolygonVikings/Models/Collisions/SM_Bld_Base_Long_Door_01_Snow_Convex.asset using Guid(c049f7aca12ec6047a61a6bd32afb931) Importer(815301076,1909f56bfc062723c751e8b465ee728b)  -> (artifact id: 'baa7d2b6ece3256c631bf000565a8fa5') in 0.009410 seconds 
========================================================================
Received Import Request.
  Time since last request: 0.000025 seconds.
  path: Assets/1Downloads/PolygonVikings/Prefabs/Snow_Variant/SM_Bld_Base_Long_Door_02_Snow.prefab
  artifactKey: Guid(98840a50ba9afab4ba1df1883f871ce2) Importer(815301076,1909f56bfc062723c751e8b465ee728b)
Start importing Assets/1Downloads/PolygonVikings/Prefabs/Snow_Variant/SM_Bld_Base_Long_Door_02_Snow.prefab using Guid(98840a50ba9afab4ba1df1883f871ce2) Importer(815301076,1909f56bfc062723c751e8b465ee728b)  -> (artifact id: 'b626d3e7b4b7b9e2e9eb7842b098b55e') in 0.017163 seconds 
========================================================================
Received Import Request.
  Time since last request: 0.000037 seconds.
  path: Assets/1Downloads/PolygonVikings/Models/Collisions/SM_Bld_Base_Door_01_Convex 1.asset
  artifactKey: Guid(2809625d1487d3a438f332d4bc7ac8c0) Importer(815301076,1909f56bfc062723c751e8b465ee728b)
Start importing Assets/1Downloads/PolygonVikings/Models/Collisions/SM_Bld_Base_Door_01_Convex 1.asset using Guid(2809625d1487d3a438f332d4bc7ac8c0) Importer(815301076,1909f56bfc062723c751e8b465ee728b)  -> (artifact id: '11d78dd521f69c56daed52b6fa46c2c2') in 0.018000 seconds 
========================================================================
Received Import Request.
  Time since last request: 0.000029 seconds.
  path: Assets/1Downloads/PolygonVikings/Models/ImportedModels/SM_Bld_Door_01.fbx
  artifactKey: Guid(d7bfdc11690d5304495a00f77c6b9b09) Importer(815301076,1909f56bfc062723c751e8b465ee728b)
Start importing Assets/1Downloads/PolygonVikings/Models/ImportedModels/SM_Bld_Door_01.fbx using Guid(d7bfdc11690d5304495a00f77c6b9b09) Importer(815301076,1909f56bfc062723c751e8b465ee728b)  -> (artifact id: '9322cd099faea0fa118ce95f6ecc4236') in 0.024203 seconds 
========================================================================
Received Import Request.
  Time since last request: 0.000028 seconds.
  path: Assets/1Downloads/PolygonVikings/Prefabs/Buildings/SM_Bld_Base_Long_Door_02.prefab
  artifactKey: Guid(b0e892b7ad1280442a2b9c22d6b94ad9) Importer(815301076,1909f56bfc062723c751e8b465ee728b)
Start importing Assets/1Downloads/PolygonVikings/Prefabs/Buildings/SM_Bld_Base_Long_Door_02.prefab using Guid(b0e892b7ad1280442a2b9c22d6b94ad9) Importer(815301076,1909f56bfc062723c751e8b465ee728b)  -> (artifact id: '2812d935f0ffd6ca99527cc5fd57ef4e') in 0.010374 seconds 
========================================================================
Received Import Request.
  Time since last request: 0.000042 seconds.
  path: Assets/1Downloads/PolygonVikings/Prefabs/Buildings/SM_Bld_Base_Door_02.prefab
  artifactKey: Guid(165d7a5c0b356144e9bc4b49425f1548) Importer(815301076,1909f56bfc062723c751e8b465ee728b)
Start importing Assets/1Downloads/PolygonVikings/Prefabs/Buildings/SM_Bld_Base_Door_02.prefab using Guid(165d7a5c0b356144e9bc4b49425f1548) Importer(815301076,1909f56bfc062723c751e8b465ee728b)  -> (artifact id: 'bc016c6e4583537390d6398bd5ee5091') in 0.019587 seconds 
========================================================================
Received Import Request.
  Time since last request: 0.000123 seconds.
  path: Assets/1Downloads/PolygonVikings/Models/ImportedModels/SM_Bld_Base_Long_Door_01.fbx
  artifactKey: Guid(ae9e7f398423b86498431134ea10cb75) Importer(815301076,1909f56bfc062723c751e8b465ee728b)
Start importing Assets/1Downloads/PolygonVikings/Models/ImportedModels/SM_Bld_Base_Long_Door_01.fbx using Guid(ae9e7f398423b86498431134ea10cb75) Importer(815301076,1909f56bfc062723c751e8b465ee728b)  -> (artifact id: 'b8e7d262d9fa4fee7be1cbfe756a0001') in 0.026990 seconds 
========================================================================
Received Import Request.
  Time since last request: 0.000138 seconds.
  path: Assets/1Downloads/PolygonVikings/Prefabs/Snow_Variant/SM_Bld_Base_Door_01_Snow.prefab
  artifactKey: Guid(0256e15017e583743a23c01986dcef04) Importer(815301076,1909f56bfc062723c751e8b465ee728b)
Start importing Assets/1Downloads/PolygonVikings/Prefabs/Snow_Variant/SM_Bld_Base_Door_01_Snow.prefab using Guid(0256e15017e583743a23c01986dcef04) Importer(815301076,1909f56bfc062723c751e8b465ee728b)  -> (artifact id: '9f9faadd35170ba77dcfd096eecb5fcf') in 0.012498 seconds 
========================================================================
Received Import Request.
  Time since last request: 0.000039 seconds.
  path: Assets/1Downloads/PolygonVikings/Models/ImportedModels/Snow/SM_Bld_Base_Door_02_Snow.fbx
  artifactKey: Guid(7be08525a413d244eb54991b565241c9) Importer(815301076,1909f56bfc062723c751e8b465ee728b)
Start importing Assets/1Downloads/PolygonVikings/Models/ImportedModels/Snow/SM_Bld_Base_Door_02_Snow.fbx using Guid(7be08525a413d244eb54991b565241c9) Importer(815301076,1909f56bfc062723c751e8b465ee728b)  -> (artifact id: 'f1680d7fdf813730f15fe573d340281a') in 0.048954 seconds 
========================================================================
Received Import Request.
  Time since last request: 0.000028 seconds.
  path: Assets/1Downloads/PolygonVikings/Prefabs/Snow_Variant/SM_Bld_Base_Long_Door_01_Snow.prefab
  artifactKey: Guid(f710ef7eabd9cf04e8641a7388d5b364) Importer(815301076,1909f56bfc062723c751e8b465ee728b)
Start importing Assets/1Downloads/PolygonVikings/Prefabs/Snow_Variant/SM_Bld_Base_Long_Door_01_Snow.prefab using Guid(f710ef7eabd9cf04e8641a7388d5b364) Importer(815301076,1909f56bfc062723c751e8b465ee728b)  -> (artifact id: '74921d2ecc31e4e0503a54069a14cdb0') in 0.016464 seconds 
========================================================================
Received Import Request.
  Time since last request: 342.178998 seconds.
  path: Assets/1Downloads/PolygonVikings/Models/ImportedModels/SM_Bld_Roof_Window_01.fbx
  artifactKey: Guid(28095b47b4e6a1f449a6f755f3aa5e6c) Importer(815301076,1909f56bfc062723c751e8b465ee728b)
Start importing Assets/1Downloads/PolygonVikings/Models/ImportedModels/SM_Bld_Roof_Window_01.fbx using Guid(28095b47b4e6a1f449a6f755f3aa5e6c) Importer(815301076,1909f56bfc062723c751e8b465ee728b)  -> (artifact id: '605ae498ac9ab5b985cfa248d5ed7d26') in 0.011126 seconds 
========================================================================
Received Import Request.
  Time since last request: 0.000018 seconds.
  path: Assets/1Downloads/PolygonVikings/Prefabs/Snow_Variant/SM_Bld_Window_01_Snow.prefab
  artifactKey: Guid(832794eadce60254daa507984bdeebed) Importer(815301076,1909f56bfc062723c751e8b465ee728b)
Start importing Assets/1Downloads/PolygonVikings/Prefabs/Snow_Variant/SM_Bld_Window_01_Snow.prefab using Guid(832794eadce60254daa507984bdeebed) Importer(815301076,1909f56bfc062723c751e8b465ee728b)  -> (artifact id: '58c99d87632b384b103aef6cf099df15') in 0.009986 seconds 
========================================================================
Received Import Request.
  Time since last request: 0.000023 seconds.
  path: Assets/1Downloads/PolygonVikings/Models/Collisions/SM_Bld_Roof_Window_01_Snow_Convex 1.asset
  artifactKey: Guid(13dd0bdace6793045889296d8576a2de) Importer(815301076,1909f56bfc062723c751e8b465ee728b)
Start importing Assets/1Downloads/PolygonVikings/Models/Collisions/SM_Bld_Roof_Window_01_Snow_Convex 1.asset using Guid(13dd0bdace6793045889296d8576a2de) Importer(815301076,1909f56bfc062723c751e8b465ee728b)  -> (artifact id: '30697529576137aa4f1c849117a98470') in 0.051252 seconds 
========================================================================
Received Import Request.
  Time since last request: 0.000033 seconds.
  path: Assets/1Downloads/PolygonVikings/Models/Collisions/SM_Bld_Window_01_Snow_Convex 1.asset
  artifactKey: Guid(7a16b77e407cc344eaba7bdb3812132c) Importer(815301076,1909f56bfc062723c751e8b465ee728b)
Start importing Assets/1Downloads/PolygonVikings/Models/Collisions/SM_Bld_Window_01_Snow_Convex 1.asset using Guid(7a16b77e407cc344eaba7bdb3812132c) Importer(815301076,1909f56bfc062723c751e8b465ee728b)  -> (artifact id: '588772fd1f2090aa4153872095bc1620') in 0.018637 seconds 
========================================================================
Received Import Request.
  Time since last request: 0.000052 seconds.
  path: Assets/Pier_house 2/Tex/Window.png
  artifactKey: Guid(70edb3316bd0e1544aff16b0cbba4904) Importer(815301076,1909f56bfc062723c751e8b465ee728b)
Start importing Assets/Pier_house 2/Tex/Window.png using Guid(70edb3316bd0e1544aff16b0cbba4904) Importer(815301076,1909f56bfc062723c751e8b465ee728b)  -> (artifact id: 'fa87d039e1d0c95f5f5592842d84210b') in 0.034832 seconds 
========================================================================
Received Import Request.
  Time since last request: 0.000045 seconds.
  path: Assets/1Downloads/PolygonVikings/Models/Collisions/SM_Bld_Roof_Window_01_Snow_Convex.asset
  artifactKey: Guid(1eb82e43d81aca041ac6215beaf7d769) Importer(815301076,1909f56bfc062723c751e8b465ee728b)
Start importing Assets/1Downloads/PolygonVikings/Models/Collisions/SM_Bld_Roof_Window_01_Snow_Convex.asset using Guid(1eb82e43d81aca041ac6215beaf7d769) Importer(815301076,1909f56bfc062723c751e8b465ee728b)  -> (artifact id: 'd72e141570314a30b40d7c0503cafcfb') in 0.018483 seconds 
========================================================================
Received Import Request.
  Time since last request: 0.000042 seconds.
  path: Assets/1Downloads/PolygonVikings/Models/ImportedModels/Snow/SM_Bld_Window_01_Snow.fbx
  artifactKey: Guid(0598413b0e6edd340b89368481cc1fe3) Importer(815301076,1909f56bfc062723c751e8b465ee728b)
Start importing Assets/1Downloads/PolygonVikings/Models/ImportedModels/Snow/SM_Bld_Window_01_Snow.fbx using Guid(0598413b0e6edd340b89368481cc1fe3) Importer(815301076,1909f56bfc062723c751e8b465ee728b)  -> (artifact id: '391c0e3a7b2e831b0aab5a086b292c81') in 0.028643 seconds 
========================================================================
Received Import Request.
  Time since last request: 0.000037 seconds.
  path: Assets/Pier_house 2/Tex/Window_DISP.png
  artifactKey: Guid(6ceb725e265e3c7489e9fa5c8b5df5fa) Importer(815301076,1909f56bfc062723c751e8b465ee728b)
Start importing Assets/Pier_house 2/Tex/Window_DISP.png using Guid(6ceb725e265e3c7489e9fa5c8b5df5fa) Importer(815301076,1909f56bfc062723c751e8b465ee728b)  -> (artifact id: 'cab2839725bbb347b4390f1471d801f9') in 0.023184 seconds 
========================================================================
Received Prepare
Registering precompiled user dll's ...
Registered in 0.003785 seconds.
Begin MonoManager ReloadAssembly
Symbol file LoadedFromMemory doesn't match image /home/carei/Unity/!GitHub/Ultimate-Viking-Chess/Ultimate Viking Chess/Library/PackageCache/com.unity.visualscripting@1.7.8/Editor/VisualScripting.Core/Dependencies/YamlDotNet/Unity.VisualScripting.YamlDotNet.dll
Symbol file LoadedFromMemory doesn't match image /home/carei/Unity/!GitHub/Ultimate-Viking-Chess/Ultimate Viking Chess/Library/PackageCache/com.unity.visualscripting@1.7.8/Editor/VisualScripting.Core/Dependencies/DotNetZip/Unity.VisualScripting.IonicZip.dll
Native extension for LinuxStandalone target not found
Native extension for WindowsStandalone target not found
Native extension for Android target not found
Native extension for OSXStandalone target not found
Native extension for WebGL target not found
Refreshing native plugins compatible for Editor in 1.16 ms, found 0 plugins.
Preloading 0 native plugins for Editor in 0.00 ms.
Mono: successfully reloaded assembly
- Completed reload, in  1.303 seconds
Domain Reload Profiling:
	ReloadAssembly (1304ms)
		BeginReloadAssembly (131ms)
			ExecutionOrderSort (0ms)
			DisableScriptedObjects (5ms)
			BackupInstance (0ms)
			ReleaseScriptingObjects (0ms)
			CreateAndSetChildDomain (50ms)
		EndReloadAssembly (1060ms)
			LoadAssemblies (59ms)
			RebuildTransferFunctionScriptingTraits (0ms)
			SetupTypeCache (327ms)
			ReleaseScriptCaches (1ms)
			RebuildScriptCaches (50ms)
			SetupLoadedEditorAssemblies (543ms)
				LogAssemblyErrors (0ms)
				InitializePlatformSupportModulesInManaged (55ms)
				SetLoadedEditorAssemblies (3ms)
				RefreshPlugins (1ms)
				BeforeProcessingInitializeOnLoad (114ms)
				ProcessInitializeOnLoadAttributes (320ms)
				ProcessInitializeOnLoadMethodAttributes (41ms)
				AfterProcessingInitializeOnLoad (9ms)
				EditorAssembliesLoaded (0ms)
			ExecutionOrderSort2 (0ms)
			AwakeInstancesAfterBackupRestoration (5ms)
Platform modules already initialized, skipping
Refreshing native plugins compatible for Editor in 3.70 ms, found 0 plugins.
Preloading 0 native plugins for Editor in 0.00 ms.
Unloading 3441 Unused Serialized files (Serialized files now loaded: 0)
Unloading 20 unused Assets / (58.3 KB). Loaded Objects now: 3984.
Memory consumption went from 119.3 MB to 119.2 MB.
Total: 4.810516 ms (FindLiveObjects: 0.321340 ms CreateObjectMapping: 0.216849 ms MarkObjects: 4.109210 ms  DeleteObjects: 0.161269 ms)

AssetImportParameters requested are different than current active one (requested -> active):
  custom:video-decoder-ogg-theora: a1e56fd34408186e4bbccfd4996cb3dc -> 
  custom:container-muxer-webm: aa71ff27fc2769a1b78a27578f13a17b -> 
  custom:container-demuxer-webm: 4f35f7cbe854078d1ac9338744f61a02 -> 
  custom:video-encoder-webm-vp8: eb34c28f22e8b96e1ab97ce403110664 -> 
  custom:audio-encoder-webm-vorbis: bf7c407c2cedff20999df2af8eb42d56 -> 
  custom:container-demuxer-ogg: 62fdf1f143b41e24485cea50d1cbac27 -> 
  custom:video-decoder-webm-vp8: 9c59270c3fd7afecdb556c50c9e8de78 -> 
  custom:audio-decoder-ogg-vorbis: bf7c407c2cedff20999df2af8eb42d56 -> 
========================================================================
Received Prepare
Registering precompiled user dll's ...
Registered in 0.003912 seconds.
Begin MonoManager ReloadAssembly
Symbol file LoadedFromMemory doesn't match image /home/carei/Unity/!GitHub/Ultimate-Viking-Chess/Ultimate Viking Chess/Library/PackageCache/com.unity.visualscripting@1.7.8/Editor/VisualScripting.Core/Dependencies/YamlDotNet/Unity.VisualScripting.YamlDotNet.dll
Symbol file LoadedFromMemory doesn't match image /home/carei/Unity/!GitHub/Ultimate-Viking-Chess/Ultimate Viking Chess/Library/PackageCache/com.unity.visualscripting@1.7.8/Editor/VisualScripting.Core/Dependencies/DotNetZip/Unity.VisualScripting.IonicZip.dll
Native extension for LinuxStandalone target not found
Native extension for WindowsStandalone target not found
Native extension for Android target not found
Native extension for OSXStandalone target not found
Native extension for WebGL target not found
Refreshing native plugins compatible for Editor in 1.01 ms, found 0 plugins.
Preloading 0 native plugins for Editor in 0.00 ms.
Mono: successfully reloaded assembly
- Completed reload, in  1.417 seconds
Domain Reload Profiling:
	ReloadAssembly (1418ms)
		BeginReloadAssembly (144ms)
			ExecutionOrderSort (0ms)
			DisableScriptedObjects (6ms)
			BackupInstance (0ms)
			ReleaseScriptingObjects (0ms)
			CreateAndSetChildDomain (43ms)
		EndReloadAssembly (1155ms)
			LoadAssemblies (77ms)
			RebuildTransferFunctionScriptingTraits (0ms)
			SetupTypeCache (317ms)
			ReleaseScriptCaches (2ms)
			RebuildScriptCaches (122ms)
			SetupLoadedEditorAssemblies (532ms)
				LogAssemblyErrors (0ms)
				InitializePlatformSupportModulesInManaged (47ms)
				SetLoadedEditorAssemblies (1ms)
				RefreshPlugins (1ms)
				BeforeProcessingInitializeOnLoad (96ms)
				ProcessInitializeOnLoadAttributes (341ms)
				ProcessInitializeOnLoadMethodAttributes (37ms)
				AfterProcessingInitializeOnLoad (9ms)
				EditorAssembliesLoaded (0ms)
			ExecutionOrderSort2 (0ms)
			AwakeInstancesAfterBackupRestoration (5ms)
Platform modules already initialized, skipping
Refreshing native plugins compatible for Editor in 3.70 ms, found 0 plugins.
Preloading 0 native plugins for Editor in 0.00 ms.
Unloading 3441 Unused Serialized files (Serialized files now loaded: 0)
Unloading 20 unused Assets / (58.4 KB). Loaded Objects now: 3987.
Memory consumption went from 119.3 MB to 119.3 MB.
Total: 5.640273 ms (FindLiveObjects: 0.684238 ms CreateObjectMapping: 0.741122 ms MarkObjects: 3.993284 ms  DeleteObjects: 0.217638 ms)

AssetImportParameters requested are different than current active one (requested -> active):
  custom:video-decoder-ogg-theora: a1e56fd34408186e4bbccfd4996cb3dc -> 
  custom:container-muxer-webm: aa71ff27fc2769a1b78a27578f13a17b -> 
  custom:container-demuxer-webm: 4f35f7cbe854078d1ac9338744f61a02 -> 
  custom:video-encoder-webm-vp8: eb34c28f22e8b96e1ab97ce403110664 -> 
  custom:audio-encoder-webm-vorbis: bf7c407c2cedff20999df2af8eb42d56 -> 
  custom:container-demuxer-ogg: 62fdf1f143b41e24485cea50d1cbac27 -> 
  custom:video-decoder-webm-vp8: 9c59270c3fd7afecdb556c50c9e8de78 -> 
  custom:audio-decoder-ogg-vorbis: bf7c407c2cedff20999df2af8eb42d56 -> 
